##
## DAIDALUSj V-2.0.4-FormalATM-v2.7.5
##

# Daidalus Object
# V-2.0.4
# Bands Parameters
lookahead_time = 60.0 [s]
left_hdir = 180.0 [deg]
right_hdir = 180.0 [deg]
min_airspeed = 10.0 [knot]
min_hs = 10.0 [knot]
max_hs = 700.0 [knot]
min_vs = -6000.0 [fpm]
max_vs = 6000.0 [fpm]
min_alt = 100.0 [ft]
max_alt = 50000.0 [ft]
# Relative Bands Parameters
below_relative_hs = 0.0 [knot]
above_relative_hs = 0.0 [knot]
below_relative_vs = 0.0 [fpm]
above_relative_vs = 0.0 [fpm]
below_relative_alt = 0.0 [ft]
above_relative_alt = 0.0 [ft]
# Kinematic Parameters
step_hdir = 1.0 [deg]
step_hs = 5.0 [knot]
step_vs = 100.0 [fpm]
step_alt = 100.0 [ft]
horizontal_accel = 2.0 [m/s^2]
vertical_accel = 0.25 [G]
turn_rate = 3.0 [deg/s]
bank_angle = 0.0 [deg]
vertical_rate = 1500.0 [fpm]
# Recovery Bands Parameters
min_horizontal_recovery = 0.0 [nmi]
min_vertical_recovery = 0.0 [ft]
recovery_hdir = true
recovery_hs = true
recovery_vs = true
recovery_alt = true
# Collision Avoidance Bands Parameters
ca_bands = true
ca_factor = 0.1
horizontal_nmac = 500.0 [ft]
vertical_nmac = 100.0 [ft]
# Hysteresis and persistence parameters
recovery_stability_time = 3.0 [s]
hysteresis_time = 0.0 [s]
persistence_time = 0.0 [s]
bands_persistence = false
persistence_preferred_hdir = 0.0 [deg]
persistence_preferred_hs = 0.0 [knot]
persistence_preferred_vs = 0.0 [fpm]
persistence_preferred_alt = 0.0 [ft]
alerting_m = 0
alerting_n = 0
# Implicit Coordination Parameters
conflict_crit = false
recovery_crit = false
# Sensor Uncertainty Mitigation Parameters
h_pos_z_score = 0.0
h_vel_z_score_min = 0.0
h_vel_z_score_max = 0.0
h_vel_z_distance = 0.0 [nmi]
v_pos_z_score = 0.0
v_vel_z_score = 0.0
# Horizontal Contour Threshold
contour_thr = 180.0 [deg]
# DAA Terminal Area Logic (0:Disabled, 1:Horizontal Recovery Enabled, -1:Horizontal Recovery Disabled)
dta_logic = 0
dta_latitude = 0.0 [deg]
dta_longitude = 0.0 [deg]
dta_radius = 0.0 [nmi]
dta_height = 0.0 [ft]
dta_alerter = 0
# Horizontal Direction Bands Logic When Below Min Airspeed (O:Disabled, 1:Instantaneous, -1:Kinematic)
hdir_bands_below_min_as = 0
# Alerting Logic
ownship_centric_alerting = true
bands_add_time_to_maneuver = false
corrective_region = NEAR
alerters = TCASII
TCASII_alert_1_region = NONE
TCASII_alert_1_alerting_time = 0.0 [s]
TCASII_alert_1_early_alerting_time = 0.0 [s]
TCASII_alert_1_spread_hdir = 0.0 [deg]
TCASII_alert_1_spread_hs = 0.0 [knot]
TCASII_alert_1_spread_vs = 0.0 [fpm]
TCASII_alert_1_spread_alt = 0.0 [ft]
TCASII_alert_1_detector = det_1
TCASII_det_1_TCAS_HMDFilter = false
TCASII_det_1_TCAS_level_1 = 0.0 [ft]
TCASII_det_1_TCAS_level_2 = 1000.0 [ft]
TCASII_det_1_TCAS_level_3 = 2350.0 [ft]
TCASII_det_1_TCAS_level_4 = 5000.0 [ft]
TCASII_det_1_TCAS_level_5 = 10000.0 [ft]
TCASII_det_1_TCAS_level_6 = 20000.0 [ft]
TCASII_det_1_TCAS_level_7 = 42000.0 [ft]
TCASII_det_1_TCAS_TAU_1 = 0.0 [s]
TCASII_det_1_TCAS_TAU_2 = 20.0 [s]
TCASII_det_1_TCAS_TAU_3 = 25.0 [s]
TCASII_det_1_TCAS_TAU_4 = 30.0 [s]
TCASII_det_1_TCAS_TAU_5 = 40.0 [s]
TCASII_det_1_TCAS_TAU_6 = 45.0 [s]
TCASII_det_1_TCAS_TAU_7 = 48.0 [s]
TCASII_det_1_TCAS_TAU_8 = 48.0 [s]
TCASII_det_1_TCAS_TCOA_1 = 0.0 [s]
TCASII_det_1_TCAS_TCOA_2 = 20.0 [s]
TCASII_det_1_TCAS_TCOA_3 = 25.0 [s]
TCASII_det_1_TCAS_TCOA_4 = 30.0 [s]
TCASII_det_1_TCAS_TCOA_5 = 40.0 [s]
TCASII_det_1_TCAS_TCOA_6 = 45.0 [s]
TCASII_det_1_TCAS_TCOA_7 = 48.0 [s]
TCASII_det_1_TCAS_TCOA_8 = 48.0 [s]
TCASII_det_1_TCAS_DMOD_1 = 0.0 [nmi]
TCASII_det_1_TCAS_DMOD_2 = 0.3 [nmi]
TCASII_det_1_TCAS_DMOD_3 = 0.33 [nmi]
TCASII_det_1_TCAS_DMOD_4 = 0.48 [nmi]
TCASII_det_1_TCAS_DMOD_5 = 0.75 [nmi]
TCASII_det_1_TCAS_DMOD_6 = 1.0 [nmi]
TCASII_det_1_TCAS_DMOD_7 = 1.3 [nmi]
TCASII_det_1_TCAS_DMOD_8 = 1.3 [nmi]
TCASII_det_1_TCAS_ZTHR_1 = 0.0 [ft]
TCASII_det_1_TCAS_ZTHR_2 = 850.0 [ft]
TCASII_det_1_TCAS_ZTHR_3 = 850.0 [ft]
TCASII_det_1_TCAS_ZTHR_4 = 850.0 [ft]
TCASII_det_1_TCAS_ZTHR_5 = 850.0 [ft]
TCASII_det_1_TCAS_ZTHR_6 = 850.0 [ft]
TCASII_det_1_TCAS_ZTHR_7 = 850.0 [ft]
TCASII_det_1_TCAS_ZTHR_8 = 1200.0 [ft]
TCASII_det_1_TCAS_HMD_1 = 0.0 [ft]
TCASII_det_1_TCAS_HMD_2 = 1822.8346456693 [ft]
TCASII_det_1_TCAS_HMD_3 = 2005.1181102362 [ft]
TCASII_det_1_TCAS_HMD_4 = 2916.5354330709 [ft]
TCASII_det_1_TCAS_HMD_5 = 4557.0866141732 [ft]
TCASII_det_1_TCAS_HMD_6 = 6076.1154855643 [ft]
TCASII_det_1_TCAS_HMD_7 = 7898.9501312336 [ft]
TCASII_det_1_TCAS_HMD_8 = 7898.9501312336 [ft]
TCASII_load_core_detection_det_1 = gov.nasa.larcfm.ACCoRD.TCAS3D
TCASII_alert_2_region = NEAR
TCASII_alert_2_alerting_time = 0.0 [s]
TCASII_alert_2_early_alerting_time = 0.0 [s]
TCASII_alert_2_spread_hdir = 0.0 [deg]
TCASII_alert_2_spread_hs = 0.0 [knot]
TCASII_alert_2_spread_vs = 0.0 [fpm]
TCASII_alert_2_spread_alt = 0.0 [ft]
TCASII_alert_2_detector = det_2
TCASII_det_2_TCAS_HMDFilter = true
TCASII_det_2_TCAS_level_1 = 0.0 [ft]
TCASII_det_2_TCAS_level_2 = 1000.0 [ft]
TCASII_det_2_TCAS_level_3 = 2350.0 [ft]
TCASII_det_2_TCAS_level_4 = 5000.0 [ft]
TCASII_det_2_TCAS_level_5 = 10000.0 [ft]
TCASII_det_2_TCAS_level_6 = 20000.0 [ft]
TCASII_det_2_TCAS_level_7 = 42000.0 [ft]
TCASII_det_2_TCAS_TAU_1 = 0.0 [s]
TCASII_det_2_TCAS_TAU_2 = 0.0 [s]
TCASII_det_2_TCAS_TAU_3 = 15.0 [s]
TCASII_det_2_TCAS_TAU_4 = 20.0 [s]
TCASII_det_2_TCAS_TAU_5 = 25.0 [s]
TCASII_det_2_TCAS_TAU_6 = 30.0 [s]
TCASII_det_2_TCAS_TAU_7 = 35.0 [s]
TCASII_det_2_TCAS_TAU_8 = 35.0 [s]
TCASII_det_2_TCAS_TCOA_1 = 0.0 [s]
TCASII_det_2_TCAS_TCOA_2 = 0.0 [s]
TCASII_det_2_TCAS_TCOA_3 = 15.0 [s]
TCASII_det_2_TCAS_TCOA_4 = 20.0 [s]
TCASII_det_2_TCAS_TCOA_5 = 25.0 [s]
TCASII_det_2_TCAS_TCOA_6 = 30.0 [s]
TCASII_det_2_TCAS_TCOA_7 = 35.0 [s]
TCASII_det_2_TCAS_TCOA_8 = 35.0 [s]
TCASII_det_2_TCAS_DMOD_1 = 0.0 [nmi]
TCASII_det_2_TCAS_DMOD_2 = 0.0 [nmi]
TCASII_det_2_TCAS_DMOD_3 = 0.2 [nmi]
TCASII_det_2_TCAS_DMOD_4 = 0.35 [nmi]
TCASII_det_2_TCAS_DMOD_5 = 0.55 [nmi]
TCASII_det_2_TCAS_DMOD_6 = 0.8 [nmi]
TCASII_det_2_TCAS_DMOD_7 = 1.1 [nmi]
TCASII_det_2_TCAS_DMOD_8 = 1.1 [nmi]
TCASII_det_2_TCAS_ZTHR_1 = 0.0 [ft]
TCASII_det_2_TCAS_ZTHR_2 = 0.0 [ft]
TCASII_det_2_TCAS_ZTHR_3 = 600.0 [ft]
TCASII_det_2_TCAS_ZTHR_4 = 600.0 [ft]
TCASII_det_2_TCAS_ZTHR_5 = 600.0 [ft]
TCASII_det_2_TCAS_ZTHR_6 = 600.0 [ft]
TCASII_det_2_TCAS_ZTHR_7 = 700.0 [ft]
TCASII_det_2_TCAS_ZTHR_8 = 800.0 [ft]
TCASII_det_2_TCAS_HMD_1 = 0.0 [ft]
TCASII_det_2_TCAS_HMD_2 = 0.0 [ft]
TCASII_det_2_TCAS_HMD_3 = 1215.0 [ft]
TCASII_det_2_TCAS_HMD_4 = 2126.0 [ft]
TCASII_det_2_TCAS_HMD_5 = 3342.0 [ft]
TCASII_det_2_TCAS_HMD_6 = 4861.0 [ft]
TCASII_det_2_TCAS_HMD_7 = 6683.0 [ft]
TCASII_det_2_TCAS_HMD_8 = 6683.0 [ft]
TCASII_load_core_detection_det_2 = gov.nasa.larcfm.ACCoRD.TCAS3D
###
NAME lat lon alt trk gs vs heading airspeed time alerter s_EW_std s_NS_std s_EN_std sz_std v_EW_std v_NS_std v_EN_std vz_std
[none] [deg] [deg] [ft] [deg] [knot] [fpm] [deg] [knot] [s] [none] [nmi] [nmi] [nmi] [ft] [knot] [knot] [knot] [fpm]
ownship, 33.95, -96.7, 8700.0, 206.0, 151.0, 0.0, 207.1623882306, 160.4882117114, 0.0, 1, 0.0, 0.0, 0.0, 0.0, 0.0, 0.0, 0.0, 0.0
intruder, 33.86191658, -96.73272601, 9000.0, 0.0, 210.0, 0.0, 358.0043334101, 203.0520906541, 0.0, 1, 0.0, 0.0, 0.0, 0.0, 0.0, 0.0, 0.0, 0.0

Number of Aircraft: 2
Last Aircraft Index: 1

Ownship in conflict for corrective (NEAR) region: false
Predicted Time to Violation of Alert Thresholds at Level 1 with intruder: 15.72 [s]

Conflict Aircraft for Bands Region FAR: {}
Conflict Aircraft for Bands Region MID: {}
Conflict Aircraft for Bands Region NEAR: {}

Ownship Heading: 207.16 [deg]
Region of Current Heading: NONE
Heading Bands [deg,deg]
  NONE:	[0.0, 360.0]
Peripheral Aircraft for Heading Bands Region FAR: {}
Peripheral Aircraft for Heading Bands Region MID: {}
Peripheral Aircraft for Heading Bands Region NEAR: {}
Heading Resolution (right): N/A
Heading Resolution (left): N/A
Preferred Heading Direction: left
Recovery Information for Horizontal Speed Bands:
  Time to Recovery: NaN [s]
  Recovery Horizontal Distance: NaN [nmi]
  Recovery Vertical Distance: NaN [ft]
Ownship Airspeed: 160.49 [knot]
Region of Current Airspeed: NONE
Airspeed Bands [knot,knot]:
  NONE:	[10.0, 240.49]
  NEAR:	[240.49, 700.0]
Peripheral Aircraft for Airspeed Bands Region FAR: {}
Peripheral Aircraft for Airspeed Bands Region MID: {}
Peripheral Aircraft for Airspeed Bands Region NEAR: {intruder}
Airspeed Resolution (up): N/A
Airspeed Resolution (down): N/A
Preferred Airspeed Direction: down
Recovery Information for Horizontal Speed Bands:
  Time to Recovery: NaN [s]
  Recovery Horizontal Distance: NaN [nmi]
  Recovery Vertical Distance: NaN [ft]
Ownship Vertical Speed: 0.0 [fpm]
Region of Current Vertical Speed: NONE
Vertical Speed Bands [fpm,fpm]:
  NONE:	[-6000.0, 6000.0]
Peripheral Aircraft for Vertical Speed Bands Region FAR: {}
Peripheral Aircraft for Vertical Speed Bands Region MID: {}
Peripheral Aircraft for Vertical Speed Bands Region NEAR: {}
Vertical Speed Resolution (up): N/A
Vertical Speed Resolution (down): N/A
Preferred Vertical Speed Direction: down
Recovery Information for Vertical Speed Bands:
  Time to Recovery: NaN [s]
  Recovery Horizontal Distance: NaN [nmi]
  Recovery Vertical Distance: NaN [ft]
Ownship Altitude: 8700.0 [ft]
Region of Current Altitude: NONE
Altitude Bands [ft,ft]:
  NONE:	[100.0, 50000.0]
Peripheral Aircraft for Altitude Bands Region FAR: {}
Peripheral Aircraft for Altitude Bands Region MID: {}
Peripheral Aircraft for Altitude Bands Region NEAR: {}
Altitude Resolution (up): N/A
Altitude Resolution (down): N/A
Preferred Altitude Direction: down
Recovery Information for Altitude Bands:
  Time to Recovery: NaN [s]
  Recovery Horizontal Distance: NaN [nmi]
  Recovery Vertical Distance: NaN [ft]

Last Times to Maneuver with Respect to intruder:
  Heading Maneuver: N/A
  Airspeed Maneuver: N/A
  Vertical Speed Maneuver: N/A
  Altitude Maneuver: N/A

Counter-clockwise Corrective Contour wrt Aircraft intruder: 
(33.9295967659 [deg], -96.7137214128 [deg], 8700.0 [ft]) (33.9297978902 [deg], -96.7141489433 [deg], 8700.0 [ft]) (33.9299944 [deg], -96.7145800475 [deg], 8700.0 [ft]) (33.930186815 [deg], -96.7150150939 [deg], 8700.0 [ft]) (33.9303756126 [deg], -96.7154544564 [deg], 8700.0 [ft]) (33.9305612344 [deg], -96.715898516 [deg], 8700.0 [ft]) (33.9307440917 [deg], -96.7163476619 [deg], 8700.0 [ft]) (33.9309245701 [deg], -96.7168022928 [deg], 8700.0 [ft]) (33.931103033 [deg], -96.717262819 [deg], 8700.0 [ft]) (33.9312798249 [deg], -96.7177296636 [deg], 8700.0 [ft]) (33.9314552742 [deg], -96.7182032652 [deg], 8700.0 [ft]) (33.931629695 [deg], -96.7186840796 [deg], 8700.0 [ft]) (33.9318033894 [deg], -96.7191725829 [deg], 8700.0 [ft]) (33.931976649 [deg], -96.719669274 [deg], 8700.0 [ft]) (33.932149756 [deg], -96.720174678 [deg], 8700.0 [ft]) (33.9323229845 [deg], -96.7206893502 [deg], 8700.0 [ft]) (33.932496601 [deg], -96.7212138806 [deg], 8700.0 [ft]) (33.9326708654 [deg], -96.7217488987 [deg], 8700.0 [ft]) (33.9328460307 [deg], -96.7222950801 [deg], 8700.0 [ft]) (33.9330223438 [deg], -96.7228531534 [deg], 8700.0 [ft]) (33.9332000447 [deg], -96.7234239089 [deg], 8700.0 [ft]) (33.9333793661 [deg], -96.724008209 [deg], 8700.0 [ft]) (33.9335605322 [deg], -96.7246070009 [deg], 8700.0 [ft]) (33.9337437573 [deg], -96.7252213323 [deg], 8700.0 [ft]) (33.9339292433 [deg], -96.7258523702 [deg], 8700.0 [ft]) (33.9341171763 [deg], -96.7265014259 [deg], 8700.0 [ft]) (33.9238911532 [deg], -96.743553908 [deg], 8700.0 [ft]) (33.9232645905 [deg], -96.742997983 [deg], 8700.0 [ft]) (33.9226461714 [deg], -96.7424289729 [deg], 8700.0 [ft]) (33.9220360841 [deg], -96.7418470509 [deg], 8700.0 [ft]) (33.9214345142 [deg], -96.7412523944 [deg], 8700.0 [ft]) (33.9208416449 [deg], -96.7406451847 [deg], 8700.0 [ft]) (33.9202576564 [deg], -96.7400256068 [deg], 8700.0 [ft]) (33.9196827265 [deg], -96.7393938495 [deg], 8700.0 [ft]) (33.9191170302 [deg], -96.7387501053 [deg], 8700.0 [ft]) (33.9185607396 [deg], -96.7380945702 [deg], 8700.0 [ft]) (33.9180140239 [deg], -96.737427444 [deg], 8700.0 [ft]) (33.9174770496 [deg], -96.7367489299 [deg], 8700.0 [ft]) (33.9169499799 [deg], -96.7360592345 [deg], 8700.0 [ft]) (33.9164329752 [deg], -96.7353585679 [deg], 8700.0 [ft]) (33.9159261929 [deg], -96.7346471435 [deg], 8700.0 [ft]) (33.9154297872 [deg], -96.7339251779 [deg], 8700.0 [ft]) (33.9149439089 [deg], -96.7331928909 [deg], 8700.0 [ft]) (33.9144687061 [deg], -96.7324505056 [deg], 8700.0 [ft]) (33.9140043233 [deg], -96.7316982479 [deg], 8700.0 [ft]) (33.9135509016 [deg], -96.7309363468 [deg], 8700.0 [ft]) (33.9131085792 [deg], -96.7301650343 [deg], 8700.0 [ft]) (33.9126774904 [deg], -96.7293845451 [deg], 8700.0 [ft]) (33.9122577666 [deg], -96.7285951169 [deg], 8700.0 [ft]) (33.9118495353 [deg], -96.72779699 [deg], 8700.0 [ft]) (33.9117744388 [deg], -96.7267654004 [deg], 8700.0 [ft]) (33.9121526043 [deg], -96.7254467918 [deg], 8700.0 [ft]) 
Counter-clockwise Corrective Hazard Zone wrt Aircraft intruder: 
(33.9482756398 [deg], -96.689146431 [deg], 8700.0 [ft]) (33.948433032 [deg], -96.6891117958 [deg], 8700.0 [ft]) (33.9485909015 [deg], -96.6890804771 [deg], 8700.0 [ft]) (33.9487492004 [deg], -96.6890524844 [deg], 8700.0 [ft]) (33.9489078805 [deg], -96.6890278263 [deg], 8700.0 [ft]) (33.9490668934 [deg], -96.6890065103 [deg], 8700.0 [ft]) (33.9492261907 [deg], -96.6889885428 [deg], 8700.0 [ft]) (33.9493857238 [deg], -96.6889739295 [deg], 8700.0 [ft]) (33.9495454442 [deg], -96.6889626748 [deg], 8700.0 [ft]) (33.9497053032 [deg], -96.6889547821 [deg], 8700.0 [ft]) (33.9498652521 [deg], -96.6889502538 [deg], 8700.0 [ft]) (33.9500252422 [deg], -96.6889490914 [deg], 8700.0 [ft]) (33.9501852248 [deg], -96.6889512952 [deg], 8700.0 [ft]) (33.9503451511 [deg], -96.6889568646 [deg], 8700.0 [ft]) (33.9505049724 [deg], -96.6889657978 [deg], 8700.0 [ft]) (33.95066464 [deg], -96.6889780923 [deg], 8700.0 [ft]) (33.9508241054 [deg], -96.6889937441 [deg], 8700.0 [ft]) (33.9509833198 [deg], -96.6890127487 [deg], 8700.0 [ft]) (33.9511422349 [deg], -96.6890351003 [deg], 8700.0 [ft]) (33.9513008022 [deg], -96.689060792 [deg], 8700.0 [ft]) (33.9514589734 [deg], -96.689089816 [deg], 8700.0 [ft]) (33.9516167003 [deg], -96.6891221635 [deg], 8700.0 [ft]) (33.9517739348 [deg], -96.6891578248 [deg], 8700.0 [ft]) (33.9519306292 [deg], -96.6891967888 [deg], 8700.0 [ft]) (33.9520867356 [deg], -96.6892390439 [deg], 8700.0 [ft]) (33.9522422065 [deg], -96.6892845771 [deg], 8700.0 [ft]) (33.9523969945 [deg], -96.6893333746 [deg], 8700.0 [ft]) (33.9525510525 [deg], -96.6893854215 [deg], 8700.0 [ft]) (33.9527043335 [deg], -96.689440702 [deg], 8700.0 [ft]) (33.9528567908 [deg], -96.6894991992 [deg], 8700.0 [ft]) (33.9530083781 [deg], -96.6895608954 [deg], 8700.0 [ft]) (33.9531590491 [deg], -96.6896257719 [deg], 8700.0 [ft]) (33.9533087579 [deg], -96.6896938087 [deg], 8700.0 [ft]) (33.9534574589 [deg], -96.6897649853 [deg], 8700.0 [ft]) (33.9536051068 [deg], -96.68983928 [deg], 8700.0 [ft]) (33.9537516567 [deg], -96.6899166701 [deg], 8700.0 [ft]) (33.9538970638 [deg], -96.6899971321 [deg], 8700.0 [ft]) (33.954041284 [deg], -96.6900806415 [deg], 8700.0 [ft]) (33.9541842732 [deg], -96.6901671728 [deg], 8700.0 [ft]) (33.9543259878 [deg], -96.6902566998 [deg], 8700.0 [ft]) (33.9544663848 [deg], -96.6903491951 [deg], 8700.0 [ft]) (33.9546054213 [deg], -96.6904446306 [deg], 8700.0 [ft]) (33.954743055 [deg], -96.6905429772 [deg], 8700.0 [ft]) (33.9548792439 [deg], -96.6906442051 [deg], 8700.0 [ft]) (33.9550139466 [deg], -96.6907482832 [deg], 8700.0 [ft]) (33.9551471221 [deg], -96.6908551801 [deg], 8700.0 [ft]) (33.9552787296 [deg], -96.690964863 [deg], 8700.0 [ft]) (33.9554087292 [deg], -96.6910772987 [deg], 8700.0 [ft]) (33.9555370813 [deg], -96.6911924528 [deg], 8700.0 [ft]) (33.9556637467 [deg], -96.6913102903 [deg], 8700.0 [ft]) (33.9557886868 [deg], -96.6914307753 [deg], 8700.0 [ft]) (33.9559118636 [deg], -96.6915538711 [deg], 8700.0 [ft]) (33.9560332396 [deg], -96.6916795402 [deg], 8700.0 [ft]) (33.9561527778 [deg], -96.6918077443 [deg], 8700.0 [ft]) (33.9562704417 [deg], -96.6919384444 [deg], 8700.0 [ft]) (33.9563861954 [deg], -96.6920716007 [deg], 8700.0 [ft]) (33.9565000039 [deg], -96.6922071726 [deg], 8700.0 [ft]) (33.9566118323 [deg], -96.6923451188 [deg], 8700.0 [ft]) (33.9567216465 [deg], -96.6924853973 [deg], 8700.0 [ft]) (33.9568294133 [deg], -96.6926279654 [deg], 8700.0 [ft]) (33.9569350996 [deg], -96.6927727796 [deg], 8700.0 [ft]) (33.9570386732 [deg], -96.6929197958 [deg], 8700.0 [ft]) (33.9571401028 [deg], -96.6930689693 [deg], 8700.0 [ft]) (33.9572393572 [deg], -96.6932202545 [deg], 8700.0 [ft]) (33.9573364064 [deg], -96.6933736055 [deg], 8700.0 [ft]) (33.9574312207 [deg], -96.6935289754 [deg], 8700.0 [ft]) (33.9575237712 [deg], -96.693686317 [deg], 8700.0 [ft]) (33.9576140297 [deg], -96.6938455823 [deg], 8700.0 [ft]) (33.9577019688 [deg], -96.6940067228 [deg], 8700.0 [ft]) (33.9577875616 [deg], -96.6941696894 [deg], 8700.0 [ft]) (33.9578707821 [deg], -96.6943344325 [deg], 8700.0 [ft]) (33.9579516048 [deg], -96.6945009019 [deg], 8700.0 [ft]) (33.9580300053 [deg], -96.6946690467 [deg], 8700.0 [ft]) (33.9581059595 [deg], -96.6948388159 [deg], 8700.0 [ft]) (33.9581794444 [deg], -96.6950101577 [deg], 8700.0 [ft]) (33.9582504375 [deg], -96.6951830199 [deg], 8700.0 [ft]) (33.9583189173 [deg], -96.6953573499 [deg], 8700.0 [ft]) (33.9583848628 [deg], -96.6955330944 [deg], 8700.0 [ft]) (33.9584482539 [deg], -96.6957102 [deg], 8700.0 [ft]) (33.9585090715 [deg], -96.6958886127 [deg], 8700.0 [ft]) (33.9585672968 [deg], -96.6960682781 [deg], 8700.0 [ft]) (33.9586229122 [deg], -96.6962491416 [deg], 8700.0 [ft]) (33.9586759007 [deg], -96.6964311479 [deg], 8700.0 [ft]) (33.9587262463 [deg], -96.6966142417 [deg], 8700.0 [ft]) (33.9587739334 [deg], -96.6967983671 [deg], 8700.0 [ft]) (33.9588189477 [deg], -96.6969834681 [deg], 8700.0 [ft]) (33.9588612754 [deg], -96.6971694882 [deg], 8700.0 [ft]) (33.9589009035 [deg], -96.6973563708 [deg], 8700.0 [ft]) (33.9589378201 [deg], -96.697544059 [deg], 8700.0 [ft]) (33.9589720139 [deg], -96.6977324954 [deg], 8700.0 [ft]) (33.9590034744 [deg], -96.6979216228 [deg], 8700.0 [ft]) (33.9590321921 [deg], -96.6981113835 [deg], 8700.0 [ft]) (33.9590581582 [deg], -96.6983017197 [deg], 8700.0 [ft]) (33.9590813648 [deg], -96.6984925733 [deg], 8700.0 [ft]) (33.9591018049 [deg], -96.6986838863 [deg], 8700.0 [ft]) (33.9591194721 [deg], -96.6988756003 [deg], 8700.0 [ft]) (33.9591343612 [deg], -96.6990676569 [deg], 8700.0 [ft]) (33.9591464676 [deg], -96.6992599976 [deg], 8700.0 [ft]) (33.9591557876 [deg], -96.6994525638 [deg], 8700.0 [ft]) (33.9591623183 [deg], -96.6996452968 [deg], 8700.0 [ft]) (33.9591660578 [deg], -96.6998381378 [deg], 8700.0 [ft]) (33.9591670049 [deg], -96.7000310282 [deg], 8700.0 [ft]) (33.9591651594 [deg], -96.7002239092 [deg], 8700.0 [ft]) (33.9591605217 [deg], -96.7004167219 [deg], 8700.0 [ft]) (33.9591530934 [deg], -96.7006094076 [deg], 8700.0 [ft]) (33.9591428767 [deg], -96.7008019076 [deg], 8700.0 [ft]) (33.9591298747 [deg], -96.7009941633 [deg], 8700.0 [ft]) (33.9591140913 [deg], -96.7011861161 [deg], 8700.0 [ft]) (33.9590955314 [deg], -96.7013777075 [deg], 8700.0 [ft]) (33.9590742006 [deg], -96.701568879 [deg], 8700.0 [ft]) (33.9590501054 [deg], -96.7017595725 [deg], 8700.0 [ft]) (33.9590232531 [deg], -96.7019497298 [deg], 8700.0 [ft]) (33.9589936521 [deg], -96.7021392931 [deg], 8700.0 [ft]) (33.9589613111 [deg], -96.7023282045 [deg], 8700.0 [ft]) (33.9589262402 [deg], -96.7025164065 [deg], 8700.0 [ft]) (33.95888845 [deg], -96.7027038417 [deg], 8700.0 [ft]) (33.9588479521 [deg], -96.702890453 [deg], 8700.0 [ft]) (33.9588047586 [deg], -96.7030761836 [deg], 8700.0 [ft]) (33.9587588829 [deg], -96.7032609769 [deg], 8700.0 [ft]) (33.9587103389 [deg], -96.7034447765 [deg], 8700.0 [ft]) (33.9586591414 [deg], -96.7036275266 [deg], 8700.0 [ft]) (33.958605306 [deg], -96.7038091713 [deg], 8700.0 [ft]) (33.9585488491 [deg], -96.7039896553 [deg], 8700.0 [ft]) (33.9584897878 [deg], -96.7041689237 [deg], 8700.0 [ft]) (33.9584281403 [deg], -96.7043469218 [deg], 8700.0 [ft]) (33.9583639252 [deg], -96.7045235954 [deg], 8700.0 [ft]) (33.9582971622 [deg], -96.7046988906 [deg], 8700.0 [ft]) (33.9582278716 [deg], -96.7048727541 [deg], 8700.0 [ft]) (33.9581560744 [deg], -96.7050451329 [deg], 8700.0 [ft]) (33.9580817926 [deg], -96.7052159745 [deg], 8700.0 [ft]) (33.9580050489 [deg], -96.7053852267 [deg], 8700.0 [ft]) (33.9579258665 [deg], -96.7055528382 [deg], 8700.0 [ft]) (33.9578442697 [deg], -96.7057187576 [deg], 8700.0 [ft]) (33.9577602832 [deg], -96.7058829347 [deg], 8700.0 [ft]) (33.9576739327 [deg], -96.7060453192 [deg], 8700.0 [ft]) (33.9575852445 [deg], -96.7062058618 [deg], 8700.0 [ft]) (33.9574942455 [deg], -96.7063645135 [deg], 8700.0 [ft]) (33.9574009636 [deg], -96.706521226 [deg], 8700.0 [ft]) (33.9573054272 [deg], -96.7066759515 [deg], 8700.0 [ft]) (33.9572076653 [deg], -96.706828643 [deg], 8700.0 [ft]) (33.9571077078 [deg], -96.7069792538 [deg], 8700.0 [ft]) (33.9570055851 [deg], -96.7071277382 [deg], 8700.0 [ft]) (33.9569013282 [deg], -96.7072740509 [deg], 8700.0 [ft]) (33.9567949691 [deg], -96.7074181473 [deg], 8700.0 [ft]) (33.9566865401 [deg], -96.7075599835 [deg], 8700.0 [ft]) (33.9565760741 [deg], -96.7076995163 [deg], 8700.0 [ft]) (33.956463605 [deg], -96.7078367032 [deg], 8700.0 [ft]) (33.9563491669 [deg], -96.7079715024 [deg], 8700.0 [ft]) (33.9562327948 [deg], -96.7081038729 [deg], 8700.0 [ft]) (33.956114524 [deg], -96.7082337744 [deg], 8700.0 [ft]) (33.9559943906 [deg], -96.7083611672 [deg], 8700.0 [ft]) (33.9558724312 [deg], -96.7084860126 [deg], 8700.0 [ft]) (33.955748683 [deg], -96.7086082725 [deg], 8700.0 [ft]) (33.9556231836 [deg], -96.7087279098 [deg], 8700.0 [ft]) (33.9554959714 [deg], -96.7088448879 [deg], 8700.0 [ft]) (33.955367085 [deg], -96.7089591712 [deg], 8700.0 [ft]) (33.9552365638 [deg], -96.709070725 [deg], 8700.0 [ft]) (33.9551044474 [deg], -96.7091795152 [deg], 8700.0 [ft]) (33.9549707762 [deg], -96.7092855088 [deg], 8700.0 [ft]) (33.9548355908 [deg], -96.7093886734 [deg], 8700.0 [ft]) (33.9546989326 [deg], -96.7094889776 [deg], 8700.0 [ft]) (33.954560843 [deg], -96.7095863909 [deg], 8700.0 [ft]) (33.9544213641 [deg], -96.7096808837 [deg], 8700.0 [ft]) (33.9542805386 [deg], -96.7097724271 [deg], 8700.0 [ft]) (33.9541384092 [deg], -96.7098609933 [deg], 8700.0 [ft]) (33.9539950192 [deg], -96.7099465552 [deg], 8700.0 [ft]) (33.9538504124 [deg], -96.710029087 [deg], 8700.0 [ft]) (33.9537046328 [deg], -96.7101085633 [deg], 8700.0 [ft]) (33.9535577248 [deg], -96.7101849601 [deg], 8700.0 [ft]) (33.9534097331 [deg], -96.7102582541 [deg], 8700.0 [ft]) (33.9532607029 [deg], -96.7103284229 [deg], 8700.0 [ft]) (33.9531106796 [deg], -96.7103954453 [deg], 8700.0 [ft]) (33.9529597088 [deg], -96.7104593007 [deg], 8700.0 [ft]) (33.9528078366 [deg], -96.7105199698 [deg], 8700.0 [ft]) (33.9526551092 [deg], -96.7105774341 [deg], 8700.0 [ft]) (33.9525015731 [deg], -96.7106316761 [deg], 8700.0 [ft]) (33.9523472751 [deg], -96.7106826793 [deg], 8700.0 [ft]) (33.9521922623 [deg], -96.7107304282 [deg], 8700.0 [ft]) (33.9520365818 [deg], -96.7107749083 [deg], 8700.0 [ft]) (33.951880281 [deg], -96.7108161059 [deg], 8700.0 [ft]) (33.9517234076 [deg], -96.7108540087 [deg], 8700.0 [ft]) (33.9117091852 [deg], -96.720081571 [deg], 8700.0 [ft]) (33.9114880304 [deg], -96.7196946942 [deg], 8700.0 [ft]) (33.9112725116 [deg], -96.7193032274 [deg], 8700.0 [ft]) (33.9110626942 [deg], -96.71890729 [deg], 8700.0 [ft]) (33.9108586422 [deg], -96.7185070024 [deg], 8700.0 [ft]) (33.9106604176 [deg], -96.7181024867 [deg], 8700.0 [ft]) (33.9104680808 [deg], -96.7176938658 [deg], 8700.0 [ft]) (33.9102816904 [deg], -96.7172812643 [deg], 8700.0 [ft]) (33.9101013031 [deg], -96.7168648078 [deg], 8700.0 [ft]) (33.9099269738 [deg], -96.716444623 [deg], 8700.0 [ft]) (33.9097587556 [deg], -96.7160208379 [deg], 8700.0 [ft]) (33.9095966996 [deg], -96.7155935815 [deg], 8700.0 [ft]) (33.9094408553 [deg], -96.7151629839 [deg], 8700.0 [ft]) (33.9092912699 [deg], -96.7147291762 [deg], 8700.0 [ft]) (33.9091479892 [deg], -96.7142922903 [deg], 8700.0 [ft]) (33.9090110566 [deg], -96.7138524594 [deg], 8700.0 [ft]) (33.9088805139 [deg], -96.7134098173 [deg], 8700.0 [ft]) (33.9087564007 [deg], -96.7129644988 [deg], 8700.0 [ft]) (33.908638755 [deg], -96.7125166394 [deg], 8700.0 [ft]) (33.9085276124 [deg], -96.7120663754 [deg], 8700.0 [ft]) (33.9084230069 [deg], -96.711613844 [deg], 8700.0 [ft]) (33.9083249702 [deg], -96.7111591828 [deg], 8700.0 [ft]) (33.9082335322 [deg], -96.7107025302 [deg], 8700.0 [ft]) (33.9081487207 [deg], -96.7102440253 [deg], 8700.0 [ft]) (33.9080705616 [deg], -96.7097838077 [deg], 8700.0 [ft]) (33.9079990785 [deg], -96.7093220173 [deg], 8700.0 [ft]) (33.9079342934 [deg], -96.7088587948 [deg], 8700.0 [ft]) (33.9078762259 [deg], -96.7083942811 [deg], 8700.0 [ft]) (33.9078248937 [deg], -96.7079286177 [deg], 8700.0 [ft]) (33.9077803124 [deg], -96.7074619463 [deg], 8700.0 [ft]) (33.9077424955 [deg], -96.7069944089 [deg], 8700.0 [ft]) (33.9077114546 [deg], -96.7065261479 [deg], 8700.0 [ft]) (33.9076871992 [deg], -96.7060573057 [deg], 8700.0 [ft]) (33.9076697366 [deg], -96.705588025 [deg], 8700.0 [ft]) (33.9076590721 [deg], -96.7051184488 [deg], 8700.0 [ft]) (33.9076552089 [deg], -96.7046487198 [deg], 8700.0 [ft]) (33.9076581484 [deg], -96.7041789812 [deg], 8700.0 [ft]) (33.9076678895 [deg], -96.7037093758 [deg], 8700.0 [ft]) (33.9076844292 [deg], -96.7032400467 [deg], 8700.0 [ft]) (33.9077077627 [deg], -96.7027711366 [deg], 8700.0 [ft]) (33.9077378827 [deg], -96.7023027882 [deg], 8700.0 [ft]) (33.9077747801 [deg], -96.7018351442 [deg], 8700.0 [ft]) (33.9078184436 [deg], -96.7013683469 [deg], 8700.0 [ft]) (33.90786886 [deg], -96.7009025383 [deg], 8700.0 [ft]) (33.9079260139 [deg], -96.7004378602 [deg], 8700.0 [ft]) (33.907989888 [deg], -96.6999744541 [deg], 8700.0 [ft]) (33.9080604627 [deg], -96.699512461 [deg], 8700.0 [ft]) (33.9081377167 [deg], -96.6990520215 [deg], 8700.0 [ft]) (33.9082216263 [deg], -96.6985932759 [deg], 8700.0 [ft]) (33.9082622269 [deg], -96.6983840033 [deg], 8700.0 [ft]) 
Counter-clockwise Corrective Hazard Zone (with alerting time) wrt Aircraft intruder: 
(33.9482756398 [deg], -96.689146431 [deg], 8700.0 [ft]) (33.948433032 [deg], -96.6891117958 [deg], 8700.0 [ft]) (33.9485909015 [deg], -96.6890804771 [deg], 8700.0 [ft]) (33.9487492004 [deg], -96.6890524844 [deg], 8700.0 [ft]) (33.9489078805 [deg], -96.6890278263 [deg], 8700.0 [ft]) (33.9490668934 [deg], -96.6890065103 [deg], 8700.0 [ft]) (33.9492261907 [deg], -96.6889885428 [deg], 8700.0 [ft]) (33.9493857238 [deg], -96.6889739295 [deg], 8700.0 [ft]) (33.9495454442 [deg], -96.6889626748 [deg], 8700.0 [ft]) (33.9497053032 [deg], -96.6889547821 [deg], 8700.0 [ft]) (33.9498652521 [deg], -96.6889502538 [deg], 8700.0 [ft]) (33.9500252422 [deg], -96.6889490914 [deg], 8700.0 [ft]) (33.9501852248 [deg], -96.6889512952 [deg], 8700.0 [ft]) (33.9503451511 [deg], -96.6889568646 [deg], 8700.0 [ft]) (33.9505049724 [deg], -96.6889657978 [deg], 8700.0 [ft]) (33.95066464 [deg], -96.6889780923 [deg], 8700.0 [ft]) (33.9508241054 [deg], -96.6889937441 [deg], 8700.0 [ft]) (33.9509833198 [deg], -96.6890127487 [deg], 8700.0 [ft]) (33.9511422349 [deg], -96.6890351003 [deg], 8700.0 [ft]) (33.9513008022 [deg], -96.689060792 [deg], 8700.0 [ft]) (33.9514589734 [deg], -96.689089816 [deg], 8700.0 [ft]) (33.9516167003 [deg], -96.6891221635 [deg], 8700.0 [ft]) (33.9517739348 [deg], -96.6891578248 [deg], 8700.0 [ft]) (33.9519306292 [deg], -96.6891967888 [deg], 8700.0 [ft]) (33.9520867356 [deg], -96.6892390439 [deg], 8700.0 [ft]) (33.9522422065 [deg], -96.6892845771 [deg], 8700.0 [ft]) (33.9523969945 [deg], -96.6893333746 [deg], 8700.0 [ft]) (33.9525510525 [deg], -96.6893854215 [deg], 8700.0 [ft]) (33.9527043335 [deg], -96.689440702 [deg], 8700.0 [ft]) (33.9528567908 [deg], -96.6894991992 [deg], 8700.0 [ft]) (33.9530083781 [deg], -96.6895608954 [deg], 8700.0 [ft]) (33.9531590491 [deg], -96.6896257719 [deg], 8700.0 [ft]) (33.9533087579 [deg], -96.6896938087 [deg], 8700.0 [ft]) (33.9534574589 [deg], -96.6897649853 [deg], 8700.0 [ft]) (33.9536051068 [deg], -96.68983928 [deg], 8700.0 [ft]) (33.9537516567 [deg], -96.6899166701 [deg], 8700.0 [ft]) (33.9538970638 [deg], -96.6899971321 [deg], 8700.0 [ft]) (33.954041284 [deg], -96.6900806415 [deg], 8700.0 [ft]) (33.9541842732 [deg], -96.6901671728 [deg], 8700.0 [ft]) (33.9543259878 [deg], -96.6902566998 [deg], 8700.0 [ft]) (33.9544663848 [deg], -96.6903491951 [deg], 8700.0 [ft]) (33.9546054213 [deg], -96.6904446306 [deg], 8700.0 [ft]) (33.954743055 [deg], -96.6905429772 [deg], 8700.0 [ft]) (33.9548792439 [deg], -96.6906442051 [deg], 8700.0 [ft]) (33.9550139466 [deg], -96.6907482832 [deg], 8700.0 [ft]) (33.9551471221 [deg], -96.6908551801 [deg], 8700.0 [ft]) (33.9552787296 [deg], -96.690964863 [deg], 8700.0 [ft]) (33.9554087292 [deg], -96.6910772987 [deg], 8700.0 [ft]) (33.9555370813 [deg], -96.6911924528 [deg], 8700.0 [ft]) (33.9556637467 [deg], -96.6913102903 [deg], 8700.0 [ft]) (33.9557886868 [deg], -96.6914307753 [deg], 8700.0 [ft]) (33.9559118636 [deg], -96.6915538711 [deg], 8700.0 [ft]) (33.9560332396 [deg], -96.6916795402 [deg], 8700.0 [ft]) (33.9561527778 [deg], -96.6918077443 [deg], 8700.0 [ft]) (33.9562704417 [deg], -96.6919384444 [deg], 8700.0 [ft]) (33.9563861954 [deg], -96.6920716007 [deg], 8700.0 [ft]) (33.9565000039 [deg], -96.6922071726 [deg], 8700.0 [ft]) (33.9566118323 [deg], -96.6923451188 [deg], 8700.0 [ft]) (33.9567216465 [deg], -96.6924853973 [deg], 8700.0 [ft]) (33.9568294133 [deg], -96.6926279654 [deg], 8700.0 [ft]) (33.9569350996 [deg], -96.6927727796 [deg], 8700.0 [ft]) (33.9570386732 [deg], -96.6929197958 [deg], 8700.0 [ft]) (33.9571401028 [deg], -96.6930689693 [deg], 8700.0 [ft]) (33.9572393572 [deg], -96.6932202545 [deg], 8700.0 [ft]) (33.9573364064 [deg], -96.6933736055 [deg], 8700.0 [ft]) (33.9574312207 [deg], -96.6935289754 [deg], 8700.0 [ft]) (33.9575237712 [deg], -96.693686317 [deg], 8700.0 [ft]) (33.9576140297 [deg], -96.6938455823 [deg], 8700.0 [ft]) (33.9577019688 [deg], -96.6940067228 [deg], 8700.0 [ft]) (33.9577875616 [deg], -96.6941696894 [deg], 8700.0 [ft]) (33.9578707821 [deg], -96.6943344325 [deg], 8700.0 [ft]) (33.9579516048 [deg], -96.6945009019 [deg], 8700.0 [ft]) (33.9580300053 [deg], -96.6946690467 [deg], 8700.0 [ft]) (33.9581059595 [deg], -96.6948388159 [deg], 8700.0 [ft]) (33.9581794444 [deg], -96.6950101577 [deg], 8700.0 [ft]) (33.9582504375 [deg], -96.6951830199 [deg], 8700.0 [ft]) (33.9583189173 [deg], -96.6953573499 [deg], 8700.0 [ft]) (33.9583848628 [deg], -96.6955330944 [deg], 8700.0 [ft]) (33.9584482539 [deg], -96.6957102 [deg], 8700.0 [ft]) (33.9585090715 [deg], -96.6958886127 [deg], 8700.0 [ft]) (33.9585672968 [deg], -96.6960682781 [deg], 8700.0 [ft]) (33.9586229122 [deg], -96.6962491416 [deg], 8700.0 [ft]) (33.9586759007 [deg], -96.6964311479 [deg], 8700.0 [ft]) (33.9587262463 [deg], -96.6966142417 [deg], 8700.0 [ft]) (33.9587739334 [deg], -96.6967983671 [deg], 8700.0 [ft]) (33.9588189477 [deg], -96.6969834681 [deg], 8700.0 [ft]) (33.9588612754 [deg], -96.6971694882 [deg], 8700.0 [ft]) (33.9589009035 [deg], -96.6973563708 [deg], 8700.0 [ft]) (33.9589378201 [deg], -96.697544059 [deg], 8700.0 [ft]) (33.9589720139 [deg], -96.6977324954 [deg], 8700.0 [ft]) (33.9590034744 [deg], -96.6979216228 [deg], 8700.0 [ft]) (33.9590321921 [deg], -96.6981113835 [deg], 8700.0 [ft]) (33.9590581582 [deg], -96.6983017197 [deg], 8700.0 [ft]) (33.9590813648 [deg], -96.6984925733 [deg], 8700.0 [ft]) (33.9591018049 [deg], -96.6986838863 [deg], 8700.0 [ft]) (33.9591194721 [deg], -96.6988756003 [deg], 8700.0 [ft]) (33.9591343612 [deg], -96.6990676569 [deg], 8700.0 [ft]) (33.9591464676 [deg], -96.6992599976 [deg], 8700.0 [ft]) (33.9591557876 [deg], -96.6994525638 [deg], 8700.0 [ft]) (33.9591623183 [deg], -96.6996452968 [deg], 8700.0 [ft]) (33.9591660578 [deg], -96.6998381378 [deg], 8700.0 [ft]) (33.9591670049 [deg], -96.7000310282 [deg], 8700.0 [ft]) (33.9591651594 [deg], -96.7002239092 [deg], 8700.0 [ft]) (33.9591605217 [deg], -96.7004167219 [deg], 8700.0 [ft]) (33.9591530934 [deg], -96.7006094076 [deg], 8700.0 [ft]) (33.9591428767 [deg], -96.7008019076 [deg], 8700.0 [ft]) (33.9591298747 [deg], -96.7009941633 [deg], 8700.0 [ft]) (33.9591140913 [deg], -96.7011861161 [deg], 8700.0 [ft]) (33.9590955314 [deg], -96.7013777075 [deg], 8700.0 [ft]) (33.9590742006 [deg], -96.701568879 [deg], 8700.0 [ft]) (33.9590501054 [deg], -96.7017595725 [deg], 8700.0 [ft]) (33.9590232531 [deg], -96.7019497298 [deg], 8700.0 [ft]) (33.9589936521 [deg], -96.7021392931 [deg], 8700.0 [ft]) (33.9589613111 [deg], -96.7023282045 [deg], 8700.0 [ft]) (33.9589262402 [deg], -96.7025164065 [deg], 8700.0 [ft]) (33.95888845 [deg], -96.7027038417 [deg], 8700.0 [ft]) (33.9588479521 [deg], -96.702890453 [deg], 8700.0 [ft]) (33.9588047586 [deg], -96.7030761836 [deg], 8700.0 [ft]) (33.9587588829 [deg], -96.7032609769 [deg], 8700.0 [ft]) (33.9587103389 [deg], -96.7034447765 [deg], 8700.0 [ft]) (33.9586591414 [deg], -96.7036275266 [deg], 8700.0 [ft]) (33.958605306 [deg], -96.7038091713 [deg], 8700.0 [ft]) (33.9585488491 [deg], -96.7039896553 [deg], 8700.0 [ft]) (33.9584897878 [deg], -96.7041689237 [deg], 8700.0 [ft]) (33.9584281403 [deg], -96.7043469218 [deg], 8700.0 [ft]) (33.9583639252 [deg], -96.7045235954 [deg], 8700.0 [ft]) (33.9582971622 [deg], -96.7046988906 [deg], 8700.0 [ft]) (33.9582278716 [deg], -96.7048727541 [deg], 8700.0 [ft]) (33.9581560744 [deg], -96.7050451329 [deg], 8700.0 [ft]) (33.9580817926 [deg], -96.7052159745 [deg], 8700.0 [ft]) (33.9580050489 [deg], -96.7053852267 [deg], 8700.0 [ft]) (33.9579258665 [deg], -96.7055528382 [deg], 8700.0 [ft]) (33.9578442697 [deg], -96.7057187576 [deg], 8700.0 [ft]) (33.9577602832 [deg], -96.7058829347 [deg], 8700.0 [ft]) (33.9576739327 [deg], -96.7060453192 [deg], 8700.0 [ft]) (33.9575852445 [deg], -96.7062058618 [deg], 8700.0 [ft]) (33.9574942455 [deg], -96.7063645135 [deg], 8700.0 [ft]) (33.9574009636 [deg], -96.706521226 [deg], 8700.0 [ft]) (33.9573054272 [deg], -96.7066759515 [deg], 8700.0 [ft]) (33.9572076653 [deg], -96.706828643 [deg], 8700.0 [ft]) (33.9571077078 [deg], -96.7069792538 [deg], 8700.0 [ft]) (33.9570055851 [deg], -96.7071277382 [deg], 8700.0 [ft]) (33.9569013282 [deg], -96.7072740509 [deg], 8700.0 [ft]) (33.9567949691 [deg], -96.7074181473 [deg], 8700.0 [ft]) (33.9566865401 [deg], -96.7075599835 [deg], 8700.0 [ft]) (33.9565760741 [deg], -96.7076995163 [deg], 8700.0 [ft]) (33.956463605 [deg], -96.7078367032 [deg], 8700.0 [ft]) (33.9563491669 [deg], -96.7079715024 [deg], 8700.0 [ft]) (33.9562327948 [deg], -96.7081038729 [deg], 8700.0 [ft]) (33.956114524 [deg], -96.7082337744 [deg], 8700.0 [ft]) (33.9559943906 [deg], -96.7083611672 [deg], 8700.0 [ft]) (33.9558724312 [deg], -96.7084860126 [deg], 8700.0 [ft]) (33.955748683 [deg], -96.7086082725 [deg], 8700.0 [ft]) (33.9556231836 [deg], -96.7087279098 [deg], 8700.0 [ft]) (33.9554959714 [deg], -96.7088448879 [deg], 8700.0 [ft]) (33.955367085 [deg], -96.7089591712 [deg], 8700.0 [ft]) (33.9552365638 [deg], -96.709070725 [deg], 8700.0 [ft]) (33.9551044474 [deg], -96.7091795152 [deg], 8700.0 [ft]) (33.9549707762 [deg], -96.7092855088 [deg], 8700.0 [ft]) (33.9548355908 [deg], -96.7093886734 [deg], 8700.0 [ft]) (33.9546989326 [deg], -96.7094889776 [deg], 8700.0 [ft]) (33.954560843 [deg], -96.7095863909 [deg], 8700.0 [ft]) (33.9544213641 [deg], -96.7096808837 [deg], 8700.0 [ft]) (33.9542805386 [deg], -96.7097724271 [deg], 8700.0 [ft]) (33.9541384092 [deg], -96.7098609933 [deg], 8700.0 [ft]) (33.9539950192 [deg], -96.7099465552 [deg], 8700.0 [ft]) (33.9538504124 [deg], -96.710029087 [deg], 8700.0 [ft]) (33.9537046328 [deg], -96.7101085633 [deg], 8700.0 [ft]) (33.9535577248 [deg], -96.7101849601 [deg], 8700.0 [ft]) (33.9534097331 [deg], -96.7102582541 [deg], 8700.0 [ft]) (33.9532607029 [deg], -96.7103284229 [deg], 8700.0 [ft]) (33.9531106796 [deg], -96.7103954453 [deg], 8700.0 [ft]) (33.9529597088 [deg], -96.7104593007 [deg], 8700.0 [ft]) (33.9528078366 [deg], -96.7105199698 [deg], 8700.0 [ft]) (33.9526551092 [deg], -96.7105774341 [deg], 8700.0 [ft]) (33.9525015731 [deg], -96.7106316761 [deg], 8700.0 [ft]) (33.9523472751 [deg], -96.7106826793 [deg], 8700.0 [ft]) (33.9521922623 [deg], -96.7107304282 [deg], 8700.0 [ft]) (33.9520365818 [deg], -96.7107749083 [deg], 8700.0 [ft]) (33.951880281 [deg], -96.7108161059 [deg], 8700.0 [ft]) (33.9517234076 [deg], -96.7108540087 [deg], 8700.0 [ft]) (33.9117091852 [deg], -96.720081571 [deg], 8700.0 [ft]) (33.9114880304 [deg], -96.7196946942 [deg], 8700.0 [ft]) (33.9112725116 [deg], -96.7193032274 [deg], 8700.0 [ft]) (33.9110626942 [deg], -96.71890729 [deg], 8700.0 [ft]) (33.9108586422 [deg], -96.7185070024 [deg], 8700.0 [ft]) (33.9106604176 [deg], -96.7181024867 [deg], 8700.0 [ft]) (33.9104680808 [deg], -96.7176938658 [deg], 8700.0 [ft]) (33.9102816904 [deg], -96.7172812643 [deg], 8700.0 [ft]) (33.9101013031 [deg], -96.7168648078 [deg], 8700.0 [ft]) (33.9099269738 [deg], -96.716444623 [deg], 8700.0 [ft]) (33.9097587556 [deg], -96.7160208379 [deg], 8700.0 [ft]) (33.9095966996 [deg], -96.7155935815 [deg], 8700.0 [ft]) (33.9094408553 [deg], -96.7151629839 [deg], 8700.0 [ft]) (33.9092912699 [deg], -96.7147291762 [deg], 8700.0 [ft]) (33.9091479892 [deg], -96.7142922903 [deg], 8700.0 [ft]) (33.9090110566 [deg], -96.7138524594 [deg], 8700.0 [ft]) (33.9088805139 [deg], -96.7134098173 [deg], 8700.0 [ft]) (33.9087564007 [deg], -96.7129644988 [deg], 8700.0 [ft]) (33.908638755 [deg], -96.7125166394 [deg], 8700.0 [ft]) (33.9085276124 [deg], -96.7120663754 [deg], 8700.0 [ft]) (33.9084230069 [deg], -96.711613844 [deg], 8700.0 [ft]) (33.9083249702 [deg], -96.7111591828 [deg], 8700.0 [ft]) (33.9082335322 [deg], -96.7107025302 [deg], 8700.0 [ft]) (33.9081487207 [deg], -96.7102440253 [deg], 8700.0 [ft]) (33.9080705616 [deg], -96.7097838077 [deg], 8700.0 [ft]) (33.9079990785 [deg], -96.7093220173 [deg], 8700.0 [ft]) (33.9079342934 [deg], -96.7088587948 [deg], 8700.0 [ft]) (33.9078762259 [deg], -96.7083942811 [deg], 8700.0 [ft]) (33.9078248937 [deg], -96.7079286177 [deg], 8700.0 [ft]) (33.9077803124 [deg], -96.7074619463 [deg], 8700.0 [ft]) (33.9077424955 [deg], -96.7069944089 [deg], 8700.0 [ft]) (33.9077114546 [deg], -96.7065261479 [deg], 8700.0 [ft]) (33.9076871992 [deg], -96.7060573057 [deg], 8700.0 [ft]) (33.9076697366 [deg], -96.705588025 [deg], 8700.0 [ft]) (33.9076590721 [deg], -96.7051184488 [deg], 8700.0 [ft]) (33.9076552089 [deg], -96.7046487198 [deg], 8700.0 [ft]) (33.9076581484 [deg], -96.7041789812 [deg], 8700.0 [ft]) (33.9076678895 [deg], -96.7037093758 [deg], 8700.0 [ft]) (33.9076844292 [deg], -96.7032400467 [deg], 8700.0 [ft]) (33.9077077627 [deg], -96.7027711366 [deg], 8700.0 [ft]) (33.9077378827 [deg], -96.7023027882 [deg], 8700.0 [ft]) (33.9077747801 [deg], -96.7018351442 [deg], 8700.0 [ft]) (33.9078184436 [deg], -96.7013683469 [deg], 8700.0 [ft]) (33.90786886 [deg], -96.7009025383 [deg], 8700.0 [ft]) (33.9079260139 [deg], -96.7004378602 [deg], 8700.0 [ft]) (33.907989888 [deg], -96.6999744541 [deg], 8700.0 [ft]) (33.9080604627 [deg], -96.699512461 [deg], 8700.0 [ft]) (33.9081377167 [deg], -96.6990520215 [deg], 8700.0 [ft]) (33.9082216263 [deg], -96.6985932759 [deg], 8700.0 [ft]) (33.9082622269 [deg], -96.6983840033 [deg], 8700.0 [ft]) 
