##
## DAIDALUSj V-2.0.4-FormalATM-v2.7.5
##

# Daidalus Object
# V-2.0.4
# Bands Parameters
lookahead_time = 180.0 [s]
left_hdir = 180.0 [deg]
right_hdir = 180.0 [deg]
min_airspeed = 10.0 [knot]
min_hs = 10.0 [knot]
max_hs = 700.0 [knot]
min_vs = -6000.0 [fpm]
max_vs = 6000.0 [fpm]
min_alt = 100.0 [ft]
max_alt = 50000.0 [ft]
# Relative Bands Parameters
below_relative_hs = 0.0 [knot]
above_relative_hs = 0.0 [knot]
below_relative_vs = 0.0 [fpm]
above_relative_vs = 0.0 [fpm]
below_relative_alt = 0.0 [ft]
above_relative_alt = 0.0 [ft]
# Kinematic Parameters
step_hdir = 1.0 [deg]
step_hs = 5.0 [knot]
step_vs = 100.0 [fpm]
step_alt = 100.0 [ft]
horizontal_accel = 2.0 [m/s^2]
vertical_accel = 0.25 [G]
turn_rate = 1.5 [deg/s]
bank_angle = 0.0 [deg]
vertical_rate = 500.0 [fpm]
# Recovery Bands Parameters
min_horizontal_recovery = 1.0 [nmi]
min_vertical_recovery = 450.0 [ft]
recovery_hdir = true
recovery_hs = true
recovery_vs = true
recovery_alt = true
# Collision Avoidance Bands Parameters
ca_bands = true
ca_factor = 0.1
horizontal_nmac = 500.0 [ft]
vertical_nmac = 100.0 [ft]
# Hysteresis and persistence parameters
recovery_stability_time = 3.0 [s]
hysteresis_time = 0.0 [s]
persistence_time = 0.0 [s]
bands_persistence = false
persistence_preferred_hdir = 0.0 [deg]
persistence_preferred_hs = 0.0 [knot]
persistence_preferred_vs = 0.0 [fpm]
persistence_preferred_alt = 0.0 [ft]
alerting_m = 0
alerting_n = 0
# Implicit Coordination Parameters
conflict_crit = false
recovery_crit = false
# Sensor Uncertainty Mitigation Parameters
h_pos_z_score = 0.0
h_vel_z_score_min = 0.0
h_vel_z_score_max = 0.0
h_vel_z_distance = 0.0 [nmi]
v_pos_z_score = 0.0
v_vel_z_score = 0.0
# Horizontal Contour Threshold
contour_thr = 180.0 [deg]
# DAA Terminal Area Logic (0:Disabled, 1:Horizontal Recovery Enabled, -1:Horizontal Recovery Disabled)
dta_logic = 0
dta_latitude = 0.0 [deg]
dta_longitude = 0.0 [deg]
dta_radius = 0.0 [nmi]
dta_height = 0.0 [ft]
dta_alerter = 0
# Horizontal Direction Bands Logic When Below Min Airspeed (O:Disabled, 1:Instantaneous, -1:Kinematic)
hdir_bands_below_min_as = 0
# Alerting Logic
ownship_centric_alerting = true
bands_add_time_to_maneuver = false
corrective_region = MID
alerters = Buffered_DWC_Phase_I
Buffered_DWC_Phase_I_alert_1_region = NONE
Buffered_DWC_Phase_I_alert_1_alerting_time = 60.0 [s]
Buffered_DWC_Phase_I_alert_1_early_alerting_time = 75.0 [s]
Buffered_DWC_Phase_I_alert_1_spread_hdir = 0.0 [deg]
Buffered_DWC_Phase_I_alert_1_spread_hs = 0.0 [knot]
Buffered_DWC_Phase_I_alert_1_spread_vs = 0.0 [fpm]
Buffered_DWC_Phase_I_alert_1_spread_alt = 0.0 [ft]
Buffered_DWC_Phase_I_alert_1_detector = det_1
Buffered_DWC_Phase_I_det_1_WCV_DTHR = 1.0 [nmi]
Buffered_DWC_Phase_I_det_1_WCV_ZTHR = 750.0 [ft]
Buffered_DWC_Phase_I_det_1_WCV_TTHR = 35.0 [s]
Buffered_DWC_Phase_I_det_1_WCV_TCOA = 20.0 [s]
Buffered_DWC_Phase_I_load_core_detection_det_1 = gov.nasa.larcfm.ACCoRD.WCV_TAUMOD
Buffered_DWC_Phase_I_alert_2_region = MID
Buffered_DWC_Phase_I_alert_2_alerting_time = 60.0 [s]
Buffered_DWC_Phase_I_alert_2_early_alerting_time = 75.0 [s]
Buffered_DWC_Phase_I_alert_2_spread_hdir = 0.0 [deg]
Buffered_DWC_Phase_I_alert_2_spread_hs = 0.0 [knot]
Buffered_DWC_Phase_I_alert_2_spread_vs = 0.0 [fpm]
Buffered_DWC_Phase_I_alert_2_spread_alt = 0.0 [ft]
Buffered_DWC_Phase_I_alert_2_detector = det_2
Buffered_DWC_Phase_I_det_2_WCV_DTHR = 1.0 [nmi]
Buffered_DWC_Phase_I_det_2_WCV_ZTHR = 450.0 [ft]
Buffered_DWC_Phase_I_det_2_WCV_TTHR = 35.0 [s]
Buffered_DWC_Phase_I_det_2_WCV_TCOA = 20.0 [s]
Buffered_DWC_Phase_I_load_core_detection_det_2 = gov.nasa.larcfm.ACCoRD.WCV_TAUMOD
Buffered_DWC_Phase_I_alert_3_region = NEAR
Buffered_DWC_Phase_I_alert_3_alerting_time = 30.0 [s]
Buffered_DWC_Phase_I_alert_3_early_alerting_time = 55.0 [s]
Buffered_DWC_Phase_I_alert_3_spread_hdir = 0.0 [deg]
Buffered_DWC_Phase_I_alert_3_spread_hs = 0.0 [knot]
Buffered_DWC_Phase_I_alert_3_spread_vs = 0.0 [fpm]
Buffered_DWC_Phase_I_alert_3_spread_alt = 0.0 [ft]
Buffered_DWC_Phase_I_alert_3_detector = det_3
Buffered_DWC_Phase_I_det_3_WCV_DTHR = 1.0 [nmi]
Buffered_DWC_Phase_I_det_3_WCV_ZTHR = 450.0 [ft]
Buffered_DWC_Phase_I_det_3_WCV_TTHR = 35.0 [s]
Buffered_DWC_Phase_I_det_3_WCV_TCOA = 20.0 [s]
Buffered_DWC_Phase_I_load_core_detection_det_3 = gov.nasa.larcfm.ACCoRD.WCV_TAUMOD
###
NAME lat lon alt trk gs vs heading airspeed time alerter s_EW_std s_NS_std s_EN_std sz_std v_EW_std v_NS_std v_EN_std vz_std
[none] [deg] [deg] [ft] [deg] [knot] [fpm] [deg] [knot] [s] [none] [nmi] [nmi] [nmi] [ft] [knot] [knot] [knot] [fpm]
ownship, 33.95, -96.7, 8700.0, 206.0, 151.0, 0.0, 207.1623882306, 160.4882117114, 0.0, 1, 0.0, 0.0, 0.0, 0.0, 0.0, 0.0, 0.0, 0.0
intruder, 33.86191658, -96.73272601, 9000.0, 0.0, 210.0, 0.0, 358.0043334101, 203.0520906541, 0.0, 1, 0.0, 0.0, 0.0, 0.0, 0.0, 0.0, 0.0, 0.0

Number of Aircraft: 2
Last Aircraft Index: 1

Ownship in conflict for corrective (MID) region: true
Predicted Time to Violation of Alert Thresholds at Level 1 with intruder: 19.42 [s]
Predicted Time to Violation of Alert Thresholds at Level 2 with intruder: 19.42 [s]
Predicted Time to Violation of Alert Thresholds at Level 3 with intruder: 19.42 [s]
Predicted Time to Violation of Corrective Volume with intruder: 19.42 [s]
Alert Level 3 with intruder

Conflict Aircraft for Bands Region FAR: {}
Conflict Aircraft for Bands Region MID: {intruder}
Conflict Aircraft for Bands Region NEAR: {intruder}

Ownship Heading: 207.16 [deg]
Region of Current Heading: NEAR
Heading Bands [deg,deg]
  NEAR:	[0.0, 27.16]
  NONE:	[27.16, 197.16]
  NEAR:	[197.16, 360.0]
Peripheral Aircraft for Heading Bands Region FAR: {}
Peripheral Aircraft for Heading Bands Region MID: {}
Peripheral Aircraft for Heading Bands Region NEAR: {}
Heading Resolution (right): N/A
Heading Resolution (left): 197.16 [deg]
Preferred Heading Direction: left
Recovery Information for Horizontal Speed Bands:
  Time to Recovery: NaN [s]
  Recovery Horizontal Distance: NaN [nmi]
  Recovery Vertical Distance: NaN [ft]
Ownship Airspeed: 160.49 [knot]
Region of Current Airspeed: NEAR
Airspeed Bands [knot,knot]:
  NONE:	[10.0, 70.49]
  NEAR:	[70.49, 700.0]
Peripheral Aircraft for Airspeed Bands Region FAR: {}
Peripheral Aircraft for Airspeed Bands Region MID: {}
Peripheral Aircraft for Airspeed Bands Region NEAR: {}
Airspeed Resolution (up): N/A
Airspeed Resolution (down): 70.49 [knot]
Preferred Airspeed Direction: down
Recovery Information for Horizontal Speed Bands:
  Time to Recovery: NaN [s]
  Recovery Horizontal Distance: NaN [nmi]
  Recovery Vertical Distance: NaN [ft]
Ownship Vertical Speed: 0.0 [fpm]
Region of Current Vertical Speed: NEAR
Vertical Speed Bands [fpm,fpm]:
  NONE:	[-6000.0, -500.0]
  NEAR:	[-500.0, 2800.0]
  NONE:	[2800.0, 6000.0]
Peripheral Aircraft for Vertical Speed Bands Region FAR: {}
Peripheral Aircraft for Vertical Speed Bands Region MID: {}
Peripheral Aircraft for Vertical Speed Bands Region NEAR: {}
Vertical Speed Resolution (up): 2800.0 [fpm]
Vertical Speed Resolution (down): -500.0 [fpm]
Preferred Vertical Speed Direction: down
Recovery Information for Vertical Speed Bands:
  Time to Recovery: NaN [s]
  Recovery Horizontal Distance: NaN [nmi]
  Recovery Vertical Distance: NaN [ft]
Ownship Altitude: 8700.0 [ft]
Region of Current Altitude: NEAR
Altitude Bands [ft,ft]:
  NONE:	[100.0, 8500.0]
  NEAR:	[8500.0, 50000.0]
Peripheral Aircraft for Altitude Bands Region FAR: {}
Peripheral Aircraft for Altitude Bands Region MID: {}
Peripheral Aircraft for Altitude Bands Region NEAR: {}
Altitude Resolution (up): N/A
Altitude Resolution (down): 8500.0 [ft]
Preferred Altitude Direction: down
Recovery Information for Altitude Bands:
  Time to Recovery: NaN [s]
  Recovery Horizontal Distance: NaN [nmi]
  Recovery Vertical Distance: NaN [ft]

Last Times to Maneuver with Respect to intruder:
  Heading Maneuver: 10.93 [s]
  Airspeed Maneuver: 7.28 [s]
  Vertical Speed Maneuver: 13.35 [s]
  Altitude Maneuver: 0.61 [s]

Counter-clockwise Corrective Contour wrt Aircraft intruder: 
(33.9361401255 [deg], -96.7054802855 [deg], 8700.0 [ft]) (33.9362710555 [deg], -96.7057502837 [deg], 8700.0 [ft]) (33.9363968675 [deg], -96.7060202992 [deg], 8700.0 [ft]) (33.9365178952 [deg], -96.706290702 [deg], 8700.0 [ft]) (33.9366344519 [deg], -96.7065618512 [deg], 8700.0 [ft]) (33.9367468333 [deg], -96.7068340966 [deg], 8700.0 [ft]) (33.9368553203 [deg], -96.7071077795 [deg], 8700.0 [ft]) (33.9369601812 [deg], -96.707383234 [deg], 8700.0 [ft]) (33.9370616731 [deg], -96.7076607881 [deg], 8700.0 [ft]) (33.9371600443 [deg], -96.7079407649 [deg], 8700.0 [ft]) (33.9372555352 [deg], -96.7082234829 [deg], 8700.0 [ft]) (33.9373483798 [deg], -96.7085092573 [deg], 8700.0 [ft]) (33.9374388069 [deg], -96.7087984004 [deg], 8700.0 [ft]) (33.937527041 [deg], -96.7090912227 [deg], 8700.0 [ft]) (33.9376133033 [deg], -96.7093880334 [deg], 8700.0 [ft]) (33.9376978122 [deg], -96.7096891414 [deg], 8700.0 [ft]) (33.9377807849 [deg], -96.7099948555 [deg], 8700.0 [ft]) (33.937862437 [deg], -96.7103054853 [deg], 8700.0 [ft]) (33.9379429841 [deg], -96.7106213423 [deg], 8700.0 [ft]) (33.9380226417 [deg], -96.7109427401 [deg], 8700.0 [ft]) (33.9381016263 [deg], -96.7112699952 [deg], 8700.0 [ft]) (33.9381801555 [deg], -96.7116034282 [deg], 8700.0 [ft]) (33.9382584487 [deg], -96.711943364 [deg], 8700.0 [ft]) (33.9383367279 [deg], -96.7122901332 [deg], 8700.0 [ft]) (33.9384152174 [deg], -96.7126440726 [deg], 8700.0 [ft]) (33.9384941451 [deg], -96.7130055264 [deg], 8700.0 [ft]) (33.9385737424 [deg], -96.7133748472 [deg], 8700.0 [ft]) (33.9386542451 [deg], -96.7137523973 [deg], 8700.0 [ft]) (33.9387358932 [deg], -96.7141385496 [deg], 8700.0 [ft]) (33.938818932 [deg], -96.7145336893 [deg], 8700.0 [ft]) (33.9389036126 [deg], -96.7149382153 [deg], 8700.0 [ft]) (33.9389901917 [deg], -96.715352542 [deg], 8700.0 [ft]) (33.9390789326 [deg], -96.7157771012 [deg], 8700.0 [ft]) (33.939170106 [deg], -96.7162123441 [deg], 8700.0 [ft]) (33.9392639896 [deg], -96.7166587439 [deg], 8700.0 [ft]) (33.9393608698 [deg], -96.7171167986 [deg], 8700.0 [ft]) (33.9394610413 [deg], -96.717587034 [deg], 8700.0 [ft]) (33.9395648084 [deg], -96.7180700073 [deg], 8700.0 [ft]) (33.9396724852 [deg], -96.7185663116 [deg], 8700.0 [ft]) (33.9397843968 [deg], -96.7190765805 [deg], 8700.0 [ft]) (33.9399008795 [deg], -96.7196014936 [deg], 8700.0 [ft]) (33.9400222819 [deg], -96.7201417835 [deg], 8700.0 [ft]) (33.9401489658 [deg], -96.7206982438 [deg], 8700.0 [ft]) (33.9402813069 [deg], -96.721271738 [deg], 8700.0 [ft]) (33.9404196962 [deg], -96.7218632112 [deg], 8700.0 [ft]) (33.9405645402 [deg], -96.7224737037 [deg], 8700.0 [ft]) (33.9407162631 [deg], -96.7231043676 [deg], 8700.0 [ft]) (33.940875307 [deg], -96.7237564876 [deg], 8700.0 [ft]) (33.9288189817 [deg], -96.7551195931 [deg], 8700.0 [ft]) (33.9276945584 [deg], -96.7554848279 [deg], 8700.0 [ft]) (33.9266689972 [deg], -96.7555438374 [deg], 8700.0 [ft]) (33.9256987665 [deg], -96.7554310959 [deg], 8700.0 [ft]) (33.9247679146 [deg], -96.755199966 [deg], 8700.0 [ft]) (33.9238687778 [deg], -96.7548785118 [deg], 8700.0 [ft]) (33.9229971494 [deg], -96.7544838532 [deg], 8700.0 [ft]) (33.922150541 [deg], -96.754027464 [deg], 8700.0 [ft]) (33.9213274197 [deg], -96.7535175584 [deg], 8700.0 [ft]) (33.9205268275 [deg], -96.7529603133 [deg], 8700.0 [ft]) (33.9197481728 [deg], -96.7523605553 [deg], 8700.0 [ft]) (33.9189911086 [deg], -96.7517221753 [deg], 8700.0 [ft]) (33.9182554575 [deg], -96.7510483906 [deg], 8700.0 [ft]) (33.9175411634 [deg], -96.7503419204 [deg], 8700.0 [ft]) (33.9168482595 [deg], -96.7496051057 [deg], 8700.0 [ft]) (33.9161768468 [deg], -96.7488399944 [deg], 8700.0 [ft]) (33.9155270786 [deg], -96.7480484037 [deg], 8700.0 [ft]) (33.9148991509 [deg], -96.7472319659 [deg], 8700.0 [ft]) (33.9142932947 [deg], -96.7463921633 [deg], 8700.0 [ft]) (33.9137097713 [deg], -96.7455303552 [deg], 8700.0 [ft]) (33.9131488694 [deg], -96.7446477985 [deg], 8700.0 [ft]) (33.912610903 [deg], -96.7437456647 [deg], 8700.0 [ft]) (33.9120962113 [deg], -96.7428250524 [deg], 8700.0 [ft]) (33.9116051593 [deg], -96.7418869984 [deg], 8700.0 [ft]) (33.9111381389 [deg], -96.7409324857 [deg], 8700.0 [ft]) (33.9106955715 [deg], -96.7399624506 [deg], 8700.0 [ft]) (33.9102779119 [deg], -96.7389777879 [deg], 8700.0 [ft]) (33.9098856527 [deg], -96.7379793549 [deg], 8700.0 [ft]) (33.9095193307 [deg], -96.7369679749 [deg], 8700.0 [ft]) (33.9091795346 [deg], -96.7359444391 [deg], 8700.0 [ft]) (33.9088669155 [deg], -96.7349095075 [deg], 8700.0 [ft]) (33.9085821998 [deg], -96.7338639091 [deg], 8700.0 [ft]) (33.9083262059 [deg], -96.7328083407 [deg], 8700.0 [ft]) (33.908099866 [deg], -96.7317434637 [deg], 8700.0 [ft]) (33.9079042554 [deg], -96.7306698993 [deg], 8700.0 [ft]) (33.9077406311 [deg], -96.7295882209 [deg], 8700.0 [ft]) (33.9076104852 [deg], -96.7284989415 [deg], 8700.0 [ft]) (33.9075156191 [deg], -96.7274024963 [deg], 8700.0 [ft]) (33.9074582518 [deg], -96.7262992144 [deg], 8700.0 [ft]) (33.9074411799 [deg], -96.7251892748 [deg], 8700.0 [ft]) (33.9074680263 [deg], -96.724072636 [deg], 8700.0 [ft]) (33.9075436454 [deg], -96.7229489146 [deg], 8700.0 [ft]) (33.9076748264 [deg], -96.7218171696 [deg], 8700.0 [ft]) (33.9078716174 [deg], -96.7206754787 [deg], 8700.0 [ft]) (33.9081501131 [deg], -96.7195200183 [deg], 8700.0 [ft]) (33.9085393869 [deg], -96.7183426995 [deg], 8700.0 [ft]) (33.9091042151 [deg], -96.7171231549 [deg], 8700.0 [ft]) (33.9100865471 [deg], -96.7157769551 [deg], 8700.0 [ft]) 
Counter-clockwise Corrective Hazard Zone wrt Aircraft intruder: 
(33.9468642194 [deg], -96.6802673713 [deg], 8700.0 [ft]) (33.9471503707 [deg], -96.6802043719 [deg], 8700.0 [ft]) (33.9474373904 [deg], -96.6801474018 [deg], 8700.0 [ft]) (33.9477251912 [deg], -96.6800964785 [deg], 8700.0 [ft]) (33.9480136854 [deg], -96.6800516175 [deg], 8700.0 [ft]) (33.9483027851 [deg], -96.6800128325 [deg], 8700.0 [ft]) (33.9485924023 [deg], -96.6799801354 [deg], 8700.0 [ft]) (33.9488824488 [deg], -96.6799535363 [deg], 8700.0 [ft]) (33.9491728361 [deg], -96.6799330433 [deg], 8700.0 [ft]) (33.9494634759 [deg], -96.6799186627 [deg], 8700.0 [ft]) (33.9497542796 [deg], -96.679910399 [deg], 8700.0 [ft]) (33.9500451587 [deg], -96.6799082547 [deg], 8700.0 [ft]) (33.9503360245 [deg], -96.6799122305 [deg], 8700.0 [ft]) (33.9506267885 [deg], -96.6799223254 [deg], 8700.0 [ft]) (33.950917362 [deg], -96.6799385362 [deg], 8700.0 [ft]) (33.9512076566 [deg], -96.6799608582 [deg], 8700.0 [ft]) (33.9514975838 [deg], -96.6799892845 [deg], 8700.0 [ft]) (33.9517870553 [deg], -96.6800238066 [deg], 8700.0 [ft]) (33.9520759829 [deg], -96.680064414 [deg], 8700.0 [ft]) (33.9523642787 [deg], -96.6801110945 [deg], 8700.0 [ft]) (33.9526518547 [deg], -96.6801638338 [deg], 8700.0 [ft]) (33.9529386234 [deg], -96.6802226159 [deg], 8700.0 [ft]) (33.9532244975 [deg], -96.6802874231 [deg], 8700.0 [ft]) (33.9535093897 [deg], -96.6803582356 [deg], 8700.0 [ft]) (33.9537932134 [deg], -96.6804350319 [deg], 8700.0 [ft]) (33.9540758821 [deg], -96.6805177887 [deg], 8700.0 [ft]) (33.9543573096 [deg], -96.6806064807 [deg], 8700.0 [ft]) (33.9546374102 [deg], -96.6807010812 [deg], 8700.0 [ft]) (33.9549160986 [deg], -96.6808015613 [deg], 8700.0 [ft]) (33.9551932899 [deg], -96.6809078904 [deg], 8700.0 [ft]) (33.9554688997 [deg], -96.6810200362 [deg], 8700.0 [ft]) (33.9557428438 [deg], -96.6811379646 [deg], 8700.0 [ft]) (33.956015039 [deg], -96.6812616397 [deg], 8700.0 [ft]) (33.9562854022 [deg], -96.6813910239 [deg], 8700.0 [ft]) (33.9565538512 [deg], -96.6815260778 [deg], 8700.0 [ft]) (33.956820304 [deg], -96.6816667604 [deg], 8700.0 [ft]) (33.9570846795 [deg], -96.6818130288 [deg], 8700.0 [ft]) (33.9573468972 [deg], -96.6819648385 [deg], 8700.0 [ft]) (33.9576068772 [deg], -96.6821221434 [deg], 8700.0 [ft]) (33.9578645402 [deg], -96.6822848954 [deg], 8700.0 [ft]) (33.9581198078 [deg], -96.6824530451 [deg], 8700.0 [ft]) (33.9583726022 [deg], -96.6826265414 [deg], 8700.0 [ft]) (33.9586228463 [deg], -96.6828053313 [deg], 8700.0 [ft]) (33.9588704639 [deg], -96.6829893605 [deg], 8700.0 [ft]) (33.9591153795 [deg], -96.6831785729 [deg], 8700.0 [ft]) (33.9593575186 [deg], -96.6833729109 [deg], 8700.0 [ft]) (33.9595968073 [deg], -96.6835723154 [deg], 8700.0 [ft]) (33.9598331727 [deg], -96.6837767256 [deg], 8700.0 [ft]) (33.9600665428 [deg], -96.6839860793 [deg], 8700.0 [ft]) (33.9602968466 [deg], -96.6842003127 [deg], 8700.0 [ft]) (33.9605240137 [deg], -96.6844193605 [deg], 8700.0 [ft]) (33.960747975 [deg], -96.6846431562 [deg], 8700.0 [ft]) (33.9609686622 [deg], -96.6848716315 [deg], 8700.0 [ft]) (33.9611860081 [deg], -96.6851047168 [deg], 8700.0 [ft]) (33.9613999465 [deg], -96.6853423411 [deg], 8700.0 [ft]) (33.9616104122 [deg], -96.6855844321 [deg], 8700.0 [ft]) (33.961817341 [deg], -96.685830916 [deg], 8700.0 [ft]) (33.9620206698 [deg], -96.6860817178 [deg], 8700.0 [ft]) (33.9622203368 [deg], -96.686336761 [deg], 8700.0 [ft]) (33.962416281 [deg], -96.6865959679 [deg], 8700.0 [ft]) (33.9626084428 [deg], -96.6868592597 [deg], 8700.0 [ft]) (33.9627967636 [deg], -96.687126556 [deg], 8700.0 [ft]) (33.9629811859 [deg], -96.6873977754 [deg], 8700.0 [ft]) (33.9631616537 [deg], -96.6876728354 [deg], 8700.0 [ft]) (33.9633381119 [deg], -96.6879516521 [deg], 8700.0 [ft]) (33.9635105067 [deg], -96.6882341405 [deg], 8700.0 [ft]) (33.9636787855 [deg], -96.6885202147 [deg], 8700.0 [ft]) (33.9638428972 [deg], -96.6888097874 [deg], 8700.0 [ft]) (33.9640027917 [deg], -96.6891027704 [deg], 8700.0 [ft]) (33.9641584202 [deg], -96.6893990745 [deg], 8700.0 [ft]) (33.9643097354 [deg], -96.6896986093 [deg], 8700.0 [ft]) (33.964456691 [deg], -96.6900012836 [deg], 8700.0 [ft]) (33.9645992424 [deg], -96.6903070051 [deg], 8700.0 [ft]) (33.9647373461 [deg], -96.6906156808 [deg], 8700.0 [ft]) (33.96487096 [deg], -96.6909272165 [deg], 8700.0 [ft]) (33.9650000433 [deg], -96.6912415173 [deg], 8700.0 [ft]) (33.9651245568 [deg], -96.6915584874 [deg], 8700.0 [ft]) (33.9652444624 [deg], -96.6918780303 [deg], 8700.0 [ft]) (33.9653597237 [deg], -96.6922000485 [deg], 8700.0 [ft]) (33.9654703055 [deg], -96.692524444 [deg], 8700.0 [ft]) (33.9655761741 [deg], -96.6928511178 [deg], 8700.0 [ft]) (33.9656772973 [deg], -96.6931799704 [deg], 8700.0 [ft]) (33.9657736442 [deg], -96.6935109017 [deg], 8700.0 [ft]) (33.9658651854 [deg], -96.6938438106 [deg], 8700.0 [ft]) (33.9659518931 [deg], -96.6941785959 [deg], 8700.0 [ft]) (33.9660337408 [deg], -96.6945151554 [deg], 8700.0 [ft]) (33.9661107036 [deg], -96.6948533866 [deg], 8700.0 [ft]) (33.966182758 [deg], -96.6951931864 [deg], 8700.0 [ft]) (33.9662498821 [deg], -96.6955344512 [deg], 8700.0 [ft]) (33.9663120554 [deg], -96.6958770771 [deg], 8700.0 [ft]) (33.9663692589 [deg], -96.6962209596 [deg], 8700.0 [ft]) (33.9664214753 [deg], -96.6965659938 [deg], 8700.0 [ft]) (33.9664686886 [deg], -96.6969120747 [deg], 8700.0 [ft]) (33.9665108844 [deg], -96.6972590968 [deg], 8700.0 [ft]) (33.9665480499 [deg], -96.6976069543 [deg], 8700.0 [ft]) (33.9665801737 [deg], -96.6979555411 [deg], 8700.0 [ft]) (33.966607246 [deg], -96.698304751 [deg], 8700.0 [ft]) (33.9666292586 [deg], -96.6986544777 [deg], 8700.0 [ft]) (33.9666462048 [deg], -96.6990046144 [deg], 8700.0 [ft]) (33.9666580794 [deg], -96.6993550545 [deg], 8700.0 [ft]) (33.9666648788 [deg], -96.6997056912 [deg], 8700.0 [ft]) (33.966666601 [deg], -96.7000564176 [deg], 8700.0 [ft]) (33.9666632453 [deg], -96.7004071268 [deg], 8700.0 [ft]) (33.9666548129 [deg], -96.7007577119 [deg], 8700.0 [ft]) (33.9666413062 [deg], -96.7011080661 [deg], 8700.0 [ft]) (33.9666227294 [deg], -96.7014580826 [deg], 8700.0 [ft]) (33.9665990883 [deg], -96.7018076546 [deg], 8700.0 [ft]) (33.9665703898 [deg], -96.7021566757 [deg], 8700.0 [ft]) (33.966536643 [deg], -96.7025050394 [deg], 8700.0 [ft]) (33.9664978579 [deg], -96.7028526397 [deg], 8700.0 [ft]) (33.9664540464 [deg], -96.7031993705 [deg], 8700.0 [ft]) (33.9664052219 [deg], -96.7035451262 [deg], 8700.0 [ft]) (33.9663513993 [deg], -96.7038898014 [deg], 8700.0 [ft]) (33.966292595 [deg], -96.704233291 [deg], 8700.0 [ft]) (33.9662288268 [deg], -96.7045754904 [deg], 8700.0 [ft]) (33.9661601143 [deg], -96.7049162952 [deg], 8700.0 [ft]) (33.9660864783 [deg], -96.7052556017 [deg], 8700.0 [ft]) (33.9660079414 [deg], -96.7055933063 [deg], 8700.0 [ft]) (33.9659245274 [deg], -96.7059293062 [deg], 8700.0 [ft]) (33.9658362618 [deg], -96.7062634989 [deg], 8700.0 [ft]) (33.9657431714 [deg], -96.7065957827 [deg], 8700.0 [ft]) (33.9656452847 [deg], -96.7069260562 [deg], 8700.0 [ft]) (33.9655426314 [deg], -96.7072542188 [deg], 8700.0 [ft]) (33.965435243 [deg], -96.7075801705 [deg], 8700.0 [ft]) (33.965323152 [deg], -96.7079038119 [deg], 8700.0 [ft]) (33.9652063927 [deg], -96.7082250445 [deg], 8700.0 [ft]) (33.9650850006 [deg], -96.7085437702 [deg], 8700.0 [ft]) (33.9649590127 [deg], -96.7088598921 [deg], 8700.0 [ft]) (33.9648284675 [deg], -96.7091733138 [deg], 8700.0 [ft]) (33.9646934047 [deg], -96.7094839397 [deg], 8700.0 [ft]) (33.9645538655 [deg], -96.7097916752 [deg], 8700.0 [ft]) (33.9644098924 [deg], -96.7100964265 [deg], 8700.0 [ft]) (33.9642615293 [deg], -96.7103981008 [deg], 8700.0 [ft]) (33.9641088214 [deg], -96.7106966062 [deg], 8700.0 [ft]) (33.9639518153 [deg], -96.7109918516 [deg], 8700.0 [ft]) (33.9637905587 [deg], -96.7112837472 [deg], 8700.0 [ft]) (33.9636251009 [deg], -96.711572204 [deg], 8700.0 [ft]) (33.9634554922 [deg], -96.711857134 [deg], 8700.0 [ft]) (33.9632817844 [deg], -96.7121384506 [deg], 8700.0 [ft]) (33.9631040304 [deg], -96.7124160679 [deg], 8700.0 [ft]) (33.9629222843 [deg], -96.7126899014 [deg], 8700.0 [ft]) (33.9627366016 [deg], -96.7129598677 [deg], 8700.0 [ft]) (33.9625470388 [deg], -96.7132258846 [deg], 8700.0 [ft]) (33.9623536538 [deg], -96.7134878709 [deg], 8700.0 [ft]) (33.9621565053 [deg], -96.7137457469 [deg], 8700.0 [ft]) (33.9619556536 [deg], -96.713999434 [deg], 8700.0 [ft]) (33.9617511598 [deg], -96.7142488549 [deg], 8700.0 [ft]) (33.9615430862 [deg], -96.7144939337 [deg], 8700.0 [ft]) (33.9613314963 [deg], -96.7147345957 [deg], 8700.0 [ft]) (33.9611164545 [deg], -96.7149707676 [deg], 8700.0 [ft]) (33.9608980264 [deg], -96.7152023775 [deg], 8700.0 [ft]) (33.9606762785 [deg], -96.7154293549 [deg], 8700.0 [ft]) (33.9604512783 [deg], -96.7156516305 [deg], 8700.0 [ft]) (33.9602230945 [deg], -96.7158691367 [deg], 8700.0 [ft]) (33.9599917966 [deg], -96.7160818073 [deg], 8700.0 [ft]) (33.9597574551 [deg], -96.7162895775 [deg], 8700.0 [ft]) (33.9595201413 [deg], -96.716492384 [deg], 8700.0 [ft]) (33.9592799276 [deg], -96.7166901651 [deg], 8700.0 [ft]) (33.9590368872 [deg], -96.7168828605 [deg], 8700.0 [ft]) (33.9587910942 [deg], -96.7170704117 [deg], 8700.0 [ft]) (33.9585426233 [deg], -96.7172527614 [deg], 8700.0 [ft]) (33.9582915504 [deg], -96.7174298541 [deg], 8700.0 [ft]) (33.958037952 [deg], -96.717601636 [deg], 8700.0 [ft]) (33.9577819052 [deg], -96.7177680548 [deg], 8700.0 [ft]) (33.9575234882 [deg], -96.7179290598 [deg], 8700.0 [ft]) (33.9572627796 [deg], -96.7180846019 [deg], 8700.0 [ft]) (33.956999859 [deg], -96.7182346339 [deg], 8700.0 [ft]) (33.9567348063 [deg], -96.71837911 [deg], 8700.0 [ft]) (33.9564677025 [deg], -96.7185179864 [deg], 8700.0 [ft]) (33.9561986287 [deg], -96.7186512208 [deg], 8700.0 [ft]) (33.9559276671 [deg], -96.7187787725 [deg], 8700.0 [ft]) (33.9556549002 [deg], -96.7189006029 [deg], 8700.0 [ft]) (33.9553804111 [deg], -96.7190166748 [deg], 8700.0 [ft]) (33.9551042834 [deg], -96.719126953 [deg], 8700.0 [ft]) (33.9548266012 [deg], -96.7192314038 [deg], 8700.0 [ft]) (33.9545474492 [deg], -96.7193299956 [deg], 8700.0 [ft]) (33.9542669124 [deg], -96.7194226983 [deg], 8700.0 [ft]) (33.9539850762 [deg], -96.7195094838 [deg], 8700.0 [ft]) (33.9537020265 [deg], -96.7195903257 [deg], 8700.0 [ft]) (33.9534178496 [deg], -96.7196651994 [deg], 8700.0 [ft]) (33.953132632 [deg], -96.7197340822 [deg], 8700.0 [ft]) (33.8971121627 [deg], -96.7326451198 [deg], 8700.0 [ft]) (33.8967367816 [deg], -96.7321179909 [deg], 8700.0 [ft]) (33.8963690914 [deg], -96.7315830541 [deg], 8700.0 [ft]) (33.8960092041 [deg], -96.7310404724 [deg], 8700.0 [ft]) (33.8956572292 [deg], -96.7304904109 [deg], 8700.0 [ft]) (33.8953132739 [deg], -96.7299330373 [deg], 8700.0 [ft]) (33.8949774428 [deg], -96.7293685211 [deg], 8700.0 [ft]) (33.894649838 [deg], -96.7287970343 [deg], 8700.0 [ft]) (33.8943305594 [deg], -96.7282187509 [deg], 8700.0 [ft]) (33.8940197041 [deg], -96.7276338469 [deg], 8700.0 [ft]) (33.8937173666 [deg], -96.7270425004 [deg], 8700.0 [ft]) (33.893423639 [deg], -96.7264448914 [deg], 8700.0 [ft]) (33.8931386106 [deg], -96.7258412018 [deg], 8700.0 [ft]) (33.8928623682 [deg], -96.7252316154 [deg], 8700.0 [ft]) (33.8925949959 [deg], -96.7246163177 [deg], 8700.0 [ft]) (33.8923365749 [deg], -96.7239954961 [deg], 8700.0 [ft]) (33.892087184 [deg], -96.7233693395 [deg], 8700.0 [ft]) (33.8918468991 [deg], -96.7227380384 [deg], 8700.0 [ft]) (33.8916157932 [deg], -96.722101785 [deg], 8700.0 [ft]) (33.8913939366 [deg], -96.721460773 [deg], 8700.0 [ft]) (33.8911813969 [deg], -96.7208151974 [deg], 8700.0 [ft]) (33.8909782388 [deg], -96.7201652547 [deg], 8700.0 [ft]) (33.890784524 [deg], -96.7195111427 [deg], 8700.0 [ft]) (33.8906003115 [deg], -96.7188530604 [deg], 8700.0 [ft]) (33.8904256574 [deg], -96.7181912082 [deg], 8700.0 [ft]) (33.8902606148 [deg], -96.7175257874 [deg], 8700.0 [ft]) (33.8901052339 [deg], -96.7168570006 [deg], 8700.0 [ft]) (33.889959562 [deg], -96.7161850511 [deg], 8700.0 [ft]) (33.8898236434 [deg], -96.7155101435 [deg], 8700.0 [ft]) (33.8896975195 [deg], -96.7148324832 [deg], 8700.0 [ft]) (33.8895812286 [deg], -96.7141522763 [deg], 8700.0 [ft]) (33.8894748062 [deg], -96.7134697299 [deg], 8700.0 [ft]) (33.8893782846 [deg], -96.7127850516 [deg], 8700.0 [ft]) (33.8892916931 [deg], -96.7120984497 [deg], 8700.0 [ft]) (33.8892150582 [deg], -96.7114101331 [deg], 8700.0 [ft]) (33.8891484031 [deg], -96.7107203114 [deg], 8700.0 [ft]) (33.8890917482 [deg], -96.7100291943 [deg], 8700.0 [ft]) (33.8890451106 [deg], -96.7093369921 [deg], 8700.0 [ft]) (33.8890085045 [deg], -96.7086439155 [deg], 8700.0 [ft]) (33.8889819412 [deg], -96.7079501753 [deg], 8700.0 [ft]) (33.8889654286 [deg], -96.7072559826 [deg], 8700.0 [ft]) (33.8889589718 [deg], -96.7065615487 [deg], 8700.0 [ft]) (33.8889625727 [deg], -96.7058670847 [deg], 8700.0 [ft]) (33.8889762304 [deg], -96.705172802 [deg], 8700.0 [ft]) (33.8889999405 [deg], -96.7044789119 [deg], 8700.0 [ft]) (33.8890336959 [deg], -96.7037856254 [deg], 8700.0 [ft]) (33.8890774863 [deg], -96.7030931535 [deg], 8700.0 [ft]) (33.8891312985 [deg], -96.7024017069 [deg], 8700.0 [ft]) (33.889195116 [deg], -96.701711496 [deg], 8700.0 [ft]) (33.8892689193 [deg], -96.7010227307 [deg], 8700.0 [ft]) (33.8893526862 [deg], -96.7003356207 [deg], 8700.0 [ft]) (33.889446391 [deg], -96.6996503749 [deg], 8700.0 [ft]) (33.8895500052 [deg], -96.698967202 [deg], 8700.0 [ft]) (33.8896634974 [deg], -96.6982863098 [deg], 8700.0 [ft]) (33.889786833 [deg], -96.6976079053 [deg], 8700.0 [ft]) (33.8899199745 [deg], -96.6969321952 [deg], 8700.0 [ft]) (33.8900628813 [deg], -96.696259385 [deg], 8700.0 [ft]) (33.89021551 [deg], -96.6955896793 [deg], 8700.0 [ft]) (33.8903778141 [deg], -96.6949232821 [deg], 8700.0 [ft]) (33.8905497443 [deg], -96.6942603961 [deg], 8700.0 [ft]) (33.8907312483 [deg], -96.6936012229 [deg], 8700.0 [ft]) (33.8908458099 [deg], -96.6932038783 [deg], 8700.0 [ft]) 
Counter-clockwise Corrective Hazard Zone (with alerting time) wrt Aircraft intruder: 
(33.9468642194 [deg], -96.6802673713 [deg], 8700.0 [ft]) (33.9471503707 [deg], -96.6802043719 [deg], 8700.0 [ft]) (33.9474373904 [deg], -96.6801474018 [deg], 8700.0 [ft]) (33.9477251912 [deg], -96.6800964785 [deg], 8700.0 [ft]) (33.9480136854 [deg], -96.6800516175 [deg], 8700.0 [ft]) (33.9483027851 [deg], -96.6800128325 [deg], 8700.0 [ft]) (33.9485924023 [deg], -96.6799801354 [deg], 8700.0 [ft]) (33.9488824488 [deg], -96.6799535363 [deg], 8700.0 [ft]) (33.9491728361 [deg], -96.6799330433 [deg], 8700.0 [ft]) (33.9494634759 [deg], -96.6799186627 [deg], 8700.0 [ft]) (33.9497542796 [deg], -96.679910399 [deg], 8700.0 [ft]) (33.9500451587 [deg], -96.6799082547 [deg], 8700.0 [ft]) (33.9503360245 [deg], -96.6799122305 [deg], 8700.0 [ft]) (33.9506267885 [deg], -96.6799223254 [deg], 8700.0 [ft]) (33.950917362 [deg], -96.6799385362 [deg], 8700.0 [ft]) (33.9512076566 [deg], -96.6799608582 [deg], 8700.0 [ft]) (33.9514975838 [deg], -96.6799892845 [deg], 8700.0 [ft]) (33.9517870553 [deg], -96.6800238066 [deg], 8700.0 [ft]) (33.9520759829 [deg], -96.680064414 [deg], 8700.0 [ft]) (33.9523642787 [deg], -96.6801110945 [deg], 8700.0 [ft]) (33.9526518547 [deg], -96.6801638338 [deg], 8700.0 [ft]) (33.9529386234 [deg], -96.6802226159 [deg], 8700.0 [ft]) (33.9532244975 [deg], -96.6802874231 [deg], 8700.0 [ft]) (33.9535093897 [deg], -96.6803582356 [deg], 8700.0 [ft]) (33.9537932134 [deg], -96.6804350319 [deg], 8700.0 [ft]) (33.9540758821 [deg], -96.6805177887 [deg], 8700.0 [ft]) (33.9543573096 [deg], -96.6806064807 [deg], 8700.0 [ft]) (33.9546374102 [deg], -96.6807010812 [deg], 8700.0 [ft]) (33.9549160986 [deg], -96.6808015613 [deg], 8700.0 [ft]) (33.9551932899 [deg], -96.6809078904 [deg], 8700.0 [ft]) (33.9554688997 [deg], -96.6810200362 [deg], 8700.0 [ft]) (33.9557428438 [deg], -96.6811379646 [deg], 8700.0 [ft]) (33.956015039 [deg], -96.6812616397 [deg], 8700.0 [ft]) (33.9562854022 [deg], -96.6813910239 [deg], 8700.0 [ft]) (33.9565538512 [deg], -96.6815260778 [deg], 8700.0 [ft]) (33.956820304 [deg], -96.6816667604 [deg], 8700.0 [ft]) (33.9570846795 [deg], -96.6818130288 [deg], 8700.0 [ft]) (33.9573468972 [deg], -96.6819648385 [deg], 8700.0 [ft]) (33.9576068772 [deg], -96.6821221434 [deg], 8700.0 [ft]) (33.9578645402 [deg], -96.6822848954 [deg], 8700.0 [ft]) (33.9581198078 [deg], -96.6824530451 [deg], 8700.0 [ft]) (33.9583726022 [deg], -96.6826265414 [deg], 8700.0 [ft]) (33.9586228463 [deg], -96.6828053313 [deg], 8700.0 [ft]) (33.9588704639 [deg], -96.6829893605 [deg], 8700.0 [ft]) (33.9591153795 [deg], -96.6831785729 [deg], 8700.0 [ft]) (33.9593575186 [deg], -96.6833729109 [deg], 8700.0 [ft]) (33.9595968073 [deg], -96.6835723154 [deg], 8700.0 [ft]) (33.9598331727 [deg], -96.6837767256 [deg], 8700.0 [ft]) (33.9600665428 [deg], -96.6839860793 [deg], 8700.0 [ft]) (33.9602968466 [deg], -96.6842003127 [deg], 8700.0 [ft]) (33.9605240137 [deg], -96.6844193605 [deg], 8700.0 [ft]) (33.960747975 [deg], -96.6846431562 [deg], 8700.0 [ft]) (33.9609686622 [deg], -96.6848716315 [deg], 8700.0 [ft]) (33.9611860081 [deg], -96.6851047168 [deg], 8700.0 [ft]) (33.9613999465 [deg], -96.6853423411 [deg], 8700.0 [ft]) (33.9616104122 [deg], -96.6855844321 [deg], 8700.0 [ft]) (33.961817341 [deg], -96.685830916 [deg], 8700.0 [ft]) (33.9620206698 [deg], -96.6860817178 [deg], 8700.0 [ft]) (33.9622203368 [deg], -96.686336761 [deg], 8700.0 [ft]) (33.962416281 [deg], -96.6865959679 [deg], 8700.0 [ft]) (33.9626084428 [deg], -96.6868592597 [deg], 8700.0 [ft]) (33.9627967636 [deg], -96.687126556 [deg], 8700.0 [ft]) (33.9629811859 [deg], -96.6873977754 [deg], 8700.0 [ft]) (33.9631616537 [deg], -96.6876728354 [deg], 8700.0 [ft]) (33.9633381119 [deg], -96.6879516521 [deg], 8700.0 [ft]) (33.9635105067 [deg], -96.6882341405 [deg], 8700.0 [ft]) (33.9636787855 [deg], -96.6885202147 [deg], 8700.0 [ft]) (33.9638428972 [deg], -96.6888097874 [deg], 8700.0 [ft]) (33.9640027917 [deg], -96.6891027704 [deg], 8700.0 [ft]) (33.9641584202 [deg], -96.6893990745 [deg], 8700.0 [ft]) (33.9643097354 [deg], -96.6896986093 [deg], 8700.0 [ft]) (33.964456691 [deg], -96.6900012836 [deg], 8700.0 [ft]) (33.9645992424 [deg], -96.6903070051 [deg], 8700.0 [ft]) (33.9647373461 [deg], -96.6906156808 [deg], 8700.0 [ft]) (33.96487096 [deg], -96.6909272165 [deg], 8700.0 [ft]) (33.9650000433 [deg], -96.6912415173 [deg], 8700.0 [ft]) (33.9651245568 [deg], -96.6915584874 [deg], 8700.0 [ft]) (33.9652444624 [deg], -96.6918780303 [deg], 8700.0 [ft]) (33.9653597237 [deg], -96.6922000485 [deg], 8700.0 [ft]) (33.9654703055 [deg], -96.692524444 [deg], 8700.0 [ft]) (33.9655761741 [deg], -96.6928511178 [deg], 8700.0 [ft]) (33.9656772973 [deg], -96.6931799704 [deg], 8700.0 [ft]) (33.9657736442 [deg], -96.6935109017 [deg], 8700.0 [ft]) (33.9658651854 [deg], -96.6938438106 [deg], 8700.0 [ft]) (33.9659518931 [deg], -96.6941785959 [deg], 8700.0 [ft]) (33.9660337408 [deg], -96.6945151554 [deg], 8700.0 [ft]) (33.9661107036 [deg], -96.6948533866 [deg], 8700.0 [ft]) (33.966182758 [deg], -96.6951931864 [deg], 8700.0 [ft]) (33.9662498821 [deg], -96.6955344512 [deg], 8700.0 [ft]) (33.9663120554 [deg], -96.6958770771 [deg], 8700.0 [ft]) (33.9663692589 [deg], -96.6962209596 [deg], 8700.0 [ft]) (33.9664214753 [deg], -96.6965659938 [deg], 8700.0 [ft]) (33.9664686886 [deg], -96.6969120747 [deg], 8700.0 [ft]) (33.9665108844 [deg], -96.6972590968 [deg], 8700.0 [ft]) (33.9665480499 [deg], -96.6976069543 [deg], 8700.0 [ft]) (33.9665801737 [deg], -96.6979555411 [deg], 8700.0 [ft]) (33.966607246 [deg], -96.698304751 [deg], 8700.0 [ft]) (33.9666292586 [deg], -96.6986544777 [deg], 8700.0 [ft]) (33.9666462048 [deg], -96.6990046144 [deg], 8700.0 [ft]) (33.9666580794 [deg], -96.6993550545 [deg], 8700.0 [ft]) (33.9666648788 [deg], -96.6997056912 [deg], 8700.0 [ft]) (33.966666601 [deg], -96.7000564176 [deg], 8700.0 [ft]) (33.9666632453 [deg], -96.7004071268 [deg], 8700.0 [ft]) (33.9666548129 [deg], -96.7007577119 [deg], 8700.0 [ft]) (33.9666413062 [deg], -96.7011080661 [deg], 8700.0 [ft]) (33.9666227294 [deg], -96.7014580826 [deg], 8700.0 [ft]) (33.9665990883 [deg], -96.7018076546 [deg], 8700.0 [ft]) (33.9665703898 [deg], -96.7021566757 [deg], 8700.0 [ft]) (33.966536643 [deg], -96.7025050394 [deg], 8700.0 [ft]) (33.9664978579 [deg], -96.7028526397 [deg], 8700.0 [ft]) (33.9664540464 [deg], -96.7031993705 [deg], 8700.0 [ft]) (33.9664052219 [deg], -96.7035451262 [deg], 8700.0 [ft]) (33.9663513993 [deg], -96.7038898014 [deg], 8700.0 [ft]) (33.966292595 [deg], -96.704233291 [deg], 8700.0 [ft]) (33.9662288268 [deg], -96.7045754904 [deg], 8700.0 [ft]) (33.9661601143 [deg], -96.7049162952 [deg], 8700.0 [ft]) (33.9660864783 [deg], -96.7052556017 [deg], 8700.0 [ft]) (33.9660079414 [deg], -96.7055933063 [deg], 8700.0 [ft]) (33.9659245274 [deg], -96.7059293062 [deg], 8700.0 [ft]) (33.9658362618 [deg], -96.7062634989 [deg], 8700.0 [ft]) (33.9657431714 [deg], -96.7065957827 [deg], 8700.0 [ft]) (33.9656452847 [deg], -96.7069260562 [deg], 8700.0 [ft]) (33.9655426314 [deg], -96.7072542188 [deg], 8700.0 [ft]) (33.965435243 [deg], -96.7075801705 [deg], 8700.0 [ft]) (33.965323152 [deg], -96.7079038119 [deg], 8700.0 [ft]) (33.9652063927 [deg], -96.7082250445 [deg], 8700.0 [ft]) (33.9650850006 [deg], -96.7085437702 [deg], 8700.0 [ft]) (33.9649590127 [deg], -96.7088598921 [deg], 8700.0 [ft]) (33.9648284675 [deg], -96.7091733138 [deg], 8700.0 [ft]) (33.9646934047 [deg], -96.7094839397 [deg], 8700.0 [ft]) (33.9645538655 [deg], -96.7097916752 [deg], 8700.0 [ft]) (33.9644098924 [deg], -96.7100964265 [deg], 8700.0 [ft]) (33.9642615293 [deg], -96.7103981008 [deg], 8700.0 [ft]) (33.9641088214 [deg], -96.7106966062 [deg], 8700.0 [ft]) (33.9639518153 [deg], -96.7109918516 [deg], 8700.0 [ft]) (33.9637905587 [deg], -96.7112837472 [deg], 8700.0 [ft]) (33.9636251009 [deg], -96.711572204 [deg], 8700.0 [ft]) (33.9634554922 [deg], -96.711857134 [deg], 8700.0 [ft]) (33.9632817844 [deg], -96.7121384506 [deg], 8700.0 [ft]) (33.9631040304 [deg], -96.7124160679 [deg], 8700.0 [ft]) (33.9629222843 [deg], -96.7126899014 [deg], 8700.0 [ft]) (33.9627366016 [deg], -96.7129598677 [deg], 8700.0 [ft]) (33.9625470388 [deg], -96.7132258846 [deg], 8700.0 [ft]) (33.9623536538 [deg], -96.7134878709 [deg], 8700.0 [ft]) (33.9621565053 [deg], -96.7137457469 [deg], 8700.0 [ft]) (33.9619556536 [deg], -96.713999434 [deg], 8700.0 [ft]) (33.9617511598 [deg], -96.7142488549 [deg], 8700.0 [ft]) (33.9615430862 [deg], -96.7144939337 [deg], 8700.0 [ft]) (33.9613314963 [deg], -96.7147345957 [deg], 8700.0 [ft]) (33.9611164545 [deg], -96.7149707676 [deg], 8700.0 [ft]) (33.9608980264 [deg], -96.7152023775 [deg], 8700.0 [ft]) (33.9606762785 [deg], -96.7154293549 [deg], 8700.0 [ft]) (33.9604512783 [deg], -96.7156516305 [deg], 8700.0 [ft]) (33.9602230945 [deg], -96.7158691367 [deg], 8700.0 [ft]) (33.9599917966 [deg], -96.7160818073 [deg], 8700.0 [ft]) (33.9597574551 [deg], -96.7162895775 [deg], 8700.0 [ft]) (33.9595201413 [deg], -96.716492384 [deg], 8700.0 [ft]) (33.9592799276 [deg], -96.7166901651 [deg], 8700.0 [ft]) (33.9590368872 [deg], -96.7168828605 [deg], 8700.0 [ft]) (33.9587910942 [deg], -96.7170704117 [deg], 8700.0 [ft]) (33.9585426233 [deg], -96.7172527614 [deg], 8700.0 [ft]) (33.9582915504 [deg], -96.7174298541 [deg], 8700.0 [ft]) (33.958037952 [deg], -96.717601636 [deg], 8700.0 [ft]) (33.9577819052 [deg], -96.7177680548 [deg], 8700.0 [ft]) (33.9575234882 [deg], -96.7179290598 [deg], 8700.0 [ft]) (33.9572627796 [deg], -96.7180846019 [deg], 8700.0 [ft]) (33.956999859 [deg], -96.7182346339 [deg], 8700.0 [ft]) (33.9567348063 [deg], -96.71837911 [deg], 8700.0 [ft]) (33.9564677025 [deg], -96.7185179864 [deg], 8700.0 [ft]) (33.9561986287 [deg], -96.7186512208 [deg], 8700.0 [ft]) (33.9559276671 [deg], -96.7187787725 [deg], 8700.0 [ft]) (33.9556549002 [deg], -96.7189006029 [deg], 8700.0 [ft]) (33.9553804111 [deg], -96.7190166748 [deg], 8700.0 [ft]) (33.9551042834 [deg], -96.719126953 [deg], 8700.0 [ft]) (33.9548266012 [deg], -96.7192314038 [deg], 8700.0 [ft]) (33.9545474492 [deg], -96.7193299956 [deg], 8700.0 [ft]) (33.9542669124 [deg], -96.7194226983 [deg], 8700.0 [ft]) (33.9539850762 [deg], -96.7195094838 [deg], 8700.0 [ft]) (33.9537020265 [deg], -96.7195903257 [deg], 8700.0 [ft]) (33.9534178496 [deg], -96.7196651994 [deg], 8700.0 [ft]) (33.953132632 [deg], -96.7197340822 [deg], 8700.0 [ft]) (33.8010762857 [deg], -96.7547421771 [deg], 8700.0 [ft]) (33.8007009042 [deg], -96.7542156408 [deg], 8700.0 [ft]) (33.8003332136 [deg], -96.7536813054 [deg], 8700.0 [ft]) (33.7999733259 [deg], -96.7531393336 [deg], 8700.0 [ft]) (33.7996213507 [deg], -96.7525898905 [deg], 8700.0 [ft]) (33.7992773949 [deg], -96.7520331434 [deg], 8700.0 [ft]) (33.7989415634 [deg], -96.7514692618 [deg], 8700.0 [ft]) (33.7986139583 [deg], -96.7508984173 [deg], 8700.0 [ft]) (33.7982946793 [deg], -96.7503207839 [deg], 8700.0 [ft]) (33.7979838236 [deg], -96.7497365372 [deg], 8700.0 [ft]) (33.7976814858 [deg], -96.7491458553 [deg], 8700.0 [ft]) (33.7973877578 [deg], -96.7485489179 [deg], 8700.0 [ft]) (33.7971027291 [deg], -96.7479459067 [deg], 8700.0 [ft]) (33.7968264863 [deg], -96.7473370053 [deg], 8700.0 [ft]) (33.7965591137 [deg], -96.746722399 [deg], 8700.0 [ft]) (33.7963006924 [deg], -96.746102275 [deg], 8700.0 [ft]) (33.7960513012 [deg], -96.7454768219 [deg], 8700.0 [ft]) (33.7958110159 [deg], -96.7448462301 [deg], 8700.0 [ft]) (33.7955799097 [deg], -96.7442106916 [deg], 8700.0 [ft]) (33.7953580529 [deg], -96.7435703998 [deg], 8700.0 [ft]) (33.7951455129 [deg], -96.7429255495 [deg], 8700.0 [ft]) (33.7949423545 [deg], -96.742276337 [deg], 8700.0 [ft]) (33.7947486395 [deg], -96.7416229598 [deg], 8700.0 [ft]) (33.7945644268 [deg], -96.7409656169 [deg], 8700.0 [ft]) (33.7943897724 [deg], -96.7403045082 [deg], 8700.0 [ft]) (33.7942247296 [deg], -96.7396398349 [deg], 8700.0 [ft]) (33.7940693485 [deg], -96.7389717993 [deg], 8700.0 [ft]) (33.7939236764 [deg], -96.7383006046 [deg], 8700.0 [ft]) (33.7937877576 [deg], -96.7376264552 [deg], 8700.0 [ft]) (33.7936616335 [deg], -96.7369495561 [deg], 8700.0 [ft]) (33.7935453425 [deg], -96.7362701133 [deg], 8700.0 [ft]) (33.7934389199 [deg], -96.7355883335 [deg], 8700.0 [ft]) (33.7933423981 [deg], -96.7349044242 [deg], 8700.0 [ft]) (33.7932558066 [deg], -96.7342185936 [deg], 8700.0 [ft]) (33.7931791715 [deg], -96.7335310502 [deg], 8700.0 [ft]) (33.7931125164 [deg], -96.7328420032 [deg], 8700.0 [ft]) (33.7930558613 [deg], -96.7321516624 [deg], 8700.0 [ft]) (33.7930092237 [deg], -96.7314602377 [deg], 8700.0 [ft]) (33.7929726176 [deg], -96.7307679395 [deg], 8700.0 [ft]) (33.7929460542 [deg], -96.7300749785 [deg], 8700.0 [ft]) (33.7929295416 [deg], -96.7293815656 [deg], 8700.0 [ft]) (33.7929230848 [deg], -96.7286879116 [deg], 8700.0 [ft]) (33.7929266857 [deg], -96.7279942276 [deg], 8700.0 [ft]) (33.7929403434 [deg], -96.7273007248 [deg], 8700.0 [ft]) (33.7929640535 [deg], -96.726607614 [deg], 8700.0 [ft]) (33.792997809 [deg], -96.7259151062 [deg], 8700.0 [ft]) (33.7930415995 [deg], -96.7252234121 [deg], 8700.0 [ft]) (33.7930954117 [deg], -96.7245327421 [deg], 8700.0 [ft]) (33.7931592293 [deg], -96.7238433064 [deg], 8700.0 [ft]) (33.7932330328 [deg], -96.7231553148 [deg], 8700.0 [ft]) (33.7933167997 [deg], -96.7224689766 [deg], 8700.0 [ft]) (33.7934105046 [deg], -96.7217845005 [deg], 8700.0 [ft]) (33.793514119 [deg], -96.721102095 [deg], 8700.0 [ft]) (33.7936276114 [deg], -96.7204219675 [deg], 8700.0 [ft]) (33.7937509471 [deg], -96.7197443252 [deg], 8700.0 [ft]) (33.7938840888 [deg], -96.7190693741 [deg], 8700.0 [ft]) (33.7940269958 [deg], -96.7183973196 [deg], 8700.0 [ft]) (33.7941796247 [deg], -96.7177283663 [deg], 8700.0 [ft]) (33.7943419291 [deg], -96.7170627177 [deg], 8700.0 [ft]) (33.7945138595 [deg], -96.7164005763 [deg], 8700.0 [ft]) (33.7946953637 [deg], -96.7157421437 [deg], 8700.0 [ft]) (33.7948099254 [deg], -96.7153452454 [deg], 8700.0 [ft]) 
