##
## DAIDALUSj V-2.0.4-FormalATM-v2.7.5
##

# Daidalus Object
# V-2.0.4
# Bands Parameters
lookahead_time = 180.0 [s]
left_hdir = 180.0 [deg]
right_hdir = 180.0 [deg]
min_airspeed = 10.0 [knot]
min_hs = 10.0 [knot]
max_hs = 700.0 [knot]
min_vs = -6000.0 [fpm]
max_vs = 6000.0 [fpm]
min_alt = 100.0 [ft]
max_alt = 50000.0 [ft]
# Relative Bands Parameters
below_relative_hs = 0.0 [knot]
above_relative_hs = 0.0 [knot]
below_relative_vs = 0.0 [fpm]
above_relative_vs = 0.0 [fpm]
below_relative_alt = 0.0 [ft]
above_relative_alt = 0.0 [ft]
# Kinematic Parameters
step_hdir = 1.0 [deg]
step_hs = 5.0 [knot]
step_vs = 100.0 [fpm]
step_alt = 100.0 [ft]
horizontal_accel = 0.0 [m/s^2]
vertical_accel = 0.0 [G]
turn_rate = 0.0 [deg/s]
bank_angle = 0.0 [deg]
vertical_rate = 0.0 [fpm]
# Recovery Bands Parameters
min_horizontal_recovery = 5.0 [nmi]
min_vertical_recovery = 1000.0 [ft]
recovery_hdir = true
recovery_hs = true
recovery_vs = true
recovery_alt = true
# Collision Avoidance Bands Parameters
ca_bands = true
ca_factor = 0.1
horizontal_nmac = 500.0 [ft]
vertical_nmac = 100.0 [ft]
# Hysteresis and persistence parameters
recovery_stability_time = 3.0 [s]
hysteresis_time = 0.0 [s]
persistence_time = 0.0 [s]
bands_persistence = false
persistence_preferred_hdir = 0.0 [deg]
persistence_preferred_hs = 0.0 [knot]
persistence_preferred_vs = 0.0 [fpm]
persistence_preferred_alt = 0.0 [ft]
alerting_m = 0
alerting_n = 0
# Implicit Coordination Parameters
conflict_crit = false
recovery_crit = false
# Sensor Uncertainty Mitigation Parameters
h_pos_z_score = 0.0
h_vel_z_score_min = 0.0
h_vel_z_score_max = 0.0
h_vel_z_distance = 0.0 [nmi]
v_pos_z_score = 0.0
v_vel_z_score = 0.0
# Horizontal Contour Threshold
contour_thr = 180.0 [deg]
# DAA Terminal Area Logic (0:Disabled, 1:Horizontal Recovery Enabled, -1:Horizontal Recovery Disabled)
dta_logic = 0
dta_latitude = 0.0 [deg]
dta_longitude = 0.0 [deg]
dta_radius = 0.0 [nmi]
dta_height = 0.0 [ft]
dta_alerter = 0
# Horizontal Direction Bands Logic When Below Min Airspeed (O:Disabled, 1:Instantaneous, -1:Kinematic)
hdir_bands_below_min_as = 0
# Alerting Logic
ownship_centric_alerting = true
bands_add_time_to_maneuver = false
corrective_region = NEAR
alerters = CD3D
CD3D_alert_1_region = NEAR
CD3D_alert_1_alerting_time = 180.0 [s]
CD3D_alert_1_early_alerting_time = 180.0 [s]
CD3D_alert_1_spread_hdir = 0.0 [deg]
CD3D_alert_1_spread_hs = 0.0 [knot]
CD3D_alert_1_spread_vs = 0.0 [fpm]
CD3D_alert_1_spread_alt = 0.0 [ft]
CD3D_alert_1_detector = det_1
CD3D_det_1_D = 5.0 [nmi]
CD3D_det_1_H = 1000.0 [ft]
CD3D_load_core_detection_det_1 = gov.nasa.larcfm.ACCoRD.CDCylinder
###
NAME lat lon alt trk gs vs heading airspeed time alerter s_EW_std s_NS_std s_EN_std sz_std v_EW_std v_NS_std v_EN_std vz_std
[none] [deg] [deg] [ft] [deg] [knot] [fpm] [deg] [knot] [s] [none] [nmi] [nmi] [nmi] [ft] [knot] [knot] [knot] [fpm]
ownship, 33.95, -96.7, 8700.0, 206.0, 151.0, 0.0, 207.1623882306, 160.4882117114, 0.0, 1, 0.0, 0.0, 0.0, 0.0, 0.0, 0.0, 0.0, 0.0
intruder, 33.86191658, -96.73272601, 9000.0, 0.0, 210.0, 0.0, 358.0043334101, 203.0520906541, 0.0, 1, 0.0, 0.0, 0.0, 0.0, 0.0, 0.0, 0.0, 0.0

Number of Aircraft: 2
Last Aircraft Index: 1

Ownship in conflict for corrective (NEAR) region: true
Predicted Time to Violation of Alert Thresholds at Level 1 with intruder: 5.46 [s]
Predicted Time to Violation of Corrective Volume with intruder: 5.46 [s]
Alert Level 1 with intruder

Conflict Aircraft for Bands Region FAR: {}
Conflict Aircraft for Bands Region MID: {}
Conflict Aircraft for Bands Region NEAR: {intruder}

Ownship Heading: 207.16 [deg]
Region of Current Heading: NEAR
Heading Bands [deg,deg]
  NEAR:	[0.0, 17.16]
  NONE:	[17.16, 67.16]
  NEAR:	[67.16, 360.0]
Peripheral Aircraft for Heading Bands Region FAR: {}
Peripheral Aircraft for Heading Bands Region MID: {}
Peripheral Aircraft for Heading Bands Region NEAR: {}
Heading Resolution (right): 17.16 [deg]
Heading Resolution (left): 67.16 [deg]
Preferred Heading Direction: left
Recovery Information for Horizontal Speed Bands:
  Time to Recovery: NaN [s]
  Recovery Horizontal Distance: NaN [nmi]
  Recovery Vertical Distance: NaN [ft]
Ownship Airspeed: 160.49 [knot]
Region of Current Airspeed: NEAR
Airspeed Bands [knot,knot]:
  NEAR:	[10.0, 10.49]
  RECOVERY:	[10.49, 20.49]
  NEAR:	[20.49, 700.0]
Peripheral Aircraft for Airspeed Bands Region FAR: {}
Peripheral Aircraft for Airspeed Bands Region MID: {}
Peripheral Aircraft for Airspeed Bands Region NEAR: {}
Airspeed Resolution (up): N/A
Airspeed Resolution (down): 20.49 [knot]
Preferred Airspeed Direction: down
Recovery Information for Horizontal Speed Bands:
  Time to Recovery: 169.640625 [s]
  Recovery Horizontal Distance: 1.5690529805 [nmi]
  Recovery Vertical Distance: 313.81059609 [ft]
Ownship Vertical Speed: 0.0 [fpm]
Region of Current Vertical Speed: NEAR
Vertical Speed Bands [fpm,fpm]:
  RECOVERY:	[-6000.0, -4100.0]
  NEAR:	[-4100.0, 6000.0]
Peripheral Aircraft for Vertical Speed Bands Region FAR: {}
Peripheral Aircraft for Vertical Speed Bands Region MID: {}
Peripheral Aircraft for Vertical Speed Bands Region NEAR: {}
Vertical Speed Resolution (up): N/A
Vertical Speed Resolution (down): -4100.0 [fpm]
Preferred Vertical Speed Direction: down
Recovery Information for Vertical Speed Bands:
  Time to Recovery: 10.3828125 [s]
  Recovery Horizontal Distance: 4.5 [nmi]
  Recovery Vertical Distance: 900.0 [ft]
Ownship Altitude: 8700.0 [ft]
Region of Current Altitude: NEAR
Altitude Bands [ft,ft]:
  NONE:	[100.0, 8000.0]
  NEAR:	[8000.0, 10000.0]
  NONE:	[10000.0, 50000.0]
Peripheral Aircraft for Altitude Bands Region FAR: {}
Peripheral Aircraft for Altitude Bands Region MID: {}
Peripheral Aircraft for Altitude Bands Region NEAR: {}
Altitude Resolution (up): 10000.0 [ft]
Altitude Resolution (down): 8000.0 [ft]
Preferred Altitude Direction: down
Recovery Information for Altitude Bands:
  Time to Recovery: NaN [s]
  Recovery Horizontal Distance: NaN [nmi]
  Recovery Vertical Distance: NaN [ft]

Last Times to Maneuver with Respect to intruder:
  Heading Maneuver: 2.39 [s]
  Airspeed Maneuver: N/A
  Vertical Speed Maneuver: N/A
  Altitude Maneuver: 5.12 [s]

Counter-clockwise Corrective Contour wrt Aircraft intruder: 
(33.9601357191 [deg], -96.6694941861 [deg], 8700.0 [ft]) (33.9587615597 [deg], -96.6722371379 [deg], 8700.0 [ft]) (33.957795614 [deg], -96.6739390397 [deg], 8700.0 [ft]) (33.9569986934 [deg], -96.6752589617 [deg], 8700.0 [ft]) (33.9563069122 [deg], -96.6763623941 [deg], 8700.0 [ft]) (33.9556907741 [deg], -96.6773216539 [deg], 8700.0 [ft]) (33.9551333852 [deg], -96.6781760354 [deg], 8700.0 [ft]) (33.9546238168 [deg], -96.6789497012 [deg], 8700.0 [ft]) (33.9541544173 [deg], -96.679658763 [deg], 8700.0 [ft]) (33.9537195248 [deg], -96.6803146001 [deg], 8700.0 [ft]) (33.9533147744 [deg], -96.6809256034 [deg], 8700.0 [ft]) (33.9529366944 [deg], -96.6814981721 [deg], 8700.0 [ft]) (33.9525824543 [deg], -96.6820373196 [deg], 8700.0 [ft]) (33.9522497008 [deg], -96.6825470614 [deg], 8700.0 [ft]) (33.951936445 [deg], -96.6830306741 [deg], 8700.0 [ft]) (33.9516409835 [deg], -96.6834908731 [deg], 8700.0 [ft]) (33.9513618408 [deg], -96.6839299398 [deg], 8700.0 [ft]) (33.9510977263 [deg], -96.6843498132 [deg], 8700.0 [ft]) (33.9508475021 [deg], -96.6847521585 [deg], 8700.0 [ft]) (33.9506101576 [deg], -96.6851384187 [deg], 8700.0 [ft]) (33.9503847897 [deg], -96.6855098543 [deg], 8700.0 [ft]) (33.9501705869 [deg], -96.6858675744 [deg], 8700.0 [ft]) (33.9499668165 [deg], -96.6862125612 [deg], 8700.0 [ft]) (33.949772814 [deg], -96.6865456897 [deg], 8700.0 [ft]) (33.9495879747 [deg], -96.6868677436 [deg], 8700.0 [ft]) (33.9494117462 [deg], -96.687179428 [deg], 8700.0 [ft]) (33.9492436222 [deg], -96.6874813805 [deg], 8700.0 [ft]) (33.9490831377 [deg], -96.6877741794 [deg], 8700.0 [ft]) (33.9489298641 [deg], -96.6880583519 [deg], 8700.0 [ft]) (33.9487834056 [deg], -96.6883343799 [deg], 8700.0 [ft]) (33.9486433961 [deg], -96.6886027051 [deg], 8700.0 [ft]) (33.9485094958 [deg], -96.688863734 [deg], 8700.0 [ft]) (33.9483813892 [deg], -96.6891178415 [deg], 8700.0 [ft]) (33.9482587827 [deg], -96.6893653743 [deg], 8700.0 [ft]) (33.9481414024 [deg], -96.6896066536 [deg], 8700.0 [ft]) (33.9480289929 [deg], -96.6898419781 [deg], 8700.0 [ft]) (33.9479213152 [deg], -96.6900716257 [deg], 8700.0 [ft]) (33.9478181456 [deg], -96.6902958558 [deg], 8700.0 [ft]) (33.9477192746 [deg], -96.6905149105 [deg], 8700.0 [ft]) (33.9476245054 [deg], -96.6907290168 [deg], 8700.0 [ft]) (33.9475336532 [deg], -96.6909383876 [deg], 8700.0 [ft]) (33.9474465444 [deg], -96.6911432225 [deg], 8700.0 [ft]) (33.9473630153 [deg], -96.6913437097 [deg], 8700.0 [ft]) (33.947282912 [deg], -96.6915400261 [deg], 8700.0 [ft]) (33.9472060891 [deg], -96.6917323389 [deg], 8700.0 [ft]) (33.9471324096 [deg], -96.6919208058 [deg], 8700.0 [ft]) (33.9470617438 [deg], -96.6921055759 [deg], 8700.0 [ft]) (33.9469939696 [deg], -96.6922867905 [deg], 8700.0 [ft]) (33.9469289709 [deg], -96.6924645834 [deg], 8700.0 [ft]) (33.9468666384 [deg], -96.6926390816 [deg], 8700.0 [ft]) (33.9468068682 [deg], -96.6928104058 [deg], 8700.0 [ft]) (33.9467495619 [deg], -96.6929786704 [deg], 8700.0 [ft]) (33.9466946263 [deg], -96.6931439847 [deg], 8700.0 [ft]) (33.9466419728 [deg], -96.6933064524 [deg], 8700.0 [ft]) (33.9465915175 [deg], -96.6934661727 [deg], 8700.0 [ft]) (33.9465431806 [deg], -96.6936232399 [deg], 8700.0 [ft]) (33.9464968861 [deg], -96.6937777442 [deg], 8700.0 [ft]) (33.946452562 [deg], -96.6939297719 [deg], 8700.0 [ft]) (33.9464101398 [deg], -96.6940794052 [deg], 8700.0 [ft]) (33.9463695541 [deg], -96.6942267229 [deg], 8700.0 [ft]) (33.9463307429 [deg], -96.6943718007 [deg], 8700.0 [ft]) (33.946293647 [deg], -96.6945147107 [deg], 8700.0 [ft]) (33.94625821 [deg], -96.6946555223 [deg], 8700.0 [ft]) (33.9462243783 [deg], -96.694794302 [deg], 8700.0 [ft]) (33.9461921005 [deg], -96.6949311136 [deg], 8700.0 [ft]) (33.946161328 [deg], -96.6950660186 [deg], 8700.0 [ft]) (33.9461320141 [deg], -96.6951990757 [deg], 8700.0 [ft]) (33.9461041145 [deg], -96.6953303417 [deg], 8700.0 [ft]) (33.9460775866 [deg], -96.6954598712 [deg], 8700.0 [ft]) (33.9460523901 [deg], -96.6955877165 [deg], 8700.0 [ft]) (33.9460284863 [deg], -96.6957139283 [deg], 8700.0 [ft]) (33.9460058383 [deg], -96.6958385553 [deg], 8700.0 [ft]) (33.9459844109 [deg], -96.6959616444 [deg], 8700.0 [ft]) (33.9459641705 [deg], -96.6960832409 [deg], 8700.0 [ft]) (33.9459450848 [deg], -96.6962033887 [deg], 8700.0 [ft]) (33.9459271232 [deg], -96.6963221298 [deg], 8700.0 [ft]) (33.9459102562 [deg], -96.6964395051 [deg], 8700.0 [ft]) (33.945894456 [deg], -96.6965555539 [deg], 8700.0 [ft]) (33.9458796957 [deg], -96.6966703145 [deg], 8700.0 [ft]) (33.9458659496 [deg], -96.6967838235 [deg], 8700.0 [ft]) (33.9458531934 [deg], -96.6968961167 [deg], 8700.0 [ft]) (33.9458414037 [deg], -96.6970072286 [deg], 8700.0 [ft]) (33.9458305582 [deg], -96.6971171926 [deg], 8700.0 [ft]) (33.9458206355 [deg], -96.6972260411 [deg], 8700.0 [ft]) (33.9458116153 [deg], -96.6973338054 [deg], 8700.0 [ft]) (33.9458034781 [deg], -96.6974405161 [deg], 8700.0 [ft]) (33.9457962055 [deg], -96.6975462026 [deg], 8700.0 [ft]) (33.9457897797 [deg], -96.6976508936 [deg], 8700.0 [ft]) (33.9457841839 [deg], -96.6977546169 [deg], 8700.0 [ft]) (33.9457794018 [deg], -96.6978573995 [deg], 8700.0 [ft]) (33.9457754183 [deg], -96.6979592676 [deg], 8700.0 [ft]) (33.9457722187 [deg], -96.6980602467 [deg], 8700.0 [ft]) (33.945769789 [deg], -96.6981603616 [deg], 8700.0 [ft]) (33.945768116 [deg], -96.6982596364 [deg], 8700.0 [ft]) (33.9457671872 [deg], -96.6983580946 [deg], 8700.0 [ft]) (33.9457669906 [deg], -96.698455759 [deg], 8700.0 [ft]) (33.9457675148 [deg], -96.6985526517 [deg], 8700.0 [ft]) (33.9457687491 [deg], -96.6986487945 [deg], 8700.0 [ft]) (33.9457706833 [deg], -96.6987442085 [deg], 8700.0 [ft]) (33.9457733078 [deg], -96.6988389141 [deg], 8700.0 [ft]) (33.9457766134 [deg], -96.6989329314 [deg], 8700.0 [ft]) (33.9457805917 [deg], -96.6990262799 [deg], 8700.0 [ft]) (33.9457852344 [deg], -96.6991189788 [deg], 8700.0 [ft]) (33.9457905341 [deg], -96.6992110466 [deg], 8700.0 [ft]) (33.9457964836 [deg], -96.6993025014 [deg], 8700.0 [ft]) (33.9458030763 [deg], -96.6993933611 [deg], 8700.0 [ft]) (33.945810306 [deg], -96.6994836429 [deg], 8700.0 [ft]) (33.9458181669 [deg], -96.6995733637 [deg], 8700.0 [ft]) (33.9458266538 [deg], -96.6996625402 [deg], 8700.0 [ft]) (33.9458357616 [deg], -96.6997511886 [deg], 8700.0 [ft]) (33.9458454861 [deg], -96.6998393246 [deg], 8700.0 [ft]) (33.945855823 [deg], -96.6999269637 [deg], 8700.0 [ft]) (33.9458667688 [deg], -96.7000141212 [deg], 8700.0 [ft]) (33.94587832 [deg], -96.7001008119 [deg], 8700.0 [ft]) (33.9458904739 [deg], -96.7001870503 [deg], 8700.0 [ft]) (33.9459032278 [deg], -96.7002728507 [deg], 8700.0 [ft]) (33.9459165797 [deg], -96.7003582271 [deg], 8700.0 [ft]) (33.9459305276 [deg], -96.7004431932 [deg], 8700.0 [ft]) (33.9459450703 [deg], -96.7005277625 [deg], 8700.0 [ft]) (33.9459602065 [deg], -96.700611948 [deg], 8700.0 [ft]) (33.9459759357 [deg], -96.7006957628 [deg], 8700.0 [ft]) (33.9459922573 [deg], -96.7007792195 [deg], 8700.0 [ft]) (33.9460091714 [deg], -96.7008623307 [deg], 8700.0 [ft]) (33.9460266783 [deg], -96.7009451085 [deg], 8700.0 [ft]) (33.9460447786 [deg], -96.7010275651 [deg], 8700.0 [ft]) (33.9460634734 [deg], -96.7011097123 [deg], 8700.0 [ft]) (33.9460827639 [deg], -96.7011915617 [deg], 8700.0 [ft]) (33.9461026519 [deg], -96.7012731248 [deg], 8700.0 [ft]) (33.9461231394 [deg], -96.7013544127 [deg], 8700.0 [ft]) (33.9461442287 [deg], -96.7014354367 [deg], 8700.0 [ft]) (33.9461659224 [deg], -96.7015162076 [deg], 8700.0 [ft]) (33.9461882237 [deg], -96.7015967362 [deg], 8700.0 [ft]) (33.9462111359 [deg], -96.701677033 [deg], 8700.0 [ft]) (33.9462346627 [deg], -96.7017571085 [deg], 8700.0 [ft]) (33.9462588082 [deg], -96.7018369729 [deg], 8700.0 [ft]) (33.9462835768 [deg], -96.7019166364 [deg], 8700.0 [ft]) (33.9463089731 [deg], -96.7019961089 [deg], 8700.0 [ft]) (33.9463350024 [deg], -96.7020754003 [deg], 8700.0 [ft]) (33.94636167 [deg], -96.7021545203 [deg], 8700.0 [ft]) (33.9463889819 [deg], -96.7022334784 [deg], 8700.0 [ft]) (33.9464169441 [deg], -96.7023122842 [deg], 8700.0 [ft]) (33.9464455632 [deg], -96.7023909469 [deg], 8700.0 [ft]) (33.9464748462 [deg], -96.7024694758 [deg], 8700.0 [ft]) (33.9465048004 [deg], -96.70254788 [deg], 8700.0 [ft]) (33.9465354334 [deg], -96.7026261683 [deg], 8700.0 [ft]) (33.9465667533 [deg], -96.7027043498 [deg], 8700.0 [ft]) (33.9465987687 [deg], -96.7027824331 [deg], 8700.0 [ft]) (33.9466314883 [deg], -96.7028604269 [deg], 8700.0 [ft]) (33.9466649216 [deg], -96.7029383397 [deg], 8700.0 [ft]) (33.9466990782 [deg], -96.7030161801 [deg], 8700.0 [ft]) (33.9467339683 [deg], -96.7030939562 [deg], 8700.0 [ft]) (33.9467696024 [deg], -96.7031716765 [deg], 8700.0 [ft]) (33.9468059918 [deg], -96.703249349 [deg], 8700.0 [ft]) (33.9468431478 [deg], -96.7033269817 [deg], 8700.0 [ft]) (33.9468810824 [deg], -96.7034045827 [deg], 8700.0 [ft]) (33.9469198082 [deg], -96.7034821597 [deg], 8700.0 [ft]) (33.9469593381 [deg], -96.7035597206 [deg], 8700.0 [ft]) (33.9469996855 [deg], -96.703637273 [deg], 8700.0 [ft]) (33.9470408645 [deg], -96.7037148244 [deg], 8700.0 [ft]) (33.9470828897 [deg], -96.7037923824 [deg], 8700.0 [ft]) (33.947125776 [deg], -96.7038699542 [deg], 8700.0 [ft]) (33.9471695392 [deg], -96.7039475472 [deg], 8700.0 [ft]) (33.9472141955 [deg], -96.7040251686 [deg], 8700.0 [ft]) (33.9472597617 [deg], -96.7041028254 [deg], 8700.0 [ft]) (33.9473062554 [deg], -96.7041805245 [deg], 8700.0 [ft]) (33.9473536945 [deg], -96.7042582729 [deg], 8700.0 [ft]) (33.947402098 [deg], -96.7043360773 [deg], 8700.0 [ft]) (33.9474514851 [deg], -96.7044139442 [deg], 8700.0 [ft]) (33.947501876 [deg], -96.7044918803 [deg], 8700.0 [ft]) (33.9475532916 [deg], -96.7045698918 [deg], 8700.0 [ft]) (33.9476057536 [deg], -96.7046479851 [deg], 8700.0 [ft]) (33.9476592841 [deg], -96.7047261663 [deg], 8700.0 [ft]) (33.9477139064 [deg], -96.7048044414 [deg], 8700.0 [ft]) (33.9477696445 [deg], -96.7048828163 [deg], 8700.0 [ft]) (33.9478265232 [deg], -96.7049612965 [deg], 8700.0 [ft]) (33.9478845682 [deg], -96.7050398877 [deg], 8700.0 [ft]) (33.9479438061 [deg], -96.7051185952 [deg], 8700.0 [ft]) (33.9480042645 [deg], -96.7051974243 [deg], 8700.0 [ft]) (33.9480659718 [deg], -96.7052763798 [deg], 8700.0 [ft]) (33.9481289575 [deg], -96.7053554667 [deg], 8700.0 [ft]) (33.9481932523 [deg], -96.7054346895 [deg], 8700.0 [ft]) (33.9482588877 [deg], -96.7055140525 [deg], 8700.0 [ft]) (33.9483258965 [deg], -96.70559356 [deg], 8700.0 [ft]) (33.9483943127 [deg], -96.7056732157 [deg], 8700.0 [ft]) (33.9484641712 [deg], -96.7057530234 [deg], 8700.0 [ft]) (33.9485355084 [deg], -96.7058329862 [deg], 8700.0 [ft]) (33.9486083621 [deg], -96.7059131073 [deg], 8700.0 [ft]) (33.948682771 [deg], -96.7059933894 [deg], 8700.0 [ft]) (33.9487587756 [deg], -96.7060738347 [deg], 8700.0 [ft]) (33.9488364177 [deg], -96.7061544453 [deg], 8700.0 [ft]) (33.9489157405 [deg], -96.7062352228 [deg], 8700.0 [ft]) (33.9489967888 [deg], -96.7063161684 [deg], 8700.0 [ft]) (33.9490796091 [deg], -96.7063972827 [deg], 8700.0 [ft]) (33.9491642494 [deg], -96.706478566 [deg], 8700.0 [ft]) (33.9492507596 [deg], -96.7065600181 [deg], 8700.0 [ft]) (33.9493391912 [deg], -96.7066416381 [deg], 8700.0 [ft]) (33.9494295978 [deg], -96.7067234246 [deg], 8700.0 [ft]) (33.9495220347 [deg], -96.7068053756 [deg], 8700.0 [ft]) (33.9496165593 [deg], -96.7068874884 [deg], 8700.0 [ft]) (33.9497132311 [deg], -96.7069697596 [deg], 8700.0 [ft]) (33.9498121119 [deg], -96.7070521849 [deg], 8700.0 [ft]) (33.9499132654 [deg], -96.7071347593 [deg], 8700.0 [ft]) (33.9500167581 [deg], -96.7072174771 [deg], 8700.0 [ft]) (33.9501226585 [deg], -96.7073003312 [deg], 8700.0 [ft]) (33.9502310378 [deg], -96.7073833138 [deg], 8700.0 [ft]) (33.9503419698 [deg], -96.7074664161 [deg], 8700.0 [ft]) (33.9504555312 [deg], -96.7075496279 [deg], 8700.0 [ft]) (33.9505718012 [deg], -96.7076329379 [deg], 8700.0 [ft]) (33.9506908621 [deg], -96.7077163334 [deg], 8700.0 [ft]) (33.9508127992 [deg], -96.7077998003 [deg], 8700.0 [ft]) (33.9509377011 [deg], -96.7078833231 [deg], 8700.0 [ft]) (33.9510656594 [deg], -96.7079668843 [deg], 8700.0 [ft]) (33.9511967693 [deg], -96.7080504652 [deg], 8700.0 [ft]) (33.9513311296 [deg], -96.7081340446 [deg], 8700.0 [ft]) (33.9514688424 [deg], -96.7082175999 [deg], 8700.0 [ft]) (33.951610014 [deg], -96.7083011059 [deg], 8700.0 [ft]) (33.9517547544 [deg], -96.7083845353 [deg], 8700.0 [ft]) (33.9519031776 [deg], -96.7084678582 [deg], 8700.0 [ft]) (33.952055402 [deg], -96.7085510423 [deg], 8700.0 [ft]) (33.9522115503 [deg], -96.7086340521 [deg], 8700.0 [ft]) (33.9523717495 [deg], -96.7087168495 [deg], 8700.0 [ft]) (33.9525361315 [deg], -96.7087993928 [deg], 8700.0 [ft]) (33.952704833 [deg], -96.7088816369 [deg], 8700.0 [ft]) (33.9528779954 [deg], -96.7089635331 [deg], 8700.0 [ft]) (33.9530557654 [deg], -96.7090450286 [deg], 8700.0 [ft]) (33.9532382951 [deg], -96.7091260664 [deg], 8700.0 [ft]) (33.9534257416 [deg], -96.7092065848 [deg], 8700.0 [ft]) (33.953618268 [deg], -96.7092865175 [deg], 8700.0 [ft]) (33.9538160428 [deg], -96.7093657927 [deg], 8700.0 [ft]) (33.9540192404 [deg], -96.709444333 [deg], 8700.0 [ft]) (33.9542280413 [deg], -96.7095220553 [deg], 8700.0 [ft]) (33.954442632 [deg], -96.7095988698 [deg], 8700.0 [ft]) (33.9546632052 [deg], -96.70967468 [deg], 8700.0 [ft]) (33.95488996 [deg], -96.7097493823 [deg], 8700.0 [ft]) (33.9551231019 [deg], -96.709822865 [deg], 8700.0 [ft]) (33.9553628427 [deg], -96.7098950082 [deg], 8700.0 [ft]) (33.955609401 [deg], -96.7099656833 [deg], 8700.0 [ft]) (33.9558630019 [deg], -96.7100347521 [deg], 8700.0 [ft]) (33.9561238768 [deg], -96.7101020665 [deg], 8700.0 [ft]) (33.9563922638 [deg], -96.7101674673 [deg], 8700.0 [ft]) (33.9566684076 [deg], -96.7102307845 [deg], 8700.0 [ft]) (33.9569525591 [deg], -96.7102918356 [deg], 8700.0 [ft]) (33.9572449752 [deg], -96.7103504254 [deg], 8700.0 [ft]) (33.9575459192 [deg], -96.710406345 [deg], 8700.0 [ft]) (33.9578556599 [deg], -96.7104593711 [deg], 8700.0 [ft]) (33.9581744714 [deg], -96.7105092651 [deg], 8700.0 [ft]) (33.9585026331 [deg], -96.7105557724 [deg], 8700.0 [ft]) (33.9588404287 [deg], -96.7105986211 [deg], 8700.0 [ft]) (33.9591881459 [deg], -96.7106375216 [deg], 8700.0 [ft]) (33.9595460761 [deg], -96.7106721653 [deg], 8700.0 [ft]) (33.959914513 [deg], -96.7107022237 [deg], 8700.0 [ft]) (33.9602937521 [deg], -96.7107273477 [deg], 8700.0 [ft]) (33.9606840901 [deg], -96.7107471664 [deg], 8700.0 [ft]) (33.9610858232 [deg], -96.7107612862 [deg], 8700.0 [ft]) (33.9614992464 [deg], -96.71076929 [deg], 8700.0 [ft]) (33.9619246521 [deg], -96.7107707363 [deg], 8700.0 [ft]) (33.9623623287 [deg], -96.7107651584 [deg], 8700.0 [ft]) (33.962812559 [deg], -96.7107520634 [deg], 8700.0 [ft]) (33.9632756187 [deg], -96.7107309318 [deg], 8700.0 [ft]) (33.9637517747 [deg], -96.7107012167 [deg], 8700.0 [ft]) (33.9642412833 [deg], -96.7106623437 [deg], 8700.0 [ft]) (33.9647443878 [deg], -96.7106137098 [deg], 8700.0 [ft]) (33.9652613175 [deg], -96.7105546839 [deg], 8700.0 [ft]) (33.9657922848 [deg], -96.7104846064 [deg], 8700.0 [ft]) (33.9663374837 [deg], -96.7104027896 [deg], 8700.0 [ft]) (33.9668970878 [deg], -96.7103085176 [deg], 8700.0 [ft]) (33.9674712481 [deg], -96.7102010472 [deg], 8700.0 [ft]) (33.9680600918 [deg], -96.7100796086 [deg], 8700.0 [ft]) (33.9686637202 [deg], -96.7099434063 [deg], 8700.0 [ft]) (33.9692822078 [deg], -96.7097916203 [deg], 8700.0 [ft]) (33.9699156012 [deg], -96.7096234078 [deg], 8700.0 [ft]) (33.9705639186 [deg], -96.7094379044 [deg], 8700.0 [ft]) (33.9712271495 [deg], -96.7092342263 [deg], 8700.0 [ft]) (33.9719052559 [deg], -96.7090114721 [deg], 8700.0 [ft]) (33.9725981728 [deg], -96.7087687248 [deg], 8700.0 [ft]) (33.9733058112 [deg], -96.7085050542 [deg], 8700.0 [ft]) (33.9740280603 [deg], -96.7082195184 [deg], 8700.0 [ft]) (33.9747647924 [deg], -96.7079111663 [deg], 8700.0 [ft]) (33.9755158679 [deg], -96.7075790389 [deg], 8700.0 [ft]) (33.9762811423 [deg], -96.7072221708 [deg], 8700.0 [ft]) (33.9770604743 [deg], -96.7068395909 [deg], 8700.0 [ft]) (33.9778537364 [deg], -96.7064303226 [deg], 8700.0 [ft]) (33.9786608267 [deg], -96.7059933827 [deg], 8700.0 [ft]) (33.9794816837 [deg], -96.7055277798 [deg], 8700.0 [ft]) (33.9803163035 [deg], -96.705032511 [deg], 8700.0 [ft]) (33.9811647602 [deg], -96.7045065565 [deg], 8700.0 [ft]) (33.98202723 [deg], -96.7039488726 [deg], 8700.0 [ft]) (33.9829040207 [deg], -96.7033583817 [deg], 8700.0 [ft]) (33.9837956057 [deg], -96.7027339596 [deg], 8700.0 [ft]) (33.9847026663 [deg], -96.7020744179 [deg], 8700.0 [ft]) (33.9856261424 [deg], -96.7013784825 [deg], 8700.0 [ft]) (33.9865672964 [deg], -96.7006447644 [deg], 8700.0 [ft]) (33.9875277915 [deg], -96.6998717232 [deg], 8700.0 [ft]) (33.9885097932 [deg], -96.6990576192 [deg], 8700.0 [ft]) (33.9895160991 [deg], -96.698200451 [deg], 8700.0 [ft]) (33.9905503109 [deg], -96.6972978726 [deg], 8700.0 [ft]) (33.9916170655 [deg], -96.6963470828 [deg], 8700.0 [ft]) (33.9927223526 [deg], -96.6953446743 [deg], 8700.0 [ft]) (33.9938739626 [deg], -96.6942864219 [deg], 8700.0 [ft]) (33.995082136 [deg], -96.693166981 [deg], 8700.0 [ft]) (33.9963605351 [deg], -96.6919794413 [deg], 8700.0 [ft]) (33.9977277557 [deg], -96.6907146431 [deg], 8700.0 [ft]) (33.9992097881 [deg], -96.6893600821 [deg], 8700.0 [ft]) (34.0008442554 [deg], -96.6878980537 [deg], 8700.0 [ft]) (34.0026882593 [deg], -96.6863022766 [deg], 8700.0 [ft]) (34.0048343656 [deg], -96.6845311376 [deg], 8700.0 [ft]) (34.0074478846 [deg], -96.6825122391 [deg], 8700.0 [ft]) (34.0108740497 [deg], -96.6800989074 [deg], 8700.0 [ft]) (34.0160927968 [deg], -96.6768901369 [deg], 8700.0 [ft]) (34.0604540016 [deg], -96.6613578568 [deg], 8700.0 [ft]) (34.079077259 [deg], -96.6577665745 [deg], 8700.0 [ft]) (34.0796689932 [deg], -96.6604926732 [deg], 8700.0 [ft]) (34.0802211705 [deg], -96.6632308615 [deg], 8700.0 [ft]) (34.080733622 [deg], -96.6659803016 [deg], 8700.0 [ft]) (34.081206191 [deg], -96.6687401525 [deg], 8700.0 [ft]) (34.0816387326 [deg], -96.6715095697 [deg], 8700.0 [ft]) (34.0820311147 [deg], -96.6742877058 [deg], 8700.0 [ft]) (34.0823832171 [deg], -96.6770737108 [deg], 8700.0 [ft]) (34.082694932 [deg], -96.679866732 [deg], 8700.0 [ft]) (34.0829661641 [deg], -96.6826659149 [deg], 8700.0 [ft]) (34.0831968303 [deg], -96.6854704028 [deg], 8700.0 [ft]) (34.0833868601 [deg], -96.6882793374 [deg], 8700.0 [ft]) (34.0835361953 [deg], -96.6910918591 [deg], 8700.0 [ft]) (34.0836447901 [deg], -96.6939071072 [deg], 8700.0 [ft]) (34.0837126114 [deg], -96.6967242199 [deg], 8700.0 [ft]) (34.0837396384 [deg], -96.6995423353 [deg], 8700.0 [ft]) (34.0837258628 [deg], -96.7023605907 [deg], 8700.0 [ft]) (34.0836712889 [deg], -96.7051781237 [deg], 8700.0 [ft]) (34.0835759333 [deg], -96.7079940718 [deg], 8700.0 [ft]) (34.0834398252 [deg], -96.7108075734 [deg], 8700.0 [ft]) (34.0832630063 [deg], -96.7136177673 [deg], 8700.0 [ft]) (34.0830455307 [deg], -96.7164237936 [deg], 8700.0 [ft]) (34.082787465 [deg], -96.7192247934 [deg], 8700.0 [ft]) (34.082488888 [deg], -96.7220199096 [deg], 8700.0 [ft]) (34.0821498913 [deg], -96.7248082869 [deg], 8700.0 [ft]) (34.0817705786 [deg], -96.727589072 [deg], 8700.0 [ft]) (34.0813510659 [deg], -96.7303614139 [deg], 8700.0 [ft]) (34.0808914816 [deg], -96.7331244644 [deg], 8700.0 [ft]) (34.0803919664 [deg], -96.7358773782 [deg], 8700.0 [ft]) (34.0798526731 [deg], -96.7386193128 [deg], 8700.0 [ft]) (34.0792737668 [deg], -96.7413494296 [deg], 8700.0 [ft]) (34.0786554246 [deg], -96.7440668932 [deg], 8700.0 [ft]) (34.0779978357 [deg], -96.7467708725 [deg], 8700.0 [ft]) (34.0773012014 [deg], -96.7494605404 [deg], 8700.0 [ft]) (34.0765657348 [deg], -96.7521350742 [deg], 8700.0 [ft]) (34.075791661 [deg], -96.754793656 [deg], 8700.0 [ft]) (34.0749792167 [deg], -96.7574354727 [deg], 8700.0 [ft]) (34.0741286506 [deg], -96.7600597167 [deg], 8700.0 [ft]) (34.0732402229 [deg], -96.7626655855 [deg], 8700.0 [ft]) (34.0723142055 [deg], -96.7652522825 [deg], 8700.0 [ft]) (34.0713508816 [deg], -96.7678190169 [deg], 8700.0 [ft]) (34.0703505458 [deg], -96.7703650043 [deg], 8700.0 [ft]) (34.0693135044 [deg], -96.7728894665 [deg], 8700.0 [ft]) (34.0682400744 [deg], -96.7753916321 [deg], 8700.0 [ft]) (34.0671305842 [deg], -96.7778707366 [deg], 8700.0 [ft]) (34.0659853733 [deg], -96.7803260226 [deg], 8700.0 [ft]) (34.0648047918 [deg], -96.7827567401 [deg], 8700.0 [ft]) (34.0635892009 [deg], -96.7851621467 [deg], 8700.0 [ft]) (34.0623389724 [deg], -96.7875415078 [deg], 8700.0 [ft]) (34.0610544885 [deg], -96.789894097 [deg], 8700.0 [ft]) (34.0597361422 [deg], -96.7922191959 [deg], 8700.0 [ft]) (34.0583843366 [deg], -96.794516095 [deg], 8700.0 [ft]) (34.0569994849 [deg], -96.7967840932 [deg], 8700.0 [ft]) (34.0555820108 [deg], -96.7990224985 [deg], 8700.0 [ft]) (34.0541323476 [deg], -96.801230628 [deg], 8700.0 [ft]) (34.0526509384 [deg], -96.803407808 [deg], 8700.0 [ft]) (34.0511382363 [deg], -96.8055533748 [deg], 8700.0 [ft]) (34.0495947036 [deg], -96.807666674 [deg], 8700.0 [ft]) (34.0480208122 [deg], -96.8097470615 [deg], 8700.0 [ft]) (34.0464170432 [deg], -96.8117939031 [deg], 8700.0 [ft]) (34.0447838868 [deg], -96.8138065751 [deg], 8700.0 [ft]) (34.0431218422 [deg], -96.8157844645 [deg], 8700.0 [ft]) (34.0414314172 [deg], -96.8177269688 [deg], 8700.0 [ft]) (34.0397131286 [deg], -96.8196334964 [deg], 8700.0 [ft]) (34.0379675014 [deg], -96.8215034671 [deg], 8700.0 [ft]) (34.036195069 [deg], -96.8233363116 [deg], 8700.0 [ft]) (34.0343963729 [deg], -96.8251314723 [deg], 8700.0 [ft]) (34.0325719628 [deg], -96.8268884032 [deg], 8700.0 [ft]) (34.0307223959 [deg], -96.82860657 [deg], 8700.0 [ft]) (34.0288482374 [deg], -96.8302854503 [deg], 8700.0 [ft]) (34.0269500596 [deg], -96.831924534 [deg], 8700.0 [ft]) (34.0250284424 [deg], -96.833523323 [deg], 8700.0 [ft]) (34.0230839728 [deg], -96.8350813319 [deg], 8700.0 [ft]) (34.0211172445 [deg], -96.8365980876 [deg], 8700.0 [ft]) (34.0191288582 [deg], -96.8380731298 [deg], 8700.0 [ft]) (34.0168860146 [deg], -96.8390199315 [deg], 8700.0 [ft]) (34.0141081104 [deg], -96.8387676374 [deg], 8700.0 [ft]) (34.0113859603 [deg], -96.8385042825 [deg], 8700.0 [ft]) (34.0087166173 [deg], -96.8382291871 [deg], 8700.0 [ft]) (34.006097364 [deg], -96.8379417049 [deg], 8700.0 [ft]) (34.0035256937 [deg], -96.8376412228 [deg], 8700.0 [ft]) (34.0009992946 [deg], -96.8373271592 [deg], 8700.0 [ft]) (33.9985160336 [deg], -96.836998964 [deg], 8700.0 [ft]) (33.996073943 [deg], -96.836656117 [deg], 8700.0 [ft]) (33.9936712077 [deg], -96.8362981276 [deg], 8700.0 [ft]) (33.991306153 [deg], -96.8359245335 [deg], 8700.0 [ft]) (33.9889772349 [deg], -96.8355348999 [deg], 8700.0 [ft]) (33.9866830294 [deg], -96.8351288191 [deg], 8700.0 [ft]) (33.9844222243 [deg], -96.834705909 [deg], 8700.0 [ft]) (33.9821936103 [deg], -96.8342658129 [deg], 8700.0 [ft]) (33.9799960742 [deg], -96.8338081981 [deg], 8700.0 [ft]) (33.9778285913 [deg], -96.8333327558 [deg], 8700.0 [ft]) (33.9756902195 [deg], -96.8328392 [deg], 8700.0 [ft]) (33.973580093 [deg], -96.8323272667 [deg], 8700.0 [ft]) (33.9714974173 [deg], -96.8317967134 [deg], 8700.0 [ft]) (33.9694414638 [deg], -96.8312473187 [deg], 8700.0 [ft]) (33.9674115653 [deg], -96.8306788812 [deg], 8700.0 [ft]) (33.9654071119 [deg], -96.830091219 [deg], 8700.0 [ft]) (33.9634275468 [deg], -96.8294841694 [deg], 8700.0 [ft]) (33.9614723629 [deg], -96.8288575882 [deg], 8700.0 [ft]) (33.9595410989 [deg], -96.8282113491 [deg], 8700.0 [ft]) (33.9576333366 [deg], -96.8275453432 [deg], 8700.0 [ft]) (33.955748698 [deg], -96.8268594787 [deg], 8700.0 [ft]) (33.9538868422 [deg], -96.82615368 [deg], 8700.0 [ft]) (33.9520474629 [deg], -96.825427888 [deg], 8700.0 [ft]) (33.9502302865 [deg], -96.8246820588 [deg], 8700.0 [ft]) (33.9484350694 [deg], -96.823916164 [deg], 8700.0 [ft]) (33.946661596 [deg], -96.8231301897 [deg], 8700.0 [ft]) (33.9449096772 [deg], -96.8223241368 [deg], 8700.0 [ft]) (33.9431791479 [deg], -96.8214980199 [deg], 8700.0 [ft]) (33.9414698659 [deg], -96.8206518676 [deg], 8700.0 [ft]) (33.9397817102 [deg], -96.8197857218 [deg], 8700.0 [ft]) (33.9381145794 [deg], -96.8188996372 [deg], 8700.0 [ft]) (33.9364683903 [deg], -96.8179936815 [deg], 8700.0 [ft]) (33.9348430766 [deg], -96.8170679348 [deg], 8700.0 [ft]) (33.9332385879 [deg], -96.8161224891 [deg], 8700.0 [ft]) (33.9316548884 [deg], -96.8151574484 [deg], 8700.0 [ft]) (33.9300919557 [deg], -96.8141729284 [deg], 8700.0 [ft]) (33.92854978 [deg], -96.8131690557 [deg], 8700.0 [ft]) (33.927028363 [deg], -96.8121459682 [deg], 8700.0 [ft]) (33.9255277169 [deg], -96.8111038146 [deg], 8700.0 [ft]) (33.924047864 [deg], -96.8100427539 [deg], 8700.0 [ft]) (33.9225888352 [deg], -96.8089629555 [deg], 8700.0 [ft]) (33.9211506699 [deg], -96.807864599 [deg], 8700.0 [ft]) (33.919733415 [deg], -96.8067478735 [deg], 8700.0 [ft]) (33.9183371239 [deg], -96.805612978 [deg], 8700.0 [ft]) (33.9169618565 [deg], -96.8044601205 [deg], 8700.0 [ft]) (33.9156076781 [deg], -96.8032895186 [deg], 8700.0 [ft]) (33.914274659 [deg], -96.8021013984 [deg], 8700.0 [ft]) (33.9129628739 [deg], -96.8008959951 [deg], 8700.0 [ft]) (33.9116724014 [deg], -96.7996735521 [deg], 8700.0 [ft]) (33.9104033236 [deg], -96.7984343215 [deg], 8700.0 [ft]) (33.9091557253 [deg], -96.7971785632 [deg], 8700.0 [ft]) (33.9079296942 [deg], -96.7959065452 [deg], 8700.0 [ft]) (33.9067253195 [deg], -96.7946185432 [deg], 8700.0 [ft]) (33.9055426924 [deg], -96.7933148404 [deg], 8700.0 [ft]) (33.9043819054 [deg], -96.7919957276 [deg], 8700.0 [ft]) (33.9032430516 [deg], -96.7906615025 [deg], 8700.0 [ft]) (33.9021262249 [deg], -96.7893124699 [deg], 8700.0 [ft]) (33.9010315192 [deg], -96.7879489415 [deg], 8700.0 [ft]) (33.8999590284 [deg], -96.7865712356 [deg], 8700.0 [ft]) (33.898908846 [deg], -96.7851796769 [deg], 8700.0 [ft]) (33.8978810647 [deg], -96.7837745965 [deg], 8700.0 [ft]) (33.8968757762 [deg], -96.7823563314 [deg], 8700.0 [ft]) (33.8958930709 [deg], -96.7809252249 [deg], 8700.0 [ft]) (33.8949330377 [deg], -96.7794816258 [deg], 8700.0 [ft]) (33.8939957638 [deg], -96.7780258884 [deg], 8700.0 [ft]) (33.8930813343 [deg], -96.7765583728 [deg], 8700.0 [ft]) (33.8921898322 [deg], -96.775079444 [deg], 8700.0 [ft]) (33.8913213378 [deg], -96.7735894723 [deg], 8700.0 [ft]) (33.8904759292 [deg], -96.7720888329 [deg], 8700.0 [ft]) (33.8896536812 [deg], -96.7705779056 [deg], 8700.0 [ft]) (33.8888546658 [deg], -96.769057075 [deg], 8700.0 [ft]) (33.8880789519 [deg], -96.7675267299 [deg], 8700.0 [ft]) (33.8873266048 [deg], -96.7659872637 [deg], 8700.0 [ft]) (33.8865976864 [deg], -96.7644390735 [deg], 8700.0 [ft]) (33.8858922548 [deg], -96.7628825606 [deg], 8700.0 [ft]) (33.8852103644 [deg], -96.7613181299 [deg], 8700.0 [ft]) (33.8845520656 [deg], -96.7597461901 [deg], 8700.0 [ft]) (33.8839174046 [deg], -96.7581671533 [deg], 8700.0 [ft]) (33.8833064234 [deg], -96.7565814347 [deg], 8700.0 [ft]) (33.8827191597 [deg], -96.7549894527 [deg], 8700.0 [ft]) (33.8821556464 [deg], -96.7533916288 [deg], 8700.0 [ft]) (33.8816159124 [deg], -96.7517883873 [deg], 8700.0 [ft]) (33.8810999812 [deg], -96.7501801549 [deg], 8700.0 [ft]) (33.880607872 [deg], -96.748567361 [deg], 8700.0 [ft]) (33.8801395989 [deg], -96.7469504372 [deg], 8700.0 [ft]) (33.8796951711 [deg], -96.7453298174 [deg], 8700.0 [ft]) (33.8792745925 [deg], -96.7437059373 [deg], 8700.0 [ft]) (33.8788778622 [deg], -96.7420792348 [deg], 8700.0 [ft]) (33.8785049736 [deg], -96.7404501491 [deg], 8700.0 [ft]) (33.8781559152 [deg], -96.7388191212 [deg], 8700.0 [ft]) (33.87783067 [deg], -96.7371865933 [deg], 8700.0 [ft]) (33.8775292153 [deg], -96.7355530089 [deg], 8700.0 [ft]) (33.8772515233 [deg], -96.7339188126 [deg], 8700.0 [ft]) (33.8769975604 [deg], -96.73228445 [deg], 8700.0 [ft]) (33.8767672873 [deg], -96.7306503672 [deg], 8700.0 [ft]) (33.8765606593 [deg], -96.729017011 [deg], 8700.0 [ft]) (33.8763776259 [deg], -96.7273848289 [deg], 8700.0 [ft]) (33.8762181306 [deg], -96.7257542683 [deg], 8700.0 [ft]) (33.8760821114 [deg], -96.724125777 [deg], 8700.0 [ft]) (33.8759695004 [deg], -96.7224998028 [deg], 8700.0 [ft]) (33.8758802238 [deg], -96.7208767932 [deg], 8700.0 [ft]) (33.8758142019 [deg], -96.7192571955 [deg], 8700.0 [ft]) (33.8757713492 [deg], -96.7176414565 [deg], 8700.0 [ft]) (33.8757515742 [deg], -96.7160300224 [deg], 8700.0 [ft]) (33.8757547794 [deg], -96.7144233387 [deg], 8700.0 [ft]) (33.8757808614 [deg], -96.7128218499 [deg], 8700.0 [ft]) (33.8758297108 [deg], -96.7112259995 [deg], 8700.0 [ft]) (33.8759012122 [deg], -96.7096362298 [deg], 8700.0 [ft]) (33.8759952441 [deg], -96.7080529818 [deg], 8700.0 [ft]) (33.8761116793 [deg], -96.7064766951 [deg], 8700.0 [ft]) (33.8762503844 [deg], -96.7049078074 [deg], 8700.0 [ft]) (33.8764112198 [deg], -96.7033467549 [deg], 8700.0 [ft]) (33.8765940403 [deg], -96.7017939717 [deg], 8700.0 [ft]) (33.8767986945 [deg], -96.7002498902 [deg], 8700.0 [ft]) (33.877025025 [deg], -96.6987149401 [deg], 8700.0 [ft]) (33.8772728684 [deg], -96.6971895491 [deg], 8700.0 [ft]) (33.8775420554 [deg], -96.6956741425 [deg], 8700.0 [ft]) (33.8778324108 [deg], -96.6941691429 [deg], 8700.0 [ft]) (33.8781437535 [deg], -96.6926749701 [deg], 8700.0 [ft]) (33.8784758963 [deg], -96.6911920411 [deg], 8700.0 [ft]) (33.8788286463 [deg], -96.6897207699 [deg], 8700.0 [ft]) (33.8792018046 [deg], -96.6882615676 [deg], 8700.0 [ft]) (33.8795951666 [deg], -96.6868148417 [deg], 8700.0 [ft]) (33.8800085219 [deg], -96.6853809965 [deg], 8700.0 [ft]) (33.8804416543 [deg], -96.6839604329 [deg], 8700.0 [ft]) (33.8808943416 [deg], -96.6825535479 [deg], 8700.0 [ft]) (33.8813663563 [deg], -96.6811607351 [deg], 8700.0 [ft]) (33.881857465 [deg], -96.679782384 [deg], 8700.0 [ft]) (33.8823674288 [deg], -96.6784188801 [deg], 8700.0 [ft]) (33.882896003 [deg], -96.6770706051 [deg], 8700.0 [ft]) (33.8834429375 [deg], -96.6757379361 [deg], 8700.0 [ft]) (33.8840079766 [deg], -96.6744212462 [deg], 8700.0 [ft]) (33.8845908593 [deg], -96.6731209038 [deg], 8700.0 [ft]) (33.885191319 [deg], -96.6718372729 [deg], 8700.0 [ft]) (33.8858090839 [deg], -96.670570713 [deg], 8700.0 [ft]) (33.8864438766 [deg], -96.6693215785 [deg], 8700.0 [ft]) (33.8870954147 [deg], -96.6680902193 [deg], 8700.0 [ft]) (33.8877634104 [deg], -96.6668769801 [deg], 8700.0 [ft]) (33.8884475708 [deg], -96.6656822006 [deg], 8700.0 [ft]) (33.8891475979 [deg], -96.6645062155 [deg], 8700.0 [ft]) (33.8898631886 [deg], -96.6633493541 [deg], 8700.0 [ft]) (33.8905940347 [deg], -96.6622119405 [deg], 8700.0 [ft]) (33.8913398231 [deg], -96.6610942934 [deg], 8700.0 [ft]) (33.8921002359 [deg], -96.6599967258 [deg], 8700.0 [ft]) (33.8928749502 [deg], -96.6589195455 [deg], 8700.0 [ft]) (33.8936636384 [deg], -96.6578630542 [deg], 8700.0 [ft]) (33.894465968 [deg], -96.6568275484 [deg], 8700.0 [ft]) (33.8952816021 [deg], -96.6558133184 [deg], 8700.0 [ft]) (33.8961101988 [deg], -96.6548206488 [deg], 8700.0 [ft]) (33.8969514121 [deg], -96.6538498184 [deg], 8700.0 [ft]) (33.897804891 [deg], -96.6529010998 [deg], 8700.0 [ft]) (33.8986702804 [deg], -96.6519747598 [deg], 8700.0 [ft]) (33.8995472205 [deg], -96.651071059 [deg], 8700.0 [ft]) (33.9004353475 [deg], -96.650190252 [deg], 8700.0 [ft]) (33.9013342931 [deg], -96.6493325871 [deg], 8700.0 [ft]) (33.9022436846 [deg], -96.6484983065 [deg], 8700.0 [ft]) (33.9031631454 [deg], -96.6476876461 [deg], 8700.0 [ft]) (33.9040922947 [deg], -96.6469008358 [deg], 8700.0 [ft]) (33.9050307473 [deg], -96.6461380991 [deg], 8700.0 [ft]) (33.9059781144 [deg], -96.6453996531 [deg], 8700.0 [ft]) (33.9069340028 [deg], -96.6446857088 [deg], 8700.0 [ft]) (33.9078980156 [deg], -96.6439964709 [deg], 8700.0 [ft]) (33.9088697517 [deg], -96.6433321379 [deg], 8700.0 [ft]) (33.9098488064 [deg], -96.6426929021 [deg], 8700.0 [ft]) (33.910834771 [deg], -96.6420789495 [deg], 8700.0 [ft]) (33.9118272327 [deg], -96.6414904599 [deg], 8700.0 [ft]) (33.9128257752 [deg], -96.6409276073 [deg], 8700.0 [ft]) (33.9138299782 [deg], -96.6403905593 [deg], 8700.0 [ft]) (33.9148394177 [deg], -96.6398794777 [deg], 8700.0 [ft]) (33.9158536658 [deg], -96.6393945185 [deg], 8700.0 [ft]) (33.9168722908 [deg], -96.6389358319 [deg], 8700.0 [ft]) (33.9178948571 [deg], -96.6385035623 [deg], 8700.0 [ft]) (33.9189209253 [deg], -96.6380978487 [deg], 8700.0 [ft]) (33.9199500521 [deg], -96.6377188247 [deg], 8700.0 [ft]) (33.9209817903 [deg], -96.6373666189 [deg], 8700.0 [ft]) (33.9220156886 [deg], -96.6370413546 [deg], 8700.0 [ft]) (33.9230512915 [deg], -96.6367431507 [deg], 8700.0 [ft]) (33.9240881396 [deg], -96.6364721213 [deg], 8700.0 [ft]) (33.9251257689 [deg], -96.6362283764 [deg], 8700.0 [ft]) (33.9261637113 [deg], -96.6360120223 [deg], 8700.0 [ft]) (33.9272014938 [deg], -96.6358231614 [deg], 8700.0 [ft]) (33.9282386389 [deg], -96.6356618934 [deg], 8700.0 [ft]) (33.929274664 [deg], -96.6355283149 [deg], 8700.0 [ft]) (33.9303090813 [deg], -96.6354225207 [deg], 8700.0 [ft]) (33.9313413976 [deg], -96.6353446039 [deg], 8700.0 [ft]) (33.9323711138 [deg], -96.6352946566 [deg], 8700.0 [ft]) (33.9333977246 [deg], -96.6352727709 [deg], 8700.0 [ft]) (33.9344207184 [deg], -96.6352790392 [deg], 8700.0 [ft]) (33.9354395763 [deg], -96.6353135557 [deg], 8700.0 [ft]) (33.9364537717 [deg], -96.6353764171 [deg], 8700.0 [ft]) (33.9374627701 [deg], -96.6354677239 [deg], 8700.0 [ft]) (33.9384660278 [deg], -96.6355875819 [deg], 8700.0 [ft]) (33.9394629915 [deg], -96.6357361033 [deg], 8700.0 [ft]) (33.9404530969 [deg], -96.6359134091 [deg], 8700.0 [ft]) (33.9414357684 [deg], -96.6361196304 [deg], 8700.0 [ft]) (33.942410417 [deg], -96.6363549116 [deg], 8700.0 [ft]) (33.9433764392 [deg], -96.6366194123 [deg], 8700.0 [ft]) (33.9443332157 [deg], -96.636913311 [deg], 8700.0 [ft]) (33.9452801086 [deg], -96.6372368085 [deg], 8700.0 [ft]) (33.9462164601 [deg], -96.6375901323 [deg], 8700.0 [ft]) (33.9471415892 [deg], -96.6379735416 [deg], 8700.0 [ft]) (33.9480547887 [deg], -96.6383873335 [deg], 8700.0 [ft]) (33.9489553215 [deg], -96.6388318498 [deg], 8700.0 [ft]) (33.9498424166 [deg], -96.6393074861 [deg], 8700.0 [ft]) (33.950715263 [deg], -96.6398147017 [deg], 8700.0 [ft]) (33.9515730041 [deg], -96.6403540326 [deg], 8700.0 [ft]) (33.9524147297 [deg], -96.6409261068 [deg], 8700.0 [ft]) (33.9532394664 [deg], -96.6415316638 [deg], 8700.0 [ft]) (33.954046166 [deg], -96.6421715787 [deg], 8700.0 [ft]) (33.9548336911 [deg], -96.642846893 [deg], 8700.0 [ft]) (33.955600796 [deg], -96.6435588537 [deg], 8700.0 [ft]) (33.9563461033 [deg], -96.6443089649 [deg], 8700.0 [ft]) (33.9570680726 [deg], -96.6450990554 [deg], 8700.0 [ft]) (33.9577649597 [deg], -96.6459313704 [deg], 8700.0 [ft]) (33.9584347602 [deg], -96.6468086978 [deg], 8700.0 [ft]) (33.959075133 [deg], -96.6477345455 [deg], 8700.0 [ft]) (33.9596832894 [deg], -96.6487133999 [deg], 8700.0 [ft]) (33.960255831 [deg], -96.649751113 [deg], 8700.0 [ft]) (33.9607885006 [deg], -96.6508555081 [deg], 8700.0 [ft]) (33.9612757806 [deg], -96.6520373752 [deg], 8700.0 [ft]) (33.9617102041 [deg], -96.6533122146 [deg], 8700.0 [ft]) (33.9620810692 [deg], -96.654703555 [deg], 8700.0 [ft]) (33.9623717556 [deg], -96.6562500328 [deg], 8700.0 [ft]) (33.9625530906 [deg], -96.6580232822 [deg], 8700.0 [ft]) (33.9625615664 [deg], -96.6601880858 [deg], 8700.0 [ft]) (33.9621584311 [deg], -96.663402779 [deg], 8700.0 [ft]) 
Counter-clockwise Corrective Hazard Zone wrt Aircraft intruder: 
(33.9499592005 [deg], -96.5995409637 [deg], 8700.0 [ft]) (33.951413579 [deg], -96.5995545475 [deg], 8700.0 [ft]) (33.9528675392 [deg], -96.5995987294 [deg], 8700.0 [ft]) (33.9543206384 [deg], -96.5996734976 [deg], 8700.0 [ft]) (33.9557724337 [deg], -96.5997788308 [deg], 8700.0 [ft]) (33.957222483 [deg], -96.5999146984 [deg], 8700.0 [ft]) (33.9586703444 [deg], -96.6000810607 [deg], 8700.0 [ft]) (33.9601155768 [deg], -96.6002778685 [deg], 8700.0 [ft]) (33.9615577397 [deg], -96.6005050633 [deg], 8700.0 [ft]) (33.9629963938 [deg], -96.6007625776 [deg], 8700.0 [ft]) (33.9644311006 [deg], -96.6010503343 [deg], 8700.0 [ft]) (33.9658614228 [deg], -96.6013682473 [deg], 8700.0 [ft]) (33.9672869246 [deg], -96.6017162213 [deg], 8700.0 [ft]) (33.9687071715 [deg], -96.6020941516 [deg], 8700.0 [ft]) (33.9701217306 [deg], -96.6025019245 [deg], 8700.0 [ft]) (33.9715301706 [deg], -96.6029394174 [deg], 8700.0 [ft]) (33.9729320623 [deg], -96.6034064982 [deg], 8700.0 [ft]) (33.9743269783 [deg], -96.6039030261 [deg], 8700.0 [ft]) (33.9757144934 [deg], -96.6044288511 [deg], 8700.0 [ft]) (33.9770941844 [deg], -96.6049838144 [deg], 8700.0 [ft]) (33.9784656308 [deg], -96.6055677481 [deg], 8700.0 [ft]) (33.9798284145 [deg], -96.6061804756 [deg], 8700.0 [ft]) (33.9811821197 [deg], -96.6068218114 [deg], 8700.0 [ft]) (33.9825263338 [deg], -96.6074915614 [deg], 8700.0 [ft]) (33.9838606469 [deg], -96.6081895227 [deg], 8700.0 [ft]) (33.985184652 [deg], -96.6089154836 [deg], 8700.0 [ft]) (33.9864979453 [deg], -96.6096692242 [deg], 8700.0 [ft]) (33.9878001263 [deg], -96.6104505159 [deg], 8700.0 [ft]) (33.9890907977 [deg], -96.6112591215 [deg], 8700.0 [ft]) (33.990369566 [deg], -96.6120947956 [deg], 8700.0 [ft]) (33.9916360411 [deg], -96.6129572847 [deg], 8700.0 [ft]) (33.9928898365 [deg], -96.6138463267 [deg], 8700.0 [ft]) (33.9941305699 [deg], -96.6147616517 [deg], 8700.0 [ft]) (33.9953578626 [deg], -96.6157029815 [deg], 8700.0 [ft]) (33.9965713404 [deg], -96.61667003 [deg], 8700.0 [ft]) (33.9977706328 [deg], -96.6176625034 [deg], 8700.0 [ft]) (33.9989553741 [deg], -96.6186800998 [deg], 8700.0 [ft]) (34.0001252026 [deg], -96.6197225098 [deg], 8700.0 [ft]) (34.0012797615 [deg], -96.6207894164 [deg], 8700.0 [ft]) (34.0024186985 [deg], -96.621880495 [deg], 8700.0 [ft]) (34.0035416659 [deg], -96.6229954135 [deg], 8700.0 [ft]) (34.004648321 [deg], -96.6241338327 [deg], 8700.0 [ft]) (34.0057383261 [deg], -96.625295406 [deg], 8700.0 [ft]) (34.0068113486 [deg], -96.6264797798 [deg], 8700.0 [ft]) (34.0078670609 [deg], -96.6276865935 [deg], 8700.0 [ft]) (34.0089051408 [deg], -96.6289154796 [deg], 8700.0 [ft]) (34.0099252715 [deg], -96.6301660637 [deg], 8700.0 [ft]) (34.0109271415 [deg], -96.6314379649 [deg], 8700.0 [ft]) (34.011910445 [deg], -96.6327307958 [deg], 8700.0 [ft]) (34.0128748818 [deg], -96.6340441622 [deg], 8700.0 [ft]) (34.0138201576 [deg], -96.6353776641 [deg], 8700.0 [ft]) (34.0147459837 [deg], -96.6367308949 [deg], 8700.0 [ft]) (34.0156520775 [deg], -96.6381034421 [deg], 8700.0 [ft]) (34.0165381623 [deg], -96.6394948874 [deg], 8700.0 [ft]) (34.0174039676 [deg], -96.6409048064 [deg], 8700.0 [ft]) (34.018249229 [deg], -96.6423327692 [deg], 8700.0 [ft]) (34.0190736885 [deg], -96.6437783404 [deg], 8700.0 [ft]) (34.0198770943 [deg], -96.6452410791 [deg], 8700.0 [ft]) (34.0206592011 [deg], -96.646720539 [deg], 8700.0 [ft]) (34.02141977 [deg], -96.6482162689 [deg], 8700.0 [ft]) (34.0221585688 [deg], -96.6497278124 [deg], 8700.0 [ft]) (34.0228753718 [deg], -96.6512547083 [deg], 8700.0 [ft]) (34.0235699602 [deg], -96.6527964907 [deg], 8700.0 [ft]) (34.0242421219 [deg], -96.6543526892 [deg], 8700.0 [ft]) (34.0248916515 [deg], -96.6559228288 [deg], 8700.0 [ft]) (34.0255183506 [deg], -96.6575064302 [deg], 8700.0 [ft]) (34.026122028 [deg], -96.6591030102 [deg], 8700.0 [ft]) (34.0267024991 [deg], -96.6607120812 [deg], 8700.0 [ft]) (34.0272595868 [deg], -96.6623331522 [deg], 8700.0 [ft]) (34.0277931208 [deg], -96.6639657282 [deg], 8700.0 [ft]) (34.0283029381 [deg], -96.6656093108 [deg], 8700.0 [ft]) (34.0287888832 [deg], -96.6672633981 [deg], 8700.0 [ft]) (34.0292508074 [deg], -96.6689274851 [deg], 8700.0 [ft]) (34.0296885697 [deg], -96.6706010635 [deg], 8700.0 [ft]) (34.0301020365 [deg], -96.6722836224 [deg], 8700.0 [ft]) (34.0304910813 [deg], -96.6739746479 [deg], 8700.0 [ft]) (34.0308555854 [deg], -96.6756736235 [deg], 8700.0 [ft]) (34.0311954374 [deg], -96.6773800304 [deg], 8700.0 [ft]) (34.0315105335 [deg], -96.6790933472 [deg], 8700.0 [ft]) (34.0318007774 [deg], -96.6808130508 [deg], 8700.0 [ft]) (34.0320660804 [deg], -96.6825386159 [deg], 8700.0 [ft]) (34.0323063616 [deg], -96.6842695152 [deg], 8700.0 [ft]) (34.0325215475 [deg], -96.6860052202 [deg], 8700.0 [ft]) (34.0327115723 [deg], -96.6877452005 [deg], 8700.0 [ft]) (34.0328763781 [deg], -96.6894889247 [deg], 8700.0 [ft]) (34.0330159144 [deg], -96.6912358601 [deg], 8700.0 [ft]) (34.0331301387 [deg], -96.6929854729 [deg], 8700.0 [ft]) (34.033219016 [deg], -96.6947372287 [deg], 8700.0 [ft]) (34.0332825191 [deg], -96.6964905923 [deg], 8700.0 [ft]) (34.0333206288 [deg], -96.6982450281 [deg], 8700.0 [ft]) (34.0333333333 [deg], -96.7 [deg], 8700.0 [ft]) (34.0333206288 [deg], -96.7017549719 [deg], 8700.0 [ft]) (34.0332825191 [deg], -96.7035094077 [deg], 8700.0 [ft]) (34.033219016 [deg], -96.7052627713 [deg], 8700.0 [ft]) (34.0331301387 [deg], -96.7070145271 [deg], 8700.0 [ft]) (34.0330159144 [deg], -96.7087641399 [deg], 8700.0 [ft]) (34.0328763781 [deg], -96.7105110753 [deg], 8700.0 [ft]) (34.0327115723 [deg], -96.7122547995 [deg], 8700.0 [ft]) (34.0325215475 [deg], -96.7139947798 [deg], 8700.0 [ft]) (34.0323063616 [deg], -96.7157304848 [deg], 8700.0 [ft]) (34.0320660804 [deg], -96.7174613841 [deg], 8700.0 [ft]) (34.0318007774 [deg], -96.7191869492 [deg], 8700.0 [ft]) (34.0315105335 [deg], -96.7209066528 [deg], 8700.0 [ft]) (34.0311954374 [deg], -96.7226199696 [deg], 8700.0 [ft]) (34.0308555854 [deg], -96.7243263765 [deg], 8700.0 [ft]) (34.0304910813 [deg], -96.7260253521 [deg], 8700.0 [ft]) (34.0301020365 [deg], -96.7277163776 [deg], 8700.0 [ft]) (34.0296885697 [deg], -96.7293989365 [deg], 8700.0 [ft]) (34.0292508074 [deg], -96.7310725149 [deg], 8700.0 [ft]) (34.0287888832 [deg], -96.7327366019 [deg], 8700.0 [ft]) (34.0283029381 [deg], -96.7343906892 [deg], 8700.0 [ft]) (34.0277931208 [deg], -96.7360342718 [deg], 8700.0 [ft]) (34.0272595868 [deg], -96.7376668478 [deg], 8700.0 [ft]) (34.0267024991 [deg], -96.7392879188 [deg], 8700.0 [ft]) (34.026122028 [deg], -96.7408969898 [deg], 8700.0 [ft]) (34.0255183506 [deg], -96.7424935698 [deg], 8700.0 [ft]) (34.0248916515 [deg], -96.7440771712 [deg], 8700.0 [ft]) (34.0242421219 [deg], -96.7456473108 [deg], 8700.0 [ft]) (34.0235699602 [deg], -96.7472035093 [deg], 8700.0 [ft]) (34.0228753718 [deg], -96.7487452917 [deg], 8700.0 [ft]) (34.0221585688 [deg], -96.7502721876 [deg], 8700.0 [ft]) (34.02141977 [deg], -96.7517837311 [deg], 8700.0 [ft]) (34.0206592011 [deg], -96.753279461 [deg], 8700.0 [ft]) (34.0198770943 [deg], -96.7547589209 [deg], 8700.0 [ft]) (34.0190736885 [deg], -96.7562216596 [deg], 8700.0 [ft]) (34.018249229 [deg], -96.7576672308 [deg], 8700.0 [ft]) (34.0174039676 [deg], -96.7590951936 [deg], 8700.0 [ft]) (34.0165381623 [deg], -96.7605051126 [deg], 8700.0 [ft]) (34.0156520775 [deg], -96.7618965579 [deg], 8700.0 [ft]) (34.0147459837 [deg], -96.7632691051 [deg], 8700.0 [ft]) (34.0138201576 [deg], -96.7646223359 [deg], 8700.0 [ft]) (34.0128748818 [deg], -96.7659558378 [deg], 8700.0 [ft]) (34.011910445 [deg], -96.7672692042 [deg], 8700.0 [ft]) (34.0109271415 [deg], -96.7685620351 [deg], 8700.0 [ft]) (34.0099252715 [deg], -96.7698339363 [deg], 8700.0 [ft]) (34.0089051408 [deg], -96.7710845204 [deg], 8700.0 [ft]) (34.0078670609 [deg], -96.7723134065 [deg], 8700.0 [ft]) (34.0068113486 [deg], -96.7735202202 [deg], 8700.0 [ft]) (34.0057383261 [deg], -96.774704594 [deg], 8700.0 [ft]) (34.004648321 [deg], -96.7758661673 [deg], 8700.0 [ft]) (34.0035416659 [deg], -96.7770045865 [deg], 8700.0 [ft]) (34.0024186985 [deg], -96.778119505 [deg], 8700.0 [ft]) (34.0012797615 [deg], -96.7792105836 [deg], 8700.0 [ft]) (34.0001252026 [deg], -96.7802774902 [deg], 8700.0 [ft]) (33.9989553741 [deg], -96.7813199002 [deg], 8700.0 [ft]) (33.9977706328 [deg], -96.7823374966 [deg], 8700.0 [ft]) (33.9965713404 [deg], -96.78332997 [deg], 8700.0 [ft]) (33.9953578626 [deg], -96.7842970185 [deg], 8700.0 [ft]) (33.9941305699 [deg], -96.7852383483 [deg], 8700.0 [ft]) (33.9928898365 [deg], -96.7861536733 [deg], 8700.0 [ft]) (33.9916360411 [deg], -96.7870427153 [deg], 8700.0 [ft]) (33.990369566 [deg], -96.7879052044 [deg], 8700.0 [ft]) (33.9890907977 [deg], -96.7887408785 [deg], 8700.0 [ft]) (33.9878001263 [deg], -96.7895494841 [deg], 8700.0 [ft]) (33.9864979453 [deg], -96.7903307758 [deg], 8700.0 [ft]) (33.985184652 [deg], -96.7910845164 [deg], 8700.0 [ft]) (33.9838606469 [deg], -96.7918104773 [deg], 8700.0 [ft]) (33.9825263338 [deg], -96.7925084386 [deg], 8700.0 [ft]) (33.9811821197 [deg], -96.7931781886 [deg], 8700.0 [ft]) (33.9798284145 [deg], -96.7938195244 [deg], 8700.0 [ft]) (33.9784656308 [deg], -96.7944322519 [deg], 8700.0 [ft]) (33.9770941844 [deg], -96.7950161856 [deg], 8700.0 [ft]) (33.9757144934 [deg], -96.7955711489 [deg], 8700.0 [ft]) (33.9743269783 [deg], -96.7960969739 [deg], 8700.0 [ft]) (33.9729320623 [deg], -96.7965935018 [deg], 8700.0 [ft]) (33.9715301706 [deg], -96.7970605826 [deg], 8700.0 [ft]) (33.9701217306 [deg], -96.7974980755 [deg], 8700.0 [ft]) (33.9687071715 [deg], -96.7979058484 [deg], 8700.0 [ft]) (33.9672869246 [deg], -96.7982837787 [deg], 8700.0 [ft]) (33.9658614228 [deg], -96.7986317527 [deg], 8700.0 [ft]) (33.9644311006 [deg], -96.7989496657 [deg], 8700.0 [ft]) (33.9629963938 [deg], -96.7992374224 [deg], 8700.0 [ft]) (33.9615577397 [deg], -96.7994949367 [deg], 8700.0 [ft]) (33.9601155768 [deg], -96.7997221315 [deg], 8700.0 [ft]) (33.9586703444 [deg], -96.7999189393 [deg], 8700.0 [ft]) (33.957222483 [deg], -96.8000853016 [deg], 8700.0 [ft]) (33.9557724337 [deg], -96.8002211692 [deg], 8700.0 [ft]) (33.9543206384 [deg], -96.8003265024 [deg], 8700.0 [ft]) (33.9528675392 [deg], -96.8004012706 [deg], 8700.0 [ft]) (33.951413579 [deg], -96.8004454525 [deg], 8700.0 [ft]) (33.9499592005 [deg], -96.8004590363 [deg], 8700.0 [ft]) (33.948504847 [deg], -96.8004420195 [deg], 8700.0 [ft]) (33.9470509613 [deg], -96.8003944087 [deg], 8700.0 [ft]) (33.9455979862 [deg], -96.8003162201 [deg], 8700.0 [ft]) (33.9441463644 [deg], -96.800207479 [deg], 8700.0 [ft]) (33.9426965379 [deg], -96.8000682202 [deg], 8700.0 [ft]) (33.9412489482 [deg], -96.7998984875 [deg], 8700.0 [ft]) (33.9398040362 [deg], -96.7996983342 [deg], 8700.0 [ft]) (33.9383622418 [deg], -96.7994678228 [deg], 8700.0 [ft]) (33.9369240041 [deg], -96.799207025 [deg], 8700.0 [ft]) (33.935489761 [deg], -96.7989160218 [deg], 8700.0 [ft]) (33.9340599491 [deg], -96.7985949033 [deg], 8700.0 [ft]) (33.9326350037 [deg], -96.7982437688 [deg], 8700.0 [ft]) (33.9312153587 [deg], -96.7978627267 [deg], 8700.0 [ft]) (33.9298014462 [deg], -96.7974518944 [deg], 8700.0 [ft]) (33.9283936966 [deg], -96.7970113986 [deg], 8700.0 [ft]) (33.9269925383 [deg], -96.7965413746 [deg], 8700.0 [ft]) (33.9255983979 [deg], -96.7960419671 [deg], 8700.0 [ft]) (33.9242116997 [deg], -96.7955133296 [deg], 8700.0 [ft]) (33.9228328657 [deg], -96.7949556242 [deg], 8700.0 [ft]) (33.9214623155 [deg], -96.7943690221 [deg], 8700.0 [ft]) (33.9201004662 [deg], -96.7937537033 [deg], 8700.0 [ft]) (33.9187477321 [deg], -96.7931098563 [deg], 8700.0 [ft]) (33.917404525 [deg], -96.7924376785 [deg], 8700.0 [ft]) (33.9160712535 [deg], -96.7917373756 [deg], 8700.0 [ft]) (33.9147483232 [deg], -96.791009162 [deg], 8700.0 [ft]) (33.9134361366 [deg], -96.7902532606 [deg], 8700.0 [ft]) (33.9121350929 [deg], -96.7894699026 [deg], 8700.0 [ft]) (33.910845588 [deg], -96.7886593276 [deg], 8700.0 [ft]) (33.9095680141 [deg], -96.7878217834 [deg], 8700.0 [ft]) (33.9083027597 [deg], -96.786957526 [deg], 8700.0 [ft]) (33.9070502098 [deg], -96.7860668193 [deg], 8700.0 [ft]) (33.9058107453 [deg], -96.7851499356 [deg], 8700.0 [ft]) (33.9045847432 [deg], -96.7842071547 [deg], 8700.0 [ft]) (33.9033725764 [deg], -96.7832387646 [deg], 8700.0 [ft]) (33.9021746135 [deg], -96.7822450607 [deg], 8700.0 [ft]) (33.9009912187 [deg], -96.7812263465 [deg], 8700.0 [ft]) (33.899822752 [deg], -96.7801829326 [deg], 8700.0 [ft]) (33.8986695687 [deg], -96.7791151373 [deg], 8700.0 [ft]) (33.8975320193 [deg], -96.7780232864 [deg], 8700.0 [ft]) (33.8964104499 [deg], -96.7769077127 [deg], 8700.0 [ft]) (33.8953052013 [deg], -96.7757687564 [deg], 8700.0 [ft]) (33.8942166097 [deg], -96.7746067646 [deg], 8700.0 [ft]) (33.8931450059 [deg], -96.7734220916 [deg], 8700.0 [ft]) (33.8920907157 [deg], -96.7722150981 [deg], 8700.0 [ft]) (33.8910540597 [deg], -96.7709861521 [deg], 8700.0 [ft]) (33.8900353529 [deg], -96.7697356279 [deg], 8700.0 [ft]) (33.889034905 [deg], -96.7684639064 [deg], 8700.0 [ft]) (33.8880530202 [deg], -96.7671713748 [deg], 8700.0 [ft]) (33.8870899968 [deg], -96.7658584268 [deg], 8700.0 [ft]) (33.8861461276 [deg], -96.7645254621 [deg], 8700.0 [ft]) (33.8852216995 [deg], -96.7631728864 [deg], 8700.0 [ft]) (33.8843169933 [deg], -96.7618011115 [deg], 8700.0 [ft]) (33.8834322841 [deg], -96.7604105549 [deg], 8700.0 [ft]) (33.8825678406 [deg], -96.7590016398 [deg], 8700.0 [ft]) (33.8817239257 [deg], -96.7575747948 [deg], 8700.0 [ft]) (33.8809007957 [deg], -96.756130454 [deg], 8700.0 [ft]) (33.8800987008 [deg], -96.754669057 [deg], 8700.0 [ft]) (33.8793178847 [deg], -96.7531910481 [deg], 8700.0 [ft]) (33.8785585847 [deg], -96.751696877 [deg], 8700.0 [ft]) (33.8778210315 [deg], -96.7501869981 [deg], 8700.0 [ft]) (33.8771054491 [deg], -96.7486618706 [deg], 8700.0 [ft]) (33.8764120551 [deg], -96.7471219582 [deg], 8700.0 [ft]) (33.87574106 [deg], -96.7455677291 [deg], 8700.0 [ft]) (33.8750926677 [deg], -96.7439996559 [deg], 8700.0 [ft]) (33.8744670753 [deg], -96.7424182152 [deg], 8700.0 [ft]) (33.8738644727 [deg], -96.7408238879 [deg], 8700.0 [ft]) (33.8732850431 [deg], -96.7392171585 [deg], 8700.0 [ft]) (33.8727289624 [deg], -96.7375985153 [deg], 8700.0 [ft]) (33.8721963996 [deg], -96.7359684504 [deg], 8700.0 [ft]) (33.8716875166 [deg], -96.7343274592 [deg], 8700.0 [ft]) (33.8712024678 [deg], -96.7326760402 [deg], 8700.0 [ft]) (33.8707414006 [deg], -96.7310146954 [deg], 8700.0 [ft]) (33.8703044551 [deg], -96.7293439295 [deg], 8700.0 [ft]) (33.869891764 [deg], -96.7276642502 [deg], 8700.0 [ft]) (33.8695034526 [deg], -96.7259761679 [deg], 8700.0 [ft]) (33.8691396389 [deg], -96.7242801953 [deg], 8700.0 [ft]) (33.8688004334 [deg], -96.7225768478 [deg], 8700.0 [ft]) (33.8684859392 [deg], -96.7208666427 [deg], 8700.0 [ft]) (33.8681962518 [deg], -96.7191500997 [deg], 8700.0 [ft]) (33.8679314591 [deg], -96.7174277402 [deg], 8700.0 [ft]) (33.8676916415 [deg], -96.7157000873 [deg], 8700.0 [ft]) (33.867476872 [deg], -96.7139676658 [deg], 8700.0 [ft]) (33.8672872158 [deg], -96.712231002 [deg], 8700.0 [ft]) (33.8671227304 [deg], -96.7104906233 [deg], 8700.0 [ft]) (33.8669834658 [deg], -96.7087470584 [deg], 8700.0 [ft]) (33.8668694643 [deg], -96.7070008368 [deg], 8700.0 [ft]) (33.8667807605 [deg], -96.705252489 [deg], 8700.0 [ft]) (33.8667173815 [deg], -96.7035025458 [deg], 8700.0 [ft]) (33.8666793463 [deg], -96.7017515389 [deg], 8700.0 [ft]) (33.8666666667 [deg], -96.7 [deg], 8700.0 [ft]) (33.8666793463 [deg], -96.6982484611 [deg], 8700.0 [ft]) (33.8667173815 [deg], -96.6964974542 [deg], 8700.0 [ft]) (33.8667807605 [deg], -96.694747511 [deg], 8700.0 [ft]) (33.8668694643 [deg], -96.6929991632 [deg], 8700.0 [ft]) (33.8669834658 [deg], -96.6912529416 [deg], 8700.0 [ft]) (33.8671227304 [deg], -96.6895093767 [deg], 8700.0 [ft]) (33.8672872158 [deg], -96.687768998 [deg], 8700.0 [ft]) (33.867476872 [deg], -96.6860323342 [deg], 8700.0 [ft]) (33.8676916415 [deg], -96.6842999127 [deg], 8700.0 [ft]) (33.8679314591 [deg], -96.6825722598 [deg], 8700.0 [ft]) (33.8681962518 [deg], -96.6808499003 [deg], 8700.0 [ft]) (33.8684859392 [deg], -96.6791333573 [deg], 8700.0 [ft]) (33.8688004334 [deg], -96.6774231522 [deg], 8700.0 [ft]) (33.8691396389 [deg], -96.6757198047 [deg], 8700.0 [ft]) (33.8695034526 [deg], -96.6740238321 [deg], 8700.0 [ft]) (33.869891764 [deg], -96.6723357498 [deg], 8700.0 [ft]) (33.8703044551 [deg], -96.6706560705 [deg], 8700.0 [ft]) (33.8707414006 [deg], -96.6689853046 [deg], 8700.0 [ft]) (33.8712024678 [deg], -96.6673239598 [deg], 8700.0 [ft]) (33.8716875166 [deg], -96.6656725408 [deg], 8700.0 [ft]) (33.8721963996 [deg], -96.6640315496 [deg], 8700.0 [ft]) (33.8727289624 [deg], -96.6624014847 [deg], 8700.0 [ft]) (33.8732850431 [deg], -96.6607828415 [deg], 8700.0 [ft]) (33.8738644727 [deg], -96.6591761121 [deg], 8700.0 [ft]) (33.8744670753 [deg], -96.6575817848 [deg], 8700.0 [ft]) (33.8750926677 [deg], -96.6560003441 [deg], 8700.0 [ft]) (33.87574106 [deg], -96.6544322709 [deg], 8700.0 [ft]) (33.8764120551 [deg], -96.6528780418 [deg], 8700.0 [ft]) (33.8771054491 [deg], -96.6513381294 [deg], 8700.0 [ft]) (33.8778210315 [deg], -96.6498130019 [deg], 8700.0 [ft]) (33.8785585847 [deg], -96.648303123 [deg], 8700.0 [ft]) (33.8793178847 [deg], -96.6468089519 [deg], 8700.0 [ft]) (33.8800987008 [deg], -96.645330943 [deg], 8700.0 [ft]) (33.8809007957 [deg], -96.643869546 [deg], 8700.0 [ft]) (33.8817239257 [deg], -96.6424252052 [deg], 8700.0 [ft]) (33.8825678406 [deg], -96.6409983602 [deg], 8700.0 [ft]) (33.8834322841 [deg], -96.6395894451 [deg], 8700.0 [ft]) (33.8843169933 [deg], -96.6381988885 [deg], 8700.0 [ft]) (33.8852216995 [deg], -96.6368271136 [deg], 8700.0 [ft]) (33.8861461276 [deg], -96.6354745379 [deg], 8700.0 [ft]) (33.8870899968 [deg], -96.6341415732 [deg], 8700.0 [ft]) (33.8880530202 [deg], -96.6328286252 [deg], 8700.0 [ft]) (33.889034905 [deg], -96.6315360936 [deg], 8700.0 [ft]) (33.8900353529 [deg], -96.6302643721 [deg], 8700.0 [ft]) (33.8910540597 [deg], -96.6290138479 [deg], 8700.0 [ft]) (33.8920907157 [deg], -96.6277849019 [deg], 8700.0 [ft]) (33.8931450059 [deg], -96.6265779084 [deg], 8700.0 [ft]) (33.8942166097 [deg], -96.6253932354 [deg], 8700.0 [ft]) (33.8953052013 [deg], -96.6242312436 [deg], 8700.0 [ft]) (33.8964104499 [deg], -96.6230922873 [deg], 8700.0 [ft]) (33.8975320193 [deg], -96.6219767136 [deg], 8700.0 [ft]) (33.8986695687 [deg], -96.6208848627 [deg], 8700.0 [ft]) (33.899822752 [deg], -96.6198170674 [deg], 8700.0 [ft]) (33.9009912187 [deg], -96.6187736535 [deg], 8700.0 [ft]) (33.9021746135 [deg], -96.6177549393 [deg], 8700.0 [ft]) (33.9033725764 [deg], -96.6167612354 [deg], 8700.0 [ft]) (33.9045847432 [deg], -96.6157928453 [deg], 8700.0 [ft]) (33.9058107453 [deg], -96.6148500644 [deg], 8700.0 [ft]) (33.9070502098 [deg], -96.6139331807 [deg], 8700.0 [ft]) (33.9083027597 [deg], -96.613042474 [deg], 8700.0 [ft]) (33.9095680141 [deg], -96.6121782166 [deg], 8700.0 [ft]) (33.910845588 [deg], -96.6113406724 [deg], 8700.0 [ft]) (33.9121350929 [deg], -96.6105300974 [deg], 8700.0 [ft]) (33.9134361366 [deg], -96.6097467394 [deg], 8700.0 [ft]) (33.9147483232 [deg], -96.608990838 [deg], 8700.0 [ft]) (33.9160712535 [deg], -96.6082626244 [deg], 8700.0 [ft]) (33.917404525 [deg], -96.6075623215 [deg], 8700.0 [ft]) (33.9187477321 [deg], -96.6068901437 [deg], 8700.0 [ft]) (33.9201004662 [deg], -96.6062462967 [deg], 8700.0 [ft]) (33.9214623155 [deg], -96.6056309779 [deg], 8700.0 [ft]) (33.9228328657 [deg], -96.6050443758 [deg], 8700.0 [ft]) (33.9242116997 [deg], -96.6044866704 [deg], 8700.0 [ft]) (33.9255983979 [deg], -96.6039580329 [deg], 8700.0 [ft]) (33.9269925383 [deg], -96.6034586254 [deg], 8700.0 [ft]) (33.9283936966 [deg], -96.6029886014 [deg], 8700.0 [ft]) (33.9298014462 [deg], -96.6025481056 [deg], 8700.0 [ft]) (33.9312153587 [deg], -96.6021372733 [deg], 8700.0 [ft]) (33.9326350037 [deg], -96.6017562312 [deg], 8700.0 [ft]) (33.9340599491 [deg], -96.6014050967 [deg], 8700.0 [ft]) (33.935489761 [deg], -96.6010839782 [deg], 8700.0 [ft]) (33.9369240041 [deg], -96.600792975 [deg], 8700.0 [ft]) (33.9383622418 [deg], -96.6005321772 [deg], 8700.0 [ft]) (33.9398040362 [deg], -96.6003016658 [deg], 8700.0 [ft]) (33.9412489482 [deg], -96.6001015125 [deg], 8700.0 [ft]) (33.9426965379 [deg], -96.5999317798 [deg], 8700.0 [ft]) (33.9441463644 [deg], -96.599792521 [deg], 8700.0 [ft]) (33.9455979862 [deg], -96.5996837799 [deg], 8700.0 [ft]) (33.9470509613 [deg], -96.5996055913 [deg], 8700.0 [ft]) (33.948504847 [deg], -96.5995579805 [deg], 8700.0 [ft]) 
Counter-clockwise Corrective Hazard Zone (with alerting time) wrt Aircraft intruder: 
(33.934289624 [deg], -96.6013514147 [deg], 8700.0 [ft]) (33.9357201781 [deg], -96.601035134 [deg], 8700.0 [ft]) (33.9371550933 [deg], -96.6007489836 [deg], 8700.0 [ft]) (33.9385939327 [deg], -96.6004930524 [deg], 8700.0 [ft]) (33.9400362582 [deg], -96.6002674196 [deg], 8700.0 [ft]) (33.9414816306 [deg], -96.6000721556 [deg], 8700.0 [ft]) (33.9429296099 [deg], -96.5999073214 [deg], 8700.0 [ft]) (33.944379755 [deg], -96.5997729688 [deg], 8700.0 [ft]) (33.9458316243 [deg], -96.5996691401 [deg], 8700.0 [ft]) (33.9472847757 [deg], -96.5995958686 [deg], 8700.0 [ft]) (33.9487387666 [deg], -96.5995531782 [deg], 8700.0 [ft]) (33.9501931541 [deg], -96.5995410834 [deg], 8700.0 [ft]) (33.9516474951 [deg], -96.5995595895 [deg], 8700.0 [ft]) (33.9531013467 [deg], -96.5996086924 [deg], 8700.0 [ft]) (33.954554266 [deg], -96.5996883788 [deg], 8700.0 [ft]) (33.9560058104 [deg], -96.5997986259 [deg], 8700.0 [ft]) (33.9574555376 [deg], -96.5999394016 [deg], 8700.0 [ft]) (33.9589030058 [deg], -96.6001106648 [deg], 8700.0 [ft]) (33.9603477742 [deg], -96.6003123646 [deg], 8700.0 [ft]) (33.9617894023 [deg], -96.6005444413 [deg], 8700.0 [ft]) (33.963227451 [deg], -96.6008068257 [deg], 8700.0 [ft]) (33.964661482 [deg], -96.6010994392 [deg], 8700.0 [ft]) (33.9660910582 [deg], -96.6014221944 [deg], 8700.0 [ft]) (33.967515744 [deg], -96.6017749942 [deg], 8700.0 [ft]) (33.9689351052 [deg], -96.6021577328 [deg], 8700.0 [ft]) (33.970348709 [deg], -96.6025702949 [deg], 8700.0 [ft]) (33.9717561246 [deg], -96.6030125562 [deg], 8700.0 [ft]) (33.973156923 [deg], -96.6034843835 [deg], 8700.0 [ft]) (33.9745506772 [deg], -96.6039856343 [deg], 8700.0 [ft]) (33.9759369622 [deg], -96.6045161573 [deg], 8700.0 [ft]) (33.9773153554 [deg], -96.6050757921 [deg], 8700.0 [ft]) (33.9786854365 [deg], -96.6056643696 [deg], 8700.0 [ft]) (33.9800467878 [deg], -96.6062817116 [deg], 8700.0 [ft]) (33.9813989942 [deg], -96.6069276314 [deg], 8700.0 [ft]) (33.9827416433 [deg], -96.6076019332 [deg], 8700.0 [ft]) (33.9840743256 [deg], -96.6083044129 [deg], 8700.0 [ft]) (33.9853966348 [deg], -96.6090348574 [deg], 8700.0 [ft]) (33.9867081676 [deg], -96.6097930453 [deg], 8700.0 [ft]) (33.9880085239 [deg], -96.6105787468 [deg], 8700.0 [ft]) (33.9892973072 [deg], -96.6113917232 [deg], 8700.0 [ft]) (33.9905741243 [deg], -96.6122317281 [deg], 8700.0 [ft]) (33.9918385857 [deg], -96.6130985062 [deg], 8700.0 [ft]) (33.9930903058 [deg], -96.6139917944 [deg], 8700.0 [ft]) (33.9943289026 [deg], -96.6149113213 [deg], 8700.0 [ft]) (33.9955539983 [deg], -96.6158568076 [deg], 8700.0 [ft]) (33.9967652192 [deg], -96.6168279659 [deg], 8700.0 [ft]) (33.9979621956 [deg], -96.617824501 [deg], 8700.0 [ft]) (33.9991445624 [deg], -96.6188461099 [deg], 8700.0 [ft]) (34.0003119587 [deg], -96.6198924819 [deg], 8700.0 [ft]) (34.0014640284 [deg], -96.6209632988 [deg], 8700.0 [ft]) (34.0026004199 [deg], -96.6220582347 [deg], 8700.0 [ft]) (34.0037207864 [deg], -96.6231769565 [deg], 8700.0 [ft]) (34.0048247859 [deg], -96.6243191237 [deg], 8700.0 [ft]) (34.0059120816 [deg], -96.6254843886 [deg], 8700.0 [ft]) (34.0069823417 [deg], -96.6266723965 [deg], 8700.0 [ft]) (34.0080352393 [deg], -96.6278827857 [deg], 8700.0 [ft]) (34.0090704533 [deg], -96.6291151874 [deg], 8700.0 [ft]) (34.0100876675 [deg], -96.6303692264 [deg], 8700.0 [ft]) (34.0110865714 [deg], -96.6316445205 [deg], 8700.0 [ft]) (34.0120668603 [deg], -96.6329406814 [deg], 8700.0 [ft]) (34.0130282347 [deg], -96.6342573139 [deg], 8700.0 [ft]) (34.0139704012 [deg], -96.6355940168 [deg], 8700.0 [ft]) (34.0148930722 [deg], -96.6369503827 [deg], 8700.0 [ft]) (34.0157959659 [deg], -96.6383259982 [deg], 8700.0 [ft]) (34.0166788068 [deg], -96.6397204439 [deg], 8700.0 [ft]) (34.0175413252 [deg], -96.6411332945 [deg], 8700.0 [ft]) (34.0183832578 [deg], -96.6425641192 [deg], 8700.0 [ft]) (34.0192043475 [deg], -96.6440124818 [deg], 8700.0 [ft]) (34.0200043437 [deg], -96.6454779404 [deg], 8700.0 [ft]) (34.0207830019 [deg], -96.646960048 [deg], 8700.0 [ft]) (34.0215400845 [deg], -96.6484583525 [deg], 8700.0 [ft]) (34.0222753602 [deg], -96.6499723967 [deg], 8700.0 [ft]) (34.0229886045 [deg], -96.6515017188 [deg], 8700.0 [ft]) (34.0236795996 [deg], -96.653045852 [deg], 8700.0 [ft]) (34.0243481345 [deg], -96.6546043251 [deg], 8700.0 [ft]) (34.0249940049 [deg], -96.6561766626 [deg], 8700.0 [ft]) (34.0256170136 [deg], -96.6577623844 [deg], 8700.0 [ft]) (34.0262169704 [deg], -96.6593610066 [deg], 8700.0 [ft]) (34.026793692 [deg], -96.6609720412 [deg], 8700.0 [ft]) (34.0273470022 [deg], -96.6625949963 [deg], 8700.0 [ft]) (34.0278767321 [deg], -96.6642293765 [deg], 8700.0 [ft]) (34.0283827198 [deg], -96.6658746827 [deg], 8700.0 [ft]) (34.0288648108 [deg], -96.6675304127 [deg], 8700.0 [ft]) (34.0293228578 [deg], -96.6691960608 [deg], 8700.0 [ft]) (34.0297567209 [deg], -96.6708711184 [deg], 8700.0 [ft]) (34.0301662676 [deg], -96.6725550739 [deg], 8700.0 [ft]) (34.0305513728 [deg], -96.6742474131 [deg], 8700.0 [ft]) (34.0309119188 [deg], -96.6759476192 [deg], 8700.0 [ft]) (34.0312477955 [deg], -96.6776551727 [deg], 8700.0 [ft]) (34.0315589003 [deg], -96.6793695523 [deg], 8700.0 [ft]) (34.0318451381 [deg], -96.6810902343 [deg], 8700.0 [ft]) (34.0321064215 [deg], -96.682816693 [deg], 8700.0 [ft]) (34.0323426708 [deg], -96.684548401 [deg], 8700.0 [ft]) (34.0325538136 [deg], -96.6862848295 [deg], 8700.0 [ft]) (34.0327397856 [deg], -96.688025448 [deg], 8700.0 [ft]) (34.0329005298 [deg], -96.6897697247 [deg], 8700.0 [ft]) (34.0330359972 [deg], -96.6915171268 [deg], 8700.0 [ft]) (34.0331461465 [deg], -96.6932671204 [deg], 8700.0 [ft]) (34.0332309438 [deg], -96.695019171 [deg], 8700.0 [ft]) (34.0332903635 [deg], -96.6967727432 [deg], 8700.0 [ft]) (34.0333243872 [deg], -96.6985273014 [deg], 8700.0 [ft]) (34.0333330046 [deg], -96.7002823095 [deg], 8700.0 [ft]) (34.0333162131 [deg], -96.7020372314 [deg], 8700.0 [ft]) (34.0332740178 [deg], -96.7037915308 [deg], 8700.0 [ft]) (34.0332064315 [deg], -96.705544672 [deg], 8700.0 [ft]) (34.033113475 [deg], -96.7072961192 [deg], 8700.0 [ft]) (34.0329951766 [deg], -96.7090453374 [deg], 8700.0 [ft]) (34.0328515725 [deg], -96.7107917922 [deg], 8700.0 [ft]) (34.0326827065 [deg], -96.7125349501 [deg], 8700.0 [ft]) (34.0324886303 [deg], -96.7142742786 [deg], 8700.0 [ft]) (34.0322694031 [deg], -96.7160092463 [deg], 8700.0 [ft]) (34.0320250919 [deg], -96.7177393232 [deg], 8700.0 [ft]) (34.0317557713 [deg], -96.7194639809 [deg], 8700.0 [ft]) (34.0314615236 [deg], -96.7211826926 [deg], 8700.0 [ft]) (34.0311424388 [deg], -96.7228949332 [deg], 8700.0 [ft]) (34.0307986142 [deg], -96.7246001798 [deg], 8700.0 [ft]) (34.0304301549 [deg], -96.7262979116 [deg], 8700.0 [ft]) (34.0300371734 [deg], -96.72798761 [deg], 8700.0 [ft]) (34.0296197899 [deg], -96.7296687589 [deg], 8700.0 [ft]) (34.0291781318 [deg], -96.731340845 [deg], 8700.0 [ft]) (34.028712334 [deg], -96.7330033577 [deg], 8700.0 [ft]) (34.0282225388 [deg], -96.7346557893 [deg], 8700.0 [ft]) (34.0277088958 [deg], -96.7362976352 [deg], 8700.0 [ft]) (34.0271715619 [deg], -96.7379283941 [deg], 8700.0 [ft]) (34.0266107012 [deg], -96.7395475682 [deg], 8700.0 [ft]) (34.0260264851 [deg], -96.741154663 [deg], 8700.0 [ft]) (34.025419092 [deg], -96.7427491881 [deg], 8700.0 [ft]) (34.0247887073 [deg], -96.7443306567 [deg], 8700.0 [ft]) (34.0241355237 [deg], -96.745898586 [deg], 8700.0 [ft]) (34.0234597405 [deg], -96.7474524975 [deg], 8700.0 [ft]) (34.0227615643 [deg], -96.748991917 [deg], 8700.0 [ft]) (34.0220412082 [deg], -96.7505163748 [deg], 8700.0 [ft]) (34.0212988922 [deg], -96.7520254056 [deg], 8700.0 [ft]) (34.0205348429 [deg], -96.753518549 [deg], 8700.0 [ft]) (34.0197492939 [deg], -96.7549953496 [deg], 8700.0 [ft]) (34.0189424848 [deg], -96.7564553567 [deg], 8700.0 [ft]) (34.018114662 [deg], -96.7578981251 [deg], 8700.0 [ft]) (34.0172660784 [deg], -96.7593232148 [deg], 8700.0 [ft]) (34.016396993 [deg], -96.7607301911 [deg], 8700.0 [ft]) (34.0155076713 [deg], -96.762118625 [deg], 8700.0 [ft]) (34.0145983846 [deg], -96.7634880932 [deg], 8700.0 [ft]) (34.0136694107 [deg], -96.7648381782 [deg], 8700.0 [ft]) (34.0127210332 [deg], -96.7661684684 [deg], 8700.0 [ft]) (34.0117535415 [deg], -96.7674785585 [deg], 8700.0 [ft]) (34.0107672311 [deg], -96.7687680491 [deg], 8700.0 [ft]) (34.009762403 [deg], -96.7700365474 [deg], 8700.0 [ft]) (34.008739364 [deg], -96.7712836668 [deg], 8700.0 [ft]) (34.0076984263 [deg], -96.7725090275 [deg], 8700.0 [ft]) (34.0066399077 [deg], -96.7737122563 [deg], 8700.0 [ft]) (34.0055641312 [deg], -96.7748929867 [deg], 8700.0 [ft]) (34.0044714253 [deg], -96.7760508592 [deg], 8700.0 [ft]) (34.0033621233 [deg], -96.7771855214 [deg], 8700.0 [ft]) (34.0022365639 [deg], -96.7782966279 [deg], 8700.0 [ft]) (34.0010950905 [deg], -96.7793838405 [deg], 8700.0 [ft]) (33.9999380515 [deg], -96.7804468284 [deg], 8700.0 [ft]) (33.9987657999 [deg], -96.7814852682 [deg], 8700.0 [ft]) (33.9975786935 [deg], -96.7824988442 [deg], 8700.0 [ft]) (33.9963770945 [deg], -96.783487248 [deg], 8700.0 [ft]) (33.9951613694 [deg], -96.7844501792 [deg], 8700.0 [ft]) (33.9939318893 [deg], -96.7853873451 [deg], 8700.0 [ft]) (33.9926890292 [deg], -96.7862984609 [deg], 8700.0 [ft]) (33.9914331683 [deg], -96.7871832498 [deg], 8700.0 [ft]) (33.9901646896 [deg], -96.788041443 [deg], 8700.0 [ft]) (33.9888839802 [deg], -96.7888727799 [deg], 8700.0 [ft]) (33.9875914308 [deg], -96.7896770083 [deg], 8700.0 [ft]) (33.9862874354 [deg], -96.790453884 [deg], 8700.0 [ft]) (33.984972392 [deg], -96.7912031713 [deg], 8700.0 [ft]) (33.9836467015 [deg], -96.791924643 [deg], 8700.0 [ft]) (33.9823107682 [deg], -96.7926180804 [deg], 8700.0 [ft]) (33.9809649997 [deg], -96.7932832733 [deg], 8700.0 [ft]) (33.9796098062 [deg], -96.7939200203 [deg], 8700.0 [ft]) (33.978245601 [deg], -96.7945281285 [deg], 8700.0 [ft]) (33.9768728001 [deg], -96.7951074138 [deg], 8700.0 [ft]) (33.975491822 [deg], -96.7956577011 [deg], 8700.0 [ft]) (33.9741030879 [deg], -96.796178824 [deg], 8700.0 [ft]) (33.9727070211 [deg], -96.7966706251 [deg], 8700.0 [ft]) (33.9713040471 [deg], -96.7971329558 [deg], 8700.0 [ft]) (33.9698945938 [deg], -96.7975656768 [deg], 8700.0 [ft]) (33.9684790907 [deg], -96.7979686575 [deg], 8700.0 [ft]) (33.9670579693 [deg], -96.7983417766 [deg], 8700.0 [ft]) (33.9656316627 [deg], -96.7986849219 [deg], 8700.0 [ft]) (33.6775160654 [deg], -96.8646271189 [deg], 8700.0 [ft]) (33.6760850112 [deg], -96.8649391523 [deg], 8700.0 [ft]) (33.6746496424 [deg], -96.8652211165 [deg], 8700.0 [ft]) (33.6732103965 [deg], -96.8654729272 [deg], 8700.0 [ft]) (33.671767712 [deg], -96.8656945092 [deg], 8700.0 [ft]) (33.6703220287 [deg], -96.8658857963 [deg], 8700.0 [ft]) (33.668873787 [deg], -96.8660467319 [deg], 8700.0 [ft]) (33.6674234282 [deg], -96.8661772685 [deg], 8700.0 [ft]) (33.6659713941 [deg], -96.8662773677 [deg], 8700.0 [ft]) (33.6645181271 [deg], -96.8663470008 [deg], 8700.0 [ft]) (33.6630640701 [deg], -96.866386148 [deg], 8700.0 [ft]) (33.6616096658 [deg], -96.8663947989 [deg], 8700.0 [ft]) (33.6601553574 [deg], -96.8663729524 [deg], 8700.0 [ft]) (33.6587015879 [deg], -96.8663206168 [deg], 8700.0 [ft]) (33.6572487999 [deg], -96.8662378095 [deg], 8700.0 [ft]) (33.6557974361 [deg], -96.8661245573 [deg], 8700.0 [ft]) (33.6543479383 [deg], -96.8659808962 [deg], 8700.0 [ft]) (33.6529007481 [deg], -96.8658068715 [deg], 8700.0 [ft]) (33.6514563061 [deg], -96.8656025377 [deg], 8700.0 [ft]) (33.6500150522 [deg], -96.8653679586 [deg], 8700.0 [ft]) (33.6485774252 [deg], -96.8651032072 [deg], 8700.0 [ft]) (33.6471438628 [deg], -96.8648083654 [deg], 8700.0 [ft]) (33.6457148016 [deg], -96.8644835247 [deg], 8700.0 [ft]) (33.6442906765 [deg], -96.8641287853 [deg], 8700.0 [ft]) (33.6428719212 [deg], -96.8637442568 [deg], 8700.0 [ft]) (33.6414589674 [deg], -96.8633300577 [deg], 8700.0 [ft]) (33.6400522454 [deg], -96.8628863155 [deg], 8700.0 [ft]) (33.6386521833 [deg], -96.8624131668 [deg], 8700.0 [ft]) (33.6372592072 [deg], -96.8619107569 [deg], 8700.0 [ft]) (33.6358737411 [deg], -96.8613792403 [deg], 8700.0 [ft]) (33.6344962066 [deg], -96.86081878 [deg], 8700.0 [ft]) (33.633127023 [deg], -96.8602295481 [deg], 8700.0 [ft]) (33.6317666069 [deg], -96.8596117251 [deg], 8700.0 [ft]) (33.6304153723 [deg], -96.8589655005 [deg], 8700.0 [ft]) (33.6290737304 [deg], -96.8582910722 [deg], 8700.0 [ft]) (33.6277420893 [deg], -96.8575886467 [deg], 8700.0 [ft]) (33.6264208543 [deg], -96.856858439 [deg], 8700.0 [ft]) (33.6251104272 [deg], -96.8561006726 [deg], 8700.0 [ft]) (33.6238112068 [deg], -96.8553155793 [deg], 8700.0 [ft]) (33.6225235883 [deg], -96.8545033991 [deg], 8700.0 [ft]) (33.6212479634 [deg], -96.8536643803 [deg], 8700.0 [ft]) (33.6199847202 [deg], -96.8527987792 [deg], 8700.0 [ft]) (33.6187342427 [deg], -96.8519068604 [deg], 8700.0 [ft]) (33.6174969115 [deg], -96.8509888963 [deg], 8700.0 [ft]) (33.6162731028 [deg], -96.8500451671 [deg], 8700.0 [ft]) (33.6150631889 [deg], -96.849075961 [deg], 8700.0 [ft]) (33.6138675376 [deg], -96.8480815739 [deg], 8700.0 [ft]) (33.6126865127 [deg], -96.847062309 [deg], 8700.0 [ft]) (33.6115204731 [deg], -96.8460184775 [deg], 8700.0 [ft]) (33.6103697736 [deg], -96.8449503977 [deg], 8700.0 [ft]) (33.609234764 [deg], -96.8438583953 [deg], 8700.0 [ft]) (33.6081157894 [deg], -96.8427428033 [deg], 8700.0 [ft]) (33.60701319 [deg], -96.8416039619 [deg], 8700.0 [ft]) (33.605927301 [deg], -96.8404422181 [deg], 8700.0 [ft]) (33.6048584527 [deg], -96.8392579259 [deg], 8700.0 [ft]) (33.6038069699 [deg], -96.8380514464 [deg], 8700.0 [ft]) (33.6027731723 [deg], -96.836823147 [deg], 8700.0 [ft]) (33.6017573741 [deg], -96.8355734018 [deg], 8700.0 [ft]) (33.6007598841 [deg], -96.8343025917 [deg], 8700.0 [ft]) (33.5997810056 [deg], -96.8330111035 [deg], 8700.0 [ft]) (33.598821036 [deg], -96.8316993304 [deg], 8700.0 [ft]) (33.5978802672 [deg], -96.830367672 [deg], 8700.0 [ft]) (33.596958985 [deg], -96.8290165336 [deg], 8700.0 [ft]) (33.5960574696 [deg], -96.8276463263 [deg], 8700.0 [ft]) (33.5951759948 [deg], -96.8262574673 [deg], 8700.0 [ft]) (33.5943148285 [deg], -96.8248503793 [deg], 8700.0 [ft]) (33.5934742326 [deg], -96.8234254902 [deg], 8700.0 [ft]) (33.5926544623 [deg], -96.8219832338 [deg], 8700.0 [ft]) (33.5918557669 [deg], -96.8205240486 [deg], 8700.0 [ft]) (33.5910783889 [deg], -96.8190483787 [deg], 8700.0 [ft]) (33.5903225648 [deg], -96.8175566728 [deg], 8700.0 [ft]) (33.589588524 [deg], -96.8160493846 [deg], 8700.0 [ft]) (33.5888764896 [deg], -96.8145269726 [deg], 8700.0 [ft]) (33.5881866781 [deg], -96.8129898995 [deg], 8700.0 [ft]) (33.5875192989 [deg], -96.8114386329 [deg], 8700.0 [ft]) (33.5868745549 [deg], -96.8098736443 [deg], 8700.0 [ft]) (33.5862526419 [deg], -96.8082954095 [deg], 8700.0 [ft]) (33.5856537488 [deg], -96.8067044082 [deg], 8700.0 [ft]) (33.5850780577 [deg], -96.8051011242 [deg], 8700.0 [ft]) (33.5845257434 [deg], -96.8034860446 [deg], 8700.0 [ft]) (33.5839969737 [deg], -96.8018596604 [deg], 8700.0 [ft]) (33.5834919092 [deg], -96.8002224659 [deg], 8700.0 [ft]) (33.5830107034 [deg], -96.7985749586 [deg], 8700.0 [ft]) (33.5825535025 [deg], -96.7969176391 [deg], 8700.0 [ft]) (33.5821204452 [deg], -96.795251011 [deg], 8700.0 [ft]) (33.5817116633 [deg], -96.7935755808 [deg], 8700.0 [ft]) (33.5813272808 [deg], -96.7918918575 [deg], 8700.0 [ft]) (33.5809674145 [deg], -96.7902003526 [deg], 8700.0 [ft]) (33.5806321738 [deg], -96.78850158 [deg], 8700.0 [ft]) (33.5803216604 [deg], -96.7867960558 [deg], 8700.0 [ft]) (33.5800359686 [deg], -96.7850842982 [deg], 8700.0 [ft]) (33.5797751854 [deg], -96.7833668272 [deg], 8700.0 [ft]) (33.5795393897 [deg], -96.7816441644 [deg], 8700.0 [ft]) (33.5793286534 [deg], -96.7799168331 [deg], 8700.0 [ft]) (33.5791430404 [deg], -96.7781853581 [deg], 8700.0 [ft]) (33.578982607 [deg], -96.7764502652 [deg], 8700.0 [ft]) (33.578847402 [deg], -96.7747120815 [deg], 8700.0 [ft]) (33.5787374665 [deg], -96.7729713349 [deg], 8700.0 [ft]) (33.5786528338 [deg], -96.7712285542 [deg], 8700.0 [ft]) (33.5785935297 [deg], -96.7694842686 [deg], 8700.0 [ft]) (33.5785595722 [deg], -96.7677390081 [deg], 8700.0 [ft]) (33.5785509715 [deg], -96.7659933026 [deg], 8700.0 [ft]) (33.5785677304 [deg], -96.7642476824 [deg], 8700.0 [ft]) (33.5786098437 [deg], -96.7625026777 [deg], 8700.0 [ft]) (33.5786772985 [deg], -96.7607588185 [deg], 8700.0 [ft]) (33.5787700745 [deg], -96.7590166345 [deg], 8700.0 [ft]) (33.5788881435 [deg], -96.7572766548 [deg], 8700.0 [ft]) (33.5790314695 [deg], -96.7555394078 [deg], 8700.0 [ft]) (33.5792000091 [deg], -96.7538054214 [deg], 8700.0 [ft]) (33.5793937111 [deg], -96.7520752221 [deg], 8700.0 [ft]) (33.5796125166 [deg], -96.7503493355 [deg], 8700.0 [ft]) (33.5798563591 [deg], -96.7486282859 [deg], 8700.0 [ft]) (33.5801251647 [deg], -96.7469125961 [deg], 8700.0 [ft]) (33.5804188516 [deg], -96.7452027872 [deg], 8700.0 [ft]) (33.5807373307 [deg], -96.7434993787 [deg], 8700.0 [ft]) (33.5810805052 [deg], -96.741802888 [deg], 8700.0 [ft]) (33.5814482709 [deg], -96.7401138305 [deg], 8700.0 [ft]) (33.581840516 [deg], -96.7384327195 [deg], 8700.0 [ft]) (33.5822571214 [deg], -96.7367600656 [deg], 8700.0 [ft]) (33.5826979606 [deg], -96.735096377 [deg], 8700.0 [ft]) (33.5831628997 [deg], -96.7334421594 [deg], 8700.0 [ft]) (33.5836517973 [deg], -96.7317979153 [deg], 8700.0 [ft]) (33.5841645051 [deg], -96.7301641444 [deg], 8700.0 [ft]) (33.5847008672 [deg], -96.7285413433 [deg], 8700.0 [ft]) (33.5852607207 [deg], -96.7269300051 [deg], 8700.0 [ft]) (33.5858438955 [deg], -96.7253306195 [deg], 8700.0 [ft]) (33.5864502145 [deg], -96.7237436728 [deg], 8700.0 [ft]) (33.5870794934 [deg], -96.7221696473 [deg], 8700.0 [ft]) (33.5877315411 [deg], -96.7206090214 [deg], 8700.0 [ft]) (33.5884061594 [deg], -96.7190622697 [deg], 8700.0 [ft]) (33.5891031434 [deg], -96.7175298625 [deg], 8700.0 [ft]) (33.5898222814 [deg], -96.7160122656 [deg], 8700.0 [ft]) (33.5905633547 [deg], -96.7145099406 [deg], 8700.0 [ft]) (33.5913261383 [deg], -96.7130233444 [deg], 8700.0 [ft]) (33.5921104004 [deg], -96.711552929 [deg], 8700.0 [ft]) (33.5929159026 [deg], -96.7100991418 [deg], 8700.0 [ft]) (33.5937424002 [deg], -96.708662425 [deg], 8700.0 [ft]) (33.594589642 [deg], -96.7072432157 [deg], 8700.0 [ft]) (33.5954573705 [deg], -96.7058419456 [deg], 8700.0 [ft]) (33.5963453221 [deg], -96.7044590412 [deg], 8700.0 [ft]) (33.5972532269 [deg], -96.7030949234 [deg], 8700.0 [ft]) (33.5981808089 [deg], -96.7017500072 [deg], 8700.0 [ft]) (33.5991277863 [deg], -96.7004247022 [deg], 8700.0 [ft]) (33.6000938711 [deg], -96.6991194117 [deg], 8700.0 [ft]) (33.6010787699 [deg], -96.6978345332 [deg], 8700.0 [ft]) (33.6020821831 [deg], -96.6965704579 [deg], 8700.0 [ft]) (33.6031038058 [deg], -96.6953275709 [deg], 8700.0 [ft]) (33.6041433275 [deg], -96.6941062506 [deg], 8700.0 [ft]) (33.6052004321 [deg], -96.6929068692 [deg], 8700.0 [ft]) (33.6062747983 [deg], -96.691729792 [deg], 8700.0 [ft]) (33.6073660994 [deg], -96.6905753778 [deg], 8700.0 [ft]) (33.6084740037 [deg], -96.6894439784 [deg], 8700.0 [ft]) (33.6095981742 [deg], -96.6883359386 [deg], 8700.0 [ft]) (33.6107382693 [deg], -96.6872515964 [deg], 8700.0 [ft]) (33.6118939423 [deg], -96.6861912823 [deg], 8700.0 [ft]) (33.6130648417 [deg], -96.6851553197 [deg], 8700.0 [ft]) (33.6142506115 [deg], -96.6841440247 [deg], 8700.0 [ft]) (33.6154508911 [deg], -96.6831577058 [deg], 8700.0 [ft]) (33.6166653154 [deg], -96.6821966639 [deg], 8700.0 [ft]) (33.6178935153 [deg], -96.6812611926 [deg], 8700.0 [ft]) (33.619135117 [deg], -96.6803515773 [deg], 8700.0 [ft]) (33.620389743 [deg], -96.6794680958 [deg], 8700.0 [ft]) (33.6216570117 [deg], -96.678611018 [deg], 8700.0 [ft]) (33.6229365375 [deg], -96.6777806058 [deg], 8700.0 [ft]) (33.6242279314 [deg], -96.676977113 [deg], 8700.0 [ft]) (33.6255308003 [deg], -96.6762007852 [deg], 8700.0 [ft]) (33.6268447481 [deg], -96.6754518599 [deg], 8700.0 [ft]) (33.6281693749 [deg], -96.674730566 [deg], 8700.0 [ft]) (33.6295042777 [deg], -96.6740371244 [deg], 8700.0 [ft]) (33.6308490503 [deg], -96.6733717474 [deg], 8700.0 [ft]) (33.6322032837 [deg], -96.6727346387 [deg], 8700.0 [ft]) (33.6335665657 [deg], -96.6721259935 [deg], 8700.0 [ft]) (33.6349384814 [deg], -96.6715459983 [deg], 8700.0 [ft]) (33.6363186134 [deg], -96.6709948312 [deg], 8700.0 [ft]) (33.6377065417 [deg], -96.6704726611 [deg], 8700.0 [ft]) (33.6391018438 [deg], -96.6699796484 [deg], 8700.0 [ft]) (33.6405040951 [deg], -96.6695159446 [deg], 8700.0 [ft]) (33.6419128687 [deg], -96.6690816922 [deg], 8700.0 [ft]) (33.6433277359 [deg], -96.6686770249 [deg], 8700.0 [ft]) (33.6447482659 [deg], -96.6683020674 [deg], 8700.0 [ft]) (33.6461740264 [deg], -96.6679569352 [deg], 8700.0 [ft]) 
